16-Mar-2019 12:08:03.965 INFO [main] org.apache.catalina.startup.VersionLoggerListener.log Server version name:   Apache Tomcat/9.0.16
16-Mar-2019 12:08:03.972 INFO [main] org.apache.catalina.startup.VersionLoggerListener.log Server built:          Feb 4 2019 16:30:29 UTC
16-Mar-2019 12:08:03.972 INFO [main] org.apache.catalina.startup.VersionLoggerListener.log Server version number: 9.0.16.0
16-Mar-2019 12:08:03.972 INFO [main] org.apache.catalina.startup.VersionLoggerListener.log OS Name:               Windows 10
16-Mar-2019 12:08:03.973 INFO [main] org.apache.catalina.startup.VersionLoggerListener.log OS Version:            10.0
16-Mar-2019 12:08:03.973 INFO [main] org.apache.catalina.startup.VersionLoggerListener.log Architecture:          amd64
16-Mar-2019 12:08:03.973 INFO [main] org.apache.catalina.startup.VersionLoggerListener.log Java Home:             C:\Program Files\Java\jdk-10.0.2
16-Mar-2019 12:08:03.973 INFO [main] org.apache.catalina.startup.VersionLoggerListener.log JVM Version:           10.0.2+13
16-Mar-2019 12:08:03.974 INFO [main] org.apache.catalina.startup.VersionLoggerListener.log JVM Vendor:            "Oracle Corporation"
16-Mar-2019 12:08:03.974 INFO [main] org.apache.catalina.startup.VersionLoggerListener.log CATALINA_BASE:         C:\Users\Nijamudeen\Desktop\im2073webproj\tomcat
16-Mar-2019 12:08:03.974 INFO [main] org.apache.catalina.startup.VersionLoggerListener.log CATALINA_HOME:         C:\Users\Nijamudeen\Desktop\im2073webproj\tomcat
16-Mar-2019 12:08:03.974 INFO [main] org.apache.catalina.startup.VersionLoggerListener.log Command line argument: --add-opens=java.base/java.lang=ALL-UNNAMED
16-Mar-2019 12:08:03.975 INFO [main] org.apache.catalina.startup.VersionLoggerListener.log Command line argument: --add-opens=java.base/java.io=ALL-UNNAMED
16-Mar-2019 12:08:03.975 INFO [main] org.apache.catalina.startup.VersionLoggerListener.log Command line argument: --add-opens=java.rmi/sun.rmi.transport=ALL-UNNAMED
16-Mar-2019 12:08:03.975 INFO [main] org.apache.catalina.startup.VersionLoggerListener.log Command line argument: -Djava.util.logging.config.file=C:\Users\Nijamudeen\Desktop\im2073webproj\tomcat\conf\logging.properties
16-Mar-2019 12:08:03.976 INFO [main] org.apache.catalina.startup.VersionLoggerListener.log Command line argument: -Djava.util.logging.manager=org.apache.juli.ClassLoaderLogManager
16-Mar-2019 12:08:03.977 INFO [main] org.apache.catalina.startup.VersionLoggerListener.log Command line argument: -Djdk.tls.ephemeralDHKeySize=2048
16-Mar-2019 12:08:03.977 INFO [main] org.apache.catalina.startup.VersionLoggerListener.log Command line argument: -Djava.protocol.handler.pkgs=org.apache.catalina.webresources
16-Mar-2019 12:08:03.977 INFO [main] org.apache.catalina.startup.VersionLoggerListener.log Command line argument: -Dignore.endorsed.dirs=
16-Mar-2019 12:08:03.987 INFO [main] org.apache.catalina.startup.VersionLoggerListener.log Command line argument: -Dcatalina.base=C:\Users\Nijamudeen\Desktop\im2073webproj\tomcat
16-Mar-2019 12:08:04.006 INFO [main] org.apache.catalina.startup.VersionLoggerListener.log Command line argument: -Dcatalina.home=C:\Users\Nijamudeen\Desktop\im2073webproj\tomcat
16-Mar-2019 12:08:04.017 INFO [main] org.apache.catalina.startup.VersionLoggerListener.log Command line argument: -Djava.io.tmpdir=C:\Users\Nijamudeen\Desktop\im2073webproj\tomcat\temp
16-Mar-2019 12:08:04.041 INFO [main] org.apache.catalina.core.AprLifecycleListener.lifecycleEvent The APR based Apache Tomcat Native library which allows optimal performance in production environments was not found on the java.library.path: [C:\Program Files\Java\jdk-10.0.2\bin;C:\WINDOWS\Sun\Java\bin;C:\WINDOWS\system32;C:\WINDOWS;C:\Program Files\Java\jdk-10.0.2\bin;C:\Program Files (x86)\Common Files\Oracle\Java\javapath;C:\Program Files (x86)\Intel\iCLS Client\;C:\Program Files\Intel\iCLS Client\;C:\WINDOWS\system32;C:\WINDOWS;C:\WINDOWS\System32\Wbem;C:\WINDOWS\System32\WindowsPowerShell\v1.0\;C:\Program Files (x86)\Intel\Intel(R) Management Engine Components\DAL;C:\Program Files\Intel\Intel(R) Management Engine Components\DAL;C:\Program Files (x86)\Intel\Intel(R) Management Engine Components\IPT;C:\Program Files\Intel\Intel(R) Management Engine Components\IPT;C:\WINDOWS\System32\OpenSSH\;C:\Program Files\Git\cmd;C:\TDM-GCC-64\bin;C:\Program Files\nodejs\;C:\Program Files\dotnet\;C:\Users\Nijamudeen\AppData\Local\Microsoft\WindowsApps;C:\Users\Nijamudeen\AppData\Roaming\npm;C:\Users\Nijamudeen\.dotnet\tools;C:\Users\Nijamudeen\AppData\Local\Programs\Microsoft VS Code\bin;.]
16-Mar-2019 12:08:04.150 INFO [main] org.apache.coyote.AbstractProtocol.init Initializing ProtocolHandler ["http-nio-9999"]
16-Mar-2019 12:08:04.354 INFO [main] org.apache.coyote.AbstractProtocol.init Initializing ProtocolHandler ["ajp-nio-8009"]
16-Mar-2019 12:08:04.365 INFO [main] org.apache.catalina.startup.Catalina.load Server initialization in [1,140] milliseconds
16-Mar-2019 12:08:04.526 INFO [main] org.apache.catalina.core.StandardService.startInternal Starting service [Catalina]
16-Mar-2019 12:08:04.526 INFO [main] org.apache.catalina.core.StandardEngine.startInternal Starting Servlet engine: [Apache Tomcat/9.0.16]
16-Mar-2019 12:08:04.546 INFO [main] org.apache.catalina.startup.HostConfig.deployDirectory Deploying web application directory [C:\Users\Nijamudeen\Desktop\im2073webproj\tomcat\webapps\docs]
16-Mar-2019 12:08:05.731 INFO [main] org.apache.jasper.servlet.TldScanner.scanJars At least one JAR was scanned for TLDs yet contained no TLDs. Enable debug logging for this logger for a complete list of JARs that were scanned but no TLDs were found in them. Skipping unneeded JARs during scanning can improve startup time and JSP compilation time.
16-Mar-2019 12:08:05.914 INFO [main] org.apache.catalina.startup.HostConfig.deployDirectory Deployment of web application directory [C:\Users\Nijamudeen\Desktop\im2073webproj\tomcat\webapps\docs] has finished in [1,368] ms
16-Mar-2019 12:08:05.921 INFO [main] org.apache.catalina.startup.HostConfig.deployDirectory Deploying web application directory [C:\Users\Nijamudeen\Desktop\im2073webproj\tomcat\webapps\examples]
16-Mar-2019 12:08:07.038 INFO [main] org.apache.jasper.servlet.TldScanner.scanJars At least one JAR was scanned for TLDs yet contained no TLDs. Enable debug logging for this logger for a complete list of JARs that were scanned but no TLDs were found in them. Skipping unneeded JARs during scanning can improve startup time and JSP compilation time.
16-Mar-2019 12:08:07.112 INFO [main] org.apache.catalina.startup.HostConfig.deployDirectory Deployment of web application directory [C:\Users\Nijamudeen\Desktop\im2073webproj\tomcat\webapps\examples] has finished in [1,192] ms
16-Mar-2019 12:08:07.130 INFO [main] org.apache.catalina.startup.HostConfig.deployDirectory Deploying web application directory [C:\Users\Nijamudeen\Desktop\im2073webproj\tomcat\webapps\figshop]
16-Mar-2019 12:08:07.683 INFO [main] org.apache.jasper.servlet.TldScanner.scanJars At least one JAR was scanned for TLDs yet contained no TLDs. Enable debug logging for this logger for a complete list of JARs that were scanned but no TLDs were found in them. Skipping unneeded JARs during scanning can improve startup time and JSP compilation time.
16-Mar-2019 12:08:07.714 INFO [main] org.apache.catalina.startup.HostConfig.deployDirectory Deployment of web application directory [C:\Users\Nijamudeen\Desktop\im2073webproj\tomcat\webapps\figshop] has finished in [585] ms
16-Mar-2019 12:08:07.736 INFO [main] org.apache.catalina.startup.HostConfig.deployDirectory Deploying web application directory [C:\Users\Nijamudeen\Desktop\im2073webproj\tomcat\webapps\host-manager]
16-Mar-2019 12:08:08.337 INFO [main] org.apache.jasper.servlet.TldScanner.scanJars At least one JAR was scanned for TLDs yet contained no TLDs. Enable debug logging for this logger for a complete list of JARs that were scanned but no TLDs were found in them. Skipping unneeded JARs during scanning can improve startup time and JSP compilation time.
16-Mar-2019 12:08:08.363 INFO [main] org.apache.catalina.startup.HostConfig.deployDirectory Deployment of web application directory [C:\Users\Nijamudeen\Desktop\im2073webproj\tomcat\webapps\host-manager] has finished in [627] ms
16-Mar-2019 12:08:08.379 INFO [main] org.apache.catalina.startup.HostConfig.deployDirectory Deploying web application directory [C:\Users\Nijamudeen\Desktop\im2073webproj\tomcat\webapps\manager]
16-Mar-2019 12:08:08.827 INFO [main] org.apache.jasper.servlet.TldScanner.scanJars At least one JAR was scanned for TLDs yet contained no TLDs. Enable debug logging for this logger for a complete list of JARs that were scanned but no TLDs were found in them. Skipping unneeded JARs during scanning can improve startup time and JSP compilation time.
16-Mar-2019 12:08:08.832 INFO [main] org.apache.catalina.startup.HostConfig.deployDirectory Deployment of web application directory [C:\Users\Nijamudeen\Desktop\im2073webproj\tomcat\webapps\manager] has finished in [453] ms
16-Mar-2019 12:08:08.836 INFO [main] org.apache.catalina.startup.HostConfig.deployDirectory Deploying web application directory [C:\Users\Nijamudeen\Desktop\im2073webproj\tomcat\webapps\ROOT]
16-Mar-2019 12:08:09.272 INFO [main] org.apache.jasper.servlet.TldScanner.scanJars At least one JAR was scanned for TLDs yet contained no TLDs. Enable debug logging for this logger for a complete list of JARs that were scanned but no TLDs were found in them. Skipping unneeded JARs during scanning can improve startup time and JSP compilation time.
16-Mar-2019 12:08:09.284 INFO [main] org.apache.catalina.startup.HostConfig.deployDirectory Deployment of web application directory [C:\Users\Nijamudeen\Desktop\im2073webproj\tomcat\webapps\ROOT] has finished in [447] ms
16-Mar-2019 12:08:09.292 INFO [main] org.apache.coyote.AbstractProtocol.start Starting ProtocolHandler ["http-nio-9999"]
16-Mar-2019 12:08:09.317 INFO [main] org.apache.coyote.AbstractProtocol.start Starting ProtocolHandler ["ajp-nio-8009"]
16-Mar-2019 12:08:09.376 INFO [main] org.apache.catalina.startup.Catalina.start Server startup in [5,008] milliseconds
16-Mar-2019 13:41:33.506 INFO [Catalina-utility-2] org.apache.catalina.core.StandardContext.reload Reloading Context with name [/figshop] has started
16-Mar-2019 13:41:34.375 INFO [Catalina-utility-2] org.apache.jasper.servlet.TldScanner.scanJars At least one JAR was scanned for TLDs yet contained no TLDs. Enable debug logging for this logger for a complete list of JARs that were scanned but no TLDs were found in them. Skipping unneeded JARs during scanning can improve startup time and JSP compilation time.
16-Mar-2019 13:41:34.405 INFO [Catalina-utility-2] org.apache.catalina.core.StandardContext.reload Reloading Context with name [/figshop] is completed
16-Mar-2019 14:08:06.766 INFO [Catalina-utility-1] org.apache.catalina.core.StandardContext.reload Reloading Context with name [/figshop] has started
16-Mar-2019 14:08:07.382 INFO [Catalina-utility-1] org.apache.jasper.servlet.TldScanner.scanJars At least one JAR was scanned for TLDs yet contained no TLDs. Enable debug logging for this logger for a complete list of JARs that were scanned but no TLDs were found in them. Skipping unneeded JARs during scanning can improve startup time and JSP compilation time.
16-Mar-2019 14:08:07.386 INFO [Catalina-utility-1] org.apache.catalina.core.StandardContext.reload Reloading Context with name [/figshop] is completed
16-Mar-2019 14:12:18.563 INFO [Catalina-utility-1] org.apache.catalina.core.StandardContext.reload Reloading Context with name [/figshop] has started
16-Mar-2019 14:12:19.146 INFO [Catalina-utility-1] org.apache.jasper.servlet.TldScanner.scanJars At least one JAR was scanned for TLDs yet contained no TLDs. Enable debug logging for this logger for a complete list of JARs that were scanned but no TLDs were found in them. Skipping unneeded JARs during scanning can improve startup time and JSP compilation time.
16-Mar-2019 14:12:19.150 INFO [Catalina-utility-1] org.apache.catalina.core.StandardContext.reload Reloading Context with name [/figshop] is completed
16-Mar-2019 14:12:59.329 INFO [Catalina-utility-2] org.apache.catalina.core.StandardContext.reload Reloading Context with name [/figshop] has started
16-Mar-2019 14:12:59.856 INFO [Catalina-utility-2] org.apache.jasper.servlet.TldScanner.scanJars At least one JAR was scanned for TLDs yet contained no TLDs. Enable debug logging for this logger for a complete list of JARs that were scanned but no TLDs were found in them. Skipping unneeded JARs during scanning can improve startup time and JSP compilation time.
16-Mar-2019 14:12:59.860 INFO [Catalina-utility-2] org.apache.catalina.core.StandardContext.reload Reloading Context with name [/figshop] is completed
16-Mar-2019 14:24:35.278 INFO [Catalina-utility-1] org.apache.catalina.core.StandardContext.reload Reloading Context with name [/figshop] has started
16-Mar-2019 14:24:35.948 INFO [Catalina-utility-1] org.apache.jasper.servlet.TldScanner.scanJars At least one JAR was scanned for TLDs yet contained no TLDs. Enable debug logging for this logger for a complete list of JARs that were scanned but no TLDs were found in them. Skipping unneeded JARs during scanning can improve startup time and JSP compilation time.
16-Mar-2019 14:24:35.954 INFO [Catalina-utility-1] org.apache.catalina.core.StandardContext.reload Reloading Context with name [/figshop] is completed
16-Mar-2019 14:25:16.189 INFO [Catalina-utility-1] org.apache.catalina.core.StandardContext.reload Reloading Context with name [/figshop] has started
16-Mar-2019 14:25:16.714 INFO [Catalina-utility-1] org.apache.jasper.servlet.TldScanner.scanJars At least one JAR was scanned for TLDs yet contained no TLDs. Enable debug logging for this logger for a complete list of JARs that were scanned but no TLDs were found in them. Skipping unneeded JARs during scanning can improve startup time and JSP compilation time.
16-Mar-2019 14:25:16.716 INFO [Catalina-utility-1] org.apache.catalina.core.StandardContext.reload Reloading Context with name [/figshop] is completed
16-Mar-2019 14:25:25.585 INFO [Thread-4] org.apache.coyote.AbstractProtocol.pause Pausing ProtocolHandler ["http-nio-9999"]
16-Mar-2019 14:25:25.727 INFO [Thread-4] org.apache.coyote.AbstractProtocol.pause Pausing ProtocolHandler ["ajp-nio-8009"]
16-Mar-2019 14:25:25.791 INFO [Thread-4] org.apache.catalina.core.StandardService.stopInternal Stopping service [Catalina]
16-Mar-2019 14:25:25.839 INFO [Thread-4] org.apache.coyote.AbstractProtocol.stop Stopping ProtocolHandler ["http-nio-9999"]
16-Mar-2019 14:25:25.843 INFO [Thread-4] org.apache.coyote.AbstractProtocol.stop Stopping ProtocolHandler ["ajp-nio-8009"]
16-Mar-2019 14:25:25.850 INFO [Thread-4] org.apache.coyote.AbstractProtocol.destroy Destroying ProtocolHandler ["http-nio-9999"]
16-Mar-2019 14:25:25.852 INFO [Thread-4] org.apache.coyote.AbstractProtocol.destroy Destroying ProtocolHandler ["ajp-nio-8009"]
16-Mar-2019 14:25:34.662 SEVERE [main] org.apache.catalina.startup.Catalina.stopServer Could not contact [localhost:8005] (base port [8005] and offset [0]). Tomcat may not be running.
16-Mar-2019 14:25:39.842 INFO [main] org.apache.catalina.startup.VersionLoggerListener.log Server version name:   Apache Tomcat/9.0.16
16-Mar-2019 14:25:39.854 INFO [main] org.apache.catalina.startup.VersionLoggerListener.log Server built:          Feb 4 2019 16:30:29 UTC
16-Mar-2019 14:25:39.855 INFO [main] org.apache.catalina.startup.VersionLoggerListener.log Server version number: 9.0.16.0
16-Mar-2019 14:25:39.855 INFO [main] org.apache.catalina.startup.VersionLoggerListener.log OS Name:               Windows 10
16-Mar-2019 14:25:39.855 INFO [main] org.apache.catalina.startup.VersionLoggerListener.log OS Version:            10.0
16-Mar-2019 14:25:39.855 INFO [main] org.apache.catalina.startup.VersionLoggerListener.log Architecture:          amd64
16-Mar-2019 14:25:39.856 INFO [main] org.apache.catalina.startup.VersionLoggerListener.log Java Home:             C:\Program Files\Java\jdk-10.0.2
16-Mar-2019 14:25:39.857 INFO [main] org.apache.catalina.startup.VersionLoggerListener.log JVM Version:           10.0.2+13
16-Mar-2019 14:25:39.857 INFO [main] org.apache.catalina.startup.VersionLoggerListener.log JVM Vendor:            "Oracle Corporation"
16-Mar-2019 14:25:39.858 INFO [main] org.apache.catalina.startup.VersionLoggerListener.log CATALINA_BASE:         C:\Users\Nijamudeen\Desktop\im2073webproj\tomcat
16-Mar-2019 14:25:39.858 INFO [main] org.apache.catalina.startup.VersionLoggerListener.log CATALINA_HOME:         C:\Users\Nijamudeen\Desktop\im2073webproj\tomcat
16-Mar-2019 14:25:39.859 INFO [main] org.apache.catalina.startup.VersionLoggerListener.log Command line argument: --add-opens=java.base/java.lang=ALL-UNNAMED
16-Mar-2019 14:25:39.860 INFO [main] org.apache.catalina.startup.VersionLoggerListener.log Command line argument: --add-opens=java.base/java.io=ALL-UNNAMED
16-Mar-2019 14:25:39.860 INFO [main] org.apache.catalina.startup.VersionLoggerListener.log Command line argument: --add-opens=java.rmi/sun.rmi.transport=ALL-UNNAMED
16-Mar-2019 14:25:39.861 INFO [main] org.apache.catalina.startup.VersionLoggerListener.log Command line argument: -Djava.util.logging.config.file=C:\Users\Nijamudeen\Desktop\im2073webproj\tomcat\conf\logging.properties
16-Mar-2019 14:25:39.861 INFO [main] org.apache.catalina.startup.VersionLoggerListener.log Command line argument: -Djava.util.logging.manager=org.apache.juli.ClassLoaderLogManager
16-Mar-2019 14:25:39.863 INFO [main] org.apache.catalina.startup.VersionLoggerListener.log Command line argument: -Djdk.tls.ephemeralDHKeySize=2048
16-Mar-2019 14:25:39.866 INFO [main] org.apache.catalina.startup.VersionLoggerListener.log Command line argument: -Djava.protocol.handler.pkgs=org.apache.catalina.webresources
16-Mar-2019 14:25:39.881 INFO [main] org.apache.catalina.startup.VersionLoggerListener.log Command line argument: -Dignore.endorsed.dirs=
16-Mar-2019 14:25:39.882 INFO [main] org.apache.catalina.startup.VersionLoggerListener.log Command line argument: -Dcatalina.base=C:\Users\Nijamudeen\Desktop\im2073webproj\tomcat
16-Mar-2019 14:25:39.883 INFO [main] org.apache.catalina.startup.VersionLoggerListener.log Command line argument: -Dcatalina.home=C:\Users\Nijamudeen\Desktop\im2073webproj\tomcat
16-Mar-2019 14:25:39.884 INFO [main] org.apache.catalina.startup.VersionLoggerListener.log Command line argument: -Djava.io.tmpdir=C:\Users\Nijamudeen\Desktop\im2073webproj\tomcat\temp
16-Mar-2019 14:25:39.885 INFO [main] org.apache.catalina.core.AprLifecycleListener.lifecycleEvent The APR based Apache Tomcat Native library which allows optimal performance in production environments was not found on the java.library.path: [C:\Program Files\Java\jdk-10.0.2\bin;C:\WINDOWS\Sun\Java\bin;C:\WINDOWS\system32;C:\WINDOWS;C:\Program Files\Java\jdk-10.0.2\bin;C:\Program Files (x86)\Common Files\Oracle\Java\javapath;C:\Program Files (x86)\Intel\iCLS Client\;C:\Program Files\Intel\iCLS Client\;C:\WINDOWS\system32;C:\WINDOWS;C:\WINDOWS\System32\Wbem;C:\WINDOWS\System32\WindowsPowerShell\v1.0\;C:\Program Files (x86)\Intel\Intel(R) Management Engine Components\DAL;C:\Program Files\Intel\Intel(R) Management Engine Components\DAL;C:\Program Files (x86)\Intel\Intel(R) Management Engine Components\IPT;C:\Program Files\Intel\Intel(R) Management Engine Components\IPT;C:\WINDOWS\System32\OpenSSH\;C:\Program Files\Git\cmd;C:\TDM-GCC-64\bin;C:\Program Files\nodejs\;C:\Program Files\dotnet\;C:\Users\Nijamudeen\AppData\Local\Microsoft\WindowsApps;C:\Users\Nijamudeen\AppData\Roaming\npm;C:\Users\Nijamudeen\.dotnet\tools;C:\Users\Nijamudeen\AppData\Local\Programs\Microsoft VS Code\bin;.]
16-Mar-2019 14:25:39.945 INFO [main] org.apache.coyote.AbstractProtocol.init Initializing ProtocolHandler ["http-nio-9999"]
16-Mar-2019 14:25:40.080 INFO [main] org.apache.coyote.AbstractProtocol.init Initializing ProtocolHandler ["ajp-nio-8009"]
16-Mar-2019 14:25:40.086 INFO [main] org.apache.catalina.startup.Catalina.load Server initialization in [721] milliseconds
16-Mar-2019 14:25:40.157 INFO [main] org.apache.catalina.core.StandardService.startInternal Starting service [Catalina]
16-Mar-2019 14:25:40.157 INFO [main] org.apache.catalina.core.StandardEngine.startInternal Starting Servlet engine: [Apache Tomcat/9.0.16]
16-Mar-2019 14:25:40.174 INFO [main] org.apache.catalina.startup.HostConfig.deployDirectory Deploying web application directory [C:\Users\Nijamudeen\Desktop\im2073webproj\tomcat\webapps\docs]
16-Mar-2019 14:25:40.907 INFO [main] org.apache.jasper.servlet.TldScanner.scanJars At least one JAR was scanned for TLDs yet contained no TLDs. Enable debug logging for this logger for a complete list of JARs that were scanned but no TLDs were found in them. Skipping unneeded JARs during scanning can improve startup time and JSP compilation time.
16-Mar-2019 14:25:41.081 WARNING [main] org.apache.catalina.util.SessionIdGeneratorBase.createSecureRandom Creation of SecureRandom instance for session ID generation using [SHA1PRNG] took [121] milliseconds.
16-Mar-2019 14:25:41.119 INFO [main] org.apache.catalina.startup.HostConfig.deployDirectory Deployment of web application directory [C:\Users\Nijamudeen\Desktop\im2073webproj\tomcat\webapps\docs] has finished in [945] ms
16-Mar-2019 14:25:41.121 INFO [main] org.apache.catalina.startup.HostConfig.deployDirectory Deploying web application directory [C:\Users\Nijamudeen\Desktop\im2073webproj\tomcat\webapps\examples]
16-Mar-2019 14:25:41.803 INFO [main] org.apache.jasper.servlet.TldScanner.scanJars At least one JAR was scanned for TLDs yet contained no TLDs. Enable debug logging for this logger for a complete list of JARs that were scanned but no TLDs were found in them. Skipping unneeded JARs during scanning can improve startup time and JSP compilation time.
16-Mar-2019 14:25:41.876 INFO [main] org.apache.catalina.startup.HostConfig.deployDirectory Deployment of web application directory [C:\Users\Nijamudeen\Desktop\im2073webproj\tomcat\webapps\examples] has finished in [755] ms
16-Mar-2019 14:25:41.878 INFO [main] org.apache.catalina.startup.HostConfig.deployDirectory Deploying web application directory [C:\Users\Nijamudeen\Desktop\im2073webproj\tomcat\webapps\figshop]
16-Mar-2019 14:25:42.181 INFO [main] org.apache.jasper.servlet.TldScanner.scanJars At least one JAR was scanned for TLDs yet contained no TLDs. Enable debug logging for this logger for a complete list of JARs that were scanned but no TLDs were found in them. Skipping unneeded JARs during scanning can improve startup time and JSP compilation time.
16-Mar-2019 14:25:42.198 INFO [main] org.apache.catalina.startup.HostConfig.deployDirectory Deployment of web application directory [C:\Users\Nijamudeen\Desktop\im2073webproj\tomcat\webapps\figshop] has finished in [319] ms
16-Mar-2019 14:25:42.198 INFO [main] org.apache.catalina.startup.HostConfig.deployDirectory Deploying web application directory [C:\Users\Nijamudeen\Desktop\im2073webproj\tomcat\webapps\host-manager]
16-Mar-2019 14:25:42.504 INFO [main] org.apache.jasper.servlet.TldScanner.scanJars At least one JAR was scanned for TLDs yet contained no TLDs. Enable debug logging for this logger for a complete list of JARs that were scanned but no TLDs were found in them. Skipping unneeded JARs during scanning can improve startup time and JSP compilation time.
16-Mar-2019 14:25:42.508 INFO [main] org.apache.catalina.startup.HostConfig.deployDirectory Deployment of web application directory [C:\Users\Nijamudeen\Desktop\im2073webproj\tomcat\webapps\host-manager] has finished in [310] ms
16-Mar-2019 14:25:42.512 INFO [main] org.apache.catalina.startup.HostConfig.deployDirectory Deploying web application directory [C:\Users\Nijamudeen\Desktop\im2073webproj\tomcat\webapps\manager]
16-Mar-2019 14:25:42.768 INFO [main] org.apache.jasper.servlet.TldScanner.scanJars At least one JAR was scanned for TLDs yet contained no TLDs. Enable debug logging for this logger for a complete list of JARs that were scanned but no TLDs were found in them. Skipping unneeded JARs during scanning can improve startup time and JSP compilation time.
16-Mar-2019 14:25:42.778 INFO [main] org.apache.catalina.startup.HostConfig.deployDirectory Deployment of web application directory [C:\Users\Nijamudeen\Desktop\im2073webproj\tomcat\webapps\manager] has finished in [266] ms
16-Mar-2019 14:25:42.784 INFO [main] org.apache.catalina.startup.HostConfig.deployDirectory Deploying web application directory [C:\Users\Nijamudeen\Desktop\im2073webproj\tomcat\webapps\ROOT]
16-Mar-2019 14:25:43.035 INFO [main] org.apache.jasper.servlet.TldScanner.scanJars At least one JAR was scanned for TLDs yet contained no TLDs. Enable debug logging for this logger for a complete list of JARs that were scanned but no TLDs were found in them. Skipping unneeded JARs during scanning can improve startup time and JSP compilation time.
16-Mar-2019 14:25:43.042 INFO [main] org.apache.catalina.startup.HostConfig.deployDirectory Deployment of web application directory [C:\Users\Nijamudeen\Desktop\im2073webproj\tomcat\webapps\ROOT] has finished in [257] ms
16-Mar-2019 14:25:43.049 INFO [main] org.apache.coyote.AbstractProtocol.start Starting ProtocolHandler ["http-nio-9999"]
16-Mar-2019 14:25:43.066 INFO [main] org.apache.coyote.AbstractProtocol.start Starting ProtocolHandler ["ajp-nio-8009"]
16-Mar-2019 14:25:43.074 INFO [main] org.apache.catalina.startup.Catalina.start Server startup in [2,985] milliseconds
16-Mar-2019 14:26:53.352 INFO [Catalina-utility-2] org.apache.catalina.core.StandardContext.reload Reloading Context with name [/figshop] has started
16-Mar-2019 14:26:53.954 INFO [Catalina-utility-2] org.apache.jasper.servlet.TldScanner.scanJars At least one JAR was scanned for TLDs yet contained no TLDs. Enable debug logging for this logger for a complete list of JARs that were scanned but no TLDs were found in them. Skipping unneeded JARs during scanning can improve startup time and JSP compilation time.
16-Mar-2019 14:26:53.962 INFO [Catalina-utility-2] org.apache.catalina.core.StandardContext.reload Reloading Context with name [/figshop] is completed
16-Mar-2019 14:28:14.347 INFO [Catalina-utility-1] org.apache.catalina.core.StandardContext.reload Reloading Context with name [/figshop] has started
16-Mar-2019 14:28:15.057 INFO [Catalina-utility-1] org.apache.jasper.servlet.TldScanner.scanJars At least one JAR was scanned for TLDs yet contained no TLDs. Enable debug logging for this logger for a complete list of JARs that were scanned but no TLDs were found in them. Skipping unneeded JARs during scanning can improve startup time and JSP compilation time.
16-Mar-2019 14:28:15.101 INFO [Catalina-utility-1] org.apache.catalina.core.StandardContext.reload Reloading Context with name [/figshop] is completed
16-Mar-2019 14:29:05.331 INFO [Catalina-utility-1] org.apache.catalina.core.StandardContext.reload Reloading Context with name [/figshop] has started
16-Mar-2019 14:29:05.903 INFO [Catalina-utility-1] org.apache.jasper.servlet.TldScanner.scanJars At least one JAR was scanned for TLDs yet contained no TLDs. Enable debug logging for this logger for a complete list of JARs that were scanned but no TLDs were found in them. Skipping unneeded JARs during scanning can improve startup time and JSP compilation time.
16-Mar-2019 14:29:05.911 INFO [Catalina-utility-1] org.apache.catalina.core.StandardContext.reload Reloading Context with name [/figshop] is completed
16-Mar-2019 14:32:06.706 INFO [Catalina-utility-1] org.apache.catalina.core.StandardContext.reload Reloading Context with name [/figshop] has started
16-Mar-2019 14:32:07.225 INFO [Catalina-utility-1] org.apache.jasper.servlet.TldScanner.scanJars At least one JAR was scanned for TLDs yet contained no TLDs. Enable debug logging for this logger for a complete list of JARs that were scanned but no TLDs were found in them. Skipping unneeded JARs during scanning can improve startup time and JSP compilation time.
16-Mar-2019 14:32:07.229 INFO [Catalina-utility-1] org.apache.catalina.core.StandardContext.reload Reloading Context with name [/figshop] is completed
16-Mar-2019 14:33:27.694 INFO [Catalina-utility-2] org.apache.catalina.core.StandardContext.reload Reloading Context with name [/figshop] has started
16-Mar-2019 14:33:28.241 INFO [Catalina-utility-2] org.apache.jasper.servlet.TldScanner.scanJars At least one JAR was scanned for TLDs yet contained no TLDs. Enable debug logging for this logger for a complete list of JARs that were scanned but no TLDs were found in them. Skipping unneeded JARs during scanning can improve startup time and JSP compilation time.
16-Mar-2019 14:33:28.253 INFO [Catalina-utility-2] org.apache.catalina.core.StandardContext.reload Reloading Context with name [/figshop] is completed
16-Mar-2019 14:34:08.490 INFO [Catalina-utility-2] org.apache.catalina.core.StandardContext.reload Reloading Context with name [/figshop] has started
16-Mar-2019 14:34:08.961 INFO [Catalina-utility-2] org.apache.jasper.servlet.TldScanner.scanJars At least one JAR was scanned for TLDs yet contained no TLDs. Enable debug logging for this logger for a complete list of JARs that were scanned but no TLDs were found in them. Skipping unneeded JARs during scanning can improve startup time and JSP compilation time.
16-Mar-2019 14:34:08.978 INFO [Catalina-utility-2] org.apache.catalina.core.StandardContext.reload Reloading Context with name [/figshop] is completed
16-Mar-2019 14:34:39.106 INFO [Catalina-utility-1] org.apache.catalina.core.StandardContext.reload Reloading Context with name [/figshop] has started
16-Mar-2019 14:34:39.124 INFO [Catalina-utility-1] org.apache.catalina.core.StandardWrapper.unload Waiting for [1] instance(s) to be deallocated for Servlet [Query]
16-Mar-2019 14:34:39.761 INFO [Catalina-utility-1] org.apache.jasper.servlet.TldScanner.scanJars At least one JAR was scanned for TLDs yet contained no TLDs. Enable debug logging for this logger for a complete list of JARs that were scanned but no TLDs were found in them. Skipping unneeded JARs during scanning can improve startup time and JSP compilation time.
16-Mar-2019 14:34:39.770 INFO [Catalina-utility-1] org.apache.catalina.core.StandardContext.reload Reloading Context with name [/figshop] is completed
16-Mar-2019 14:35:40.078 INFO [Catalina-utility-2] org.apache.catalina.core.StandardContext.reload Reloading Context with name [/figshop] has started
16-Mar-2019 14:35:40.910 INFO [Catalina-utility-2] org.apache.jasper.servlet.TldScanner.scanJars At least one JAR was scanned for TLDs yet contained no TLDs. Enable debug logging for this logger for a complete list of JARs that were scanned but no TLDs were found in them. Skipping unneeded JARs during scanning can improve startup time and JSP compilation time.
16-Mar-2019 14:35:41.059 INFO [Catalina-utility-2] org.apache.catalina.core.StandardContext.reload Reloading Context with name [/figshop] is completed
16-Mar-2019 14:36:51.427 INFO [Catalina-utility-1] org.apache.catalina.core.StandardContext.reload Reloading Context with name [/figshop] has started
16-Mar-2019 14:36:51.912 INFO [Catalina-utility-1] org.apache.jasper.servlet.TldScanner.scanJars At least one JAR was scanned for TLDs yet contained no TLDs. Enable debug logging for this logger for a complete list of JARs that were scanned but no TLDs were found in them. Skipping unneeded JARs during scanning can improve startup time and JSP compilation time.
16-Mar-2019 14:36:51.919 INFO [Catalina-utility-1] org.apache.catalina.core.StandardContext.reload Reloading Context with name [/figshop] is completed
16-Mar-2019 14:37:42.109 INFO [Catalina-utility-1] org.apache.catalina.core.StandardContext.reload Reloading Context with name [/figshop] has started
16-Mar-2019 14:37:42.601 INFO [Catalina-utility-1] org.apache.jasper.servlet.TldScanner.scanJars At least one JAR was scanned for TLDs yet contained no TLDs. Enable debug logging for this logger for a complete list of JARs that were scanned but no TLDs were found in them. Skipping unneeded JARs during scanning can improve startup time and JSP compilation time.
16-Mar-2019 14:37:42.623 INFO [Catalina-utility-1] org.apache.catalina.core.StandardContext.reload Reloading Context with name [/figshop] is completed
16-Mar-2019 14:38:12.782 INFO [Catalina-utility-1] org.apache.catalina.core.StandardContext.reload Reloading Context with name [/figshop] has started
16-Mar-2019 14:38:13.321 INFO [Catalina-utility-1] org.apache.jasper.servlet.TldScanner.scanJars At least one JAR was scanned for TLDs yet contained no TLDs. Enable debug logging for this logger for a complete list of JARs that were scanned but no TLDs were found in them. Skipping unneeded JARs during scanning can improve startup time and JSP compilation time.
16-Mar-2019 14:38:13.325 INFO [Catalina-utility-1] org.apache.catalina.core.StandardContext.reload Reloading Context with name [/figshop] is completed
16-Mar-2019 14:39:03.564 INFO [Catalina-utility-1] org.apache.catalina.core.StandardContext.reload Reloading Context with name [/figshop] has started
16-Mar-2019 14:39:04.105 INFO [Catalina-utility-1] org.apache.jasper.servlet.TldScanner.scanJars At least one JAR was scanned for TLDs yet contained no TLDs. Enable debug logging for this logger for a complete list of JARs that were scanned but no TLDs were found in them. Skipping unneeded JARs during scanning can improve startup time and JSP compilation time.
16-Mar-2019 14:39:04.114 INFO [Catalina-utility-1] org.apache.catalina.core.StandardContext.reload Reloading Context with name [/figshop] is completed
16-Mar-2019 14:43:35.400 INFO [Catalina-utility-2] org.apache.catalina.core.StandardContext.reload Reloading Context with name [/figshop] has started
16-Mar-2019 14:43:35.908 INFO [Catalina-utility-2] org.apache.jasper.servlet.TldScanner.scanJars At least one JAR was scanned for TLDs yet contained no TLDs. Enable debug logging for this logger for a complete list of JARs that were scanned but no TLDs were found in them. Skipping unneeded JARs during scanning can improve startup time and JSP compilation time.
16-Mar-2019 14:43:35.913 INFO [Catalina-utility-2] org.apache.catalina.core.StandardContext.reload Reloading Context with name [/figshop] is completed
16-Mar-2019 14:44:16.120 INFO [Catalina-utility-2] org.apache.catalina.core.StandardContext.reload Reloading Context with name [/figshop] has started
16-Mar-2019 14:44:16.621 INFO [Catalina-utility-2] org.apache.jasper.servlet.TldScanner.scanJars At least one JAR was scanned for TLDs yet contained no TLDs. Enable debug logging for this logger for a complete list of JARs that were scanned but no TLDs were found in them. Skipping unneeded JARs during scanning can improve startup time and JSP compilation time.
16-Mar-2019 14:44:16.646 INFO [Catalina-utility-2] org.apache.catalina.core.StandardContext.reload Reloading Context with name [/figshop] is completed
