16-Apr-2019 12:33:31.740 INFO [main] org.apache.catalina.startup.VersionLoggerListener.log Server version name:   Apache Tomcat/9.0.16
16-Apr-2019 12:33:31.749 INFO [main] org.apache.catalina.startup.VersionLoggerListener.log Server built:          Feb 4 2019 16:30:29 UTC
16-Apr-2019 12:33:31.749 INFO [main] org.apache.catalina.startup.VersionLoggerListener.log Server version number: 9.0.16.0
16-Apr-2019 12:33:31.750 INFO [main] org.apache.catalina.startup.VersionLoggerListener.log OS Name:               Windows 10
16-Apr-2019 12:33:31.750 INFO [main] org.apache.catalina.startup.VersionLoggerListener.log OS Version:            10.0
16-Apr-2019 12:33:31.750 INFO [main] org.apache.catalina.startup.VersionLoggerListener.log Architecture:          amd64
16-Apr-2019 12:33:31.750 INFO [main] org.apache.catalina.startup.VersionLoggerListener.log Java Home:             C:\Program Files\Java\jdk-10.0.2
16-Apr-2019 12:33:31.750 INFO [main] org.apache.catalina.startup.VersionLoggerListener.log JVM Version:           10.0.2+13
16-Apr-2019 12:33:31.750 INFO [main] org.apache.catalina.startup.VersionLoggerListener.log JVM Vendor:            "Oracle Corporation"
16-Apr-2019 12:33:31.750 INFO [main] org.apache.catalina.startup.VersionLoggerListener.log CATALINA_BASE:         C:\Users\Nijamudeen\Desktop\im2073webproj\tomcat
16-Apr-2019 12:33:31.755 INFO [main] org.apache.catalina.startup.VersionLoggerListener.log CATALINA_HOME:         C:\Users\Nijamudeen\Desktop\im2073webproj\tomcat
16-Apr-2019 12:33:31.756 INFO [main] org.apache.catalina.startup.VersionLoggerListener.log Command line argument: --add-opens=java.base/java.lang=ALL-UNNAMED
16-Apr-2019 12:33:31.757 INFO [main] org.apache.catalina.startup.VersionLoggerListener.log Command line argument: --add-opens=java.base/java.io=ALL-UNNAMED
16-Apr-2019 12:33:31.757 INFO [main] org.apache.catalina.startup.VersionLoggerListener.log Command line argument: --add-opens=java.rmi/sun.rmi.transport=ALL-UNNAMED
16-Apr-2019 12:33:31.757 INFO [main] org.apache.catalina.startup.VersionLoggerListener.log Command line argument: -Djava.util.logging.config.file=C:\Users\Nijamudeen\Desktop\im2073webproj\tomcat\conf\logging.properties
16-Apr-2019 12:33:31.759 INFO [main] org.apache.catalina.startup.VersionLoggerListener.log Command line argument: -Djava.util.logging.manager=org.apache.juli.ClassLoaderLogManager
16-Apr-2019 12:33:31.759 INFO [main] org.apache.catalina.startup.VersionLoggerListener.log Command line argument: -Djdk.tls.ephemeralDHKeySize=2048
16-Apr-2019 12:33:31.760 INFO [main] org.apache.catalina.startup.VersionLoggerListener.log Command line argument: -Djava.protocol.handler.pkgs=org.apache.catalina.webresources
16-Apr-2019 12:33:31.762 INFO [main] org.apache.catalina.startup.VersionLoggerListener.log Command line argument: -Dignore.endorsed.dirs=
16-Apr-2019 12:33:31.763 INFO [main] org.apache.catalina.startup.VersionLoggerListener.log Command line argument: -Dcatalina.base=C:\Users\Nijamudeen\Desktop\im2073webproj\tomcat
16-Apr-2019 12:33:31.764 INFO [main] org.apache.catalina.startup.VersionLoggerListener.log Command line argument: -Dcatalina.home=C:\Users\Nijamudeen\Desktop\im2073webproj\tomcat
16-Apr-2019 12:33:31.765 INFO [main] org.apache.catalina.startup.VersionLoggerListener.log Command line argument: -Djava.io.tmpdir=C:\Users\Nijamudeen\Desktop\im2073webproj\tomcat\temp
16-Apr-2019 12:33:31.766 INFO [main] org.apache.catalina.core.AprLifecycleListener.lifecycleEvent The APR based Apache Tomcat Native library which allows optimal performance in production environments was not found on the java.library.path: [C:\Program Files\Java\jdk-10.0.2\bin;C:\WINDOWS\Sun\Java\bin;C:\WINDOWS\system32;C:\WINDOWS;C:\Program Files\Java\jdk-10.0.2\bin;C:\Program Files (x86)\Common Files\Oracle\Java\javapath;C:\Program Files (x86)\Intel\iCLS Client\;C:\Program Files\Intel\iCLS Client\;C:\WINDOWS\system32;C:\WINDOWS;C:\WINDOWS\System32\Wbem;C:\WINDOWS\System32\WindowsPowerShell\v1.0\;C:\Program Files (x86)\Intel\Intel(R) Management Engine Components\DAL;C:\Program Files\Intel\Intel(R) Management Engine Components\DAL;C:\Program Files (x86)\Intel\Intel(R) Management Engine Components\IPT;C:\Program Files\Intel\Intel(R) Management Engine Components\IPT;C:\WINDOWS\System32\OpenSSH\;C:\Program Files\Git\cmd;C:\TDM-GCC-64\bin;C:\Program Files\nodejs\;C:\Program Files\dotnet\;C:\Users\Nijamudeen\AppData\Local\Microsoft\WindowsApps;C:\Users\Nijamudeen\AppData\Roaming\npm;C:\Users\Nijamudeen\.dotnet\tools;C:\Users\Nijamudeen\AppData\Local\Programs\Microsoft VS Code\bin;.]
16-Apr-2019 12:33:31.906 INFO [main] org.apache.coyote.AbstractProtocol.init Initializing ProtocolHandler ["http-nio-9999"]
16-Apr-2019 12:33:32.176 INFO [main] org.apache.coyote.AbstractProtocol.init Initializing ProtocolHandler ["ajp-nio-8009"]
16-Apr-2019 12:33:32.191 INFO [main] org.apache.catalina.startup.Catalina.load Server initialization in [1,503] milliseconds
16-Apr-2019 12:33:32.462 INFO [main] org.apache.catalina.core.StandardService.startInternal Starting service [Catalina]
16-Apr-2019 12:33:32.475 INFO [main] org.apache.catalina.core.StandardEngine.startInternal Starting Servlet engine: [Apache Tomcat/9.0.16]
16-Apr-2019 12:33:32.500 INFO [main] org.apache.catalina.startup.HostConfig.deployDirectory Deploying web application directory [C:\Users\Nijamudeen\Desktop\im2073webproj\tomcat\webapps\clicker]
16-Apr-2019 12:33:34.429 INFO [main] org.apache.jasper.servlet.TldScanner.scanJars At least one JAR was scanned for TLDs yet contained no TLDs. Enable debug logging for this logger for a complete list of JARs that were scanned but no TLDs were found in them. Skipping unneeded JARs during scanning can improve startup time and JSP compilation time.
16-Apr-2019 12:33:34.644 WARNING [main] org.apache.catalina.util.SessionIdGeneratorBase.createSecureRandom Creation of SecureRandom instance for session ID generation using [SHA1PRNG] took [122] milliseconds.
16-Apr-2019 12:33:34.698 INFO [main] org.apache.catalina.startup.HostConfig.deployDirectory Deployment of web application directory [C:\Users\Nijamudeen\Desktop\im2073webproj\tomcat\webapps\clicker] has finished in [2,198] ms
16-Apr-2019 12:33:34.729 INFO [main] org.apache.catalina.startup.HostConfig.deployDirectory Deploying web application directory [C:\Users\Nijamudeen\Desktop\im2073webproj\tomcat\webapps\docs]
16-Apr-2019 12:33:35.491 INFO [main] org.apache.jasper.servlet.TldScanner.scanJars At least one JAR was scanned for TLDs yet contained no TLDs. Enable debug logging for this logger for a complete list of JARs that were scanned but no TLDs were found in them. Skipping unneeded JARs during scanning can improve startup time and JSP compilation time.
16-Apr-2019 12:33:35.514 INFO [main] org.apache.catalina.startup.HostConfig.deployDirectory Deployment of web application directory [C:\Users\Nijamudeen\Desktop\im2073webproj\tomcat\webapps\docs] has finished in [785] ms
16-Apr-2019 12:33:35.550 INFO [main] org.apache.catalina.startup.HostConfig.deployDirectory Deploying web application directory [C:\Users\Nijamudeen\Desktop\im2073webproj\tomcat\webapps\examples]
16-Apr-2019 12:33:38.182 INFO [main] org.apache.jasper.servlet.TldScanner.scanJars At least one JAR was scanned for TLDs yet contained no TLDs. Enable debug logging for this logger for a complete list of JARs that were scanned but no TLDs were found in them. Skipping unneeded JARs during scanning can improve startup time and JSP compilation time.
16-Apr-2019 12:33:38.326 INFO [main] org.apache.catalina.startup.HostConfig.deployDirectory Deployment of web application directory [C:\Users\Nijamudeen\Desktop\im2073webproj\tomcat\webapps\examples] has finished in [2,776] ms
16-Apr-2019 12:33:38.332 INFO [main] org.apache.catalina.startup.HostConfig.deployDirectory Deploying web application directory [C:\Users\Nijamudeen\Desktop\im2073webproj\tomcat\webapps\figshop]
16-Apr-2019 12:33:39.044 INFO [main] org.apache.jasper.servlet.TldScanner.scanJars At least one JAR was scanned for TLDs yet contained no TLDs. Enable debug logging for this logger for a complete list of JARs that were scanned but no TLDs were found in them. Skipping unneeded JARs during scanning can improve startup time and JSP compilation time.
16-Apr-2019 12:33:39.056 INFO [main] org.apache.catalina.startup.HostConfig.deployDirectory Deployment of web application directory [C:\Users\Nijamudeen\Desktop\im2073webproj\tomcat\webapps\figshop] has finished in [725] ms
16-Apr-2019 12:33:39.057 INFO [main] org.apache.catalina.startup.HostConfig.deployDirectory Deploying web application directory [C:\Users\Nijamudeen\Desktop\im2073webproj\tomcat\webapps\host-manager]
16-Apr-2019 12:33:39.707 INFO [main] org.apache.jasper.servlet.TldScanner.scanJars At least one JAR was scanned for TLDs yet contained no TLDs. Enable debug logging for this logger for a complete list of JARs that were scanned but no TLDs were found in them. Skipping unneeded JARs during scanning can improve startup time and JSP compilation time.
16-Apr-2019 12:33:39.757 INFO [main] org.apache.catalina.startup.HostConfig.deployDirectory Deployment of web application directory [C:\Users\Nijamudeen\Desktop\im2073webproj\tomcat\webapps\host-manager] has finished in [700] ms
16-Apr-2019 12:33:39.767 INFO [main] org.apache.catalina.startup.HostConfig.deployDirectory Deploying web application directory [C:\Users\Nijamudeen\Desktop\im2073webproj\tomcat\webapps\manager]
16-Apr-2019 12:33:40.506 INFO [main] org.apache.jasper.servlet.TldScanner.scanJars At least one JAR was scanned for TLDs yet contained no TLDs. Enable debug logging for this logger for a complete list of JARs that were scanned but no TLDs were found in them. Skipping unneeded JARs during scanning can improve startup time and JSP compilation time.
16-Apr-2019 12:33:40.538 INFO [main] org.apache.catalina.startup.HostConfig.deployDirectory Deployment of web application directory [C:\Users\Nijamudeen\Desktop\im2073webproj\tomcat\webapps\manager] has finished in [770] ms
16-Apr-2019 12:33:40.540 INFO [main] org.apache.catalina.startup.HostConfig.deployDirectory Deploying web application directory [C:\Users\Nijamudeen\Desktop\im2073webproj\tomcat\webapps\ROOT]
16-Apr-2019 12:33:41.271 INFO [main] org.apache.jasper.servlet.TldScanner.scanJars At least one JAR was scanned for TLDs yet contained no TLDs. Enable debug logging for this logger for a complete list of JARs that were scanned but no TLDs were found in them. Skipping unneeded JARs during scanning can improve startup time and JSP compilation time.
16-Apr-2019 12:33:41.288 INFO [main] org.apache.catalina.startup.HostConfig.deployDirectory Deployment of web application directory [C:\Users\Nijamudeen\Desktop\im2073webproj\tomcat\webapps\ROOT] has finished in [749] ms
16-Apr-2019 12:33:41.296 INFO [main] org.apache.coyote.AbstractProtocol.start Starting ProtocolHandler ["http-nio-9999"]
16-Apr-2019 12:33:41.322 INFO [main] org.apache.coyote.AbstractProtocol.start Starting ProtocolHandler ["ajp-nio-8009"]
16-Apr-2019 12:33:41.335 INFO [main] org.apache.catalina.startup.Catalina.start Server startup in [9,127] milliseconds
16-Apr-2019 13:14:53.003 INFO [main] org.apache.catalina.core.StandardServer.await A valid shutdown command was received via the shutdown port. Stopping the Server instance.
16-Apr-2019 13:14:53.008 INFO [main] org.apache.coyote.AbstractProtocol.pause Pausing ProtocolHandler ["http-nio-9999"]
16-Apr-2019 13:14:53.084 INFO [main] org.apache.coyote.AbstractProtocol.pause Pausing ProtocolHandler ["ajp-nio-8009"]
16-Apr-2019 13:14:53.161 INFO [main] org.apache.catalina.core.StandardService.stopInternal Stopping service [Catalina]
16-Apr-2019 13:14:53.277 INFO [main] org.apache.coyote.AbstractProtocol.stop Stopping ProtocolHandler ["http-nio-9999"]
16-Apr-2019 13:14:53.286 INFO [main] org.apache.coyote.AbstractProtocol.stop Stopping ProtocolHandler ["ajp-nio-8009"]
16-Apr-2019 13:14:53.290 INFO [main] org.apache.coyote.AbstractProtocol.destroy Destroying ProtocolHandler ["http-nio-9999"]
16-Apr-2019 13:14:53.295 INFO [main] org.apache.coyote.AbstractProtocol.destroy Destroying ProtocolHandler ["ajp-nio-8009"]
16-Apr-2019 16:39:27.345 INFO [main] org.apache.catalina.startup.VersionLoggerListener.log Server version name:   Apache Tomcat/9.0.16
16-Apr-2019 16:39:27.348 INFO [main] org.apache.catalina.startup.VersionLoggerListener.log Server built:          Feb 4 2019 16:30:29 UTC
16-Apr-2019 16:39:27.350 INFO [main] org.apache.catalina.startup.VersionLoggerListener.log Server version number: 9.0.16.0
16-Apr-2019 16:39:27.350 INFO [main] org.apache.catalina.startup.VersionLoggerListener.log OS Name:               Windows 10
16-Apr-2019 16:39:27.350 INFO [main] org.apache.catalina.startup.VersionLoggerListener.log OS Version:            10.0
16-Apr-2019 16:39:27.350 INFO [main] org.apache.catalina.startup.VersionLoggerListener.log Architecture:          amd64
16-Apr-2019 16:39:27.350 INFO [main] org.apache.catalina.startup.VersionLoggerListener.log Java Home:             C:\Program Files\Java\jdk-10.0.2
16-Apr-2019 16:39:27.350 INFO [main] org.apache.catalina.startup.VersionLoggerListener.log JVM Version:           10.0.2+13
16-Apr-2019 16:39:27.351 INFO [main] org.apache.catalina.startup.VersionLoggerListener.log JVM Vendor:            "Oracle Corporation"
16-Apr-2019 16:39:27.351 INFO [main] org.apache.catalina.startup.VersionLoggerListener.log CATALINA_BASE:         C:\Users\Nijamudeen\Desktop\im2073webproj\tomcat
16-Apr-2019 16:39:27.351 INFO [main] org.apache.catalina.startup.VersionLoggerListener.log CATALINA_HOME:         C:\Users\Nijamudeen\Desktop\im2073webproj\tomcat
16-Apr-2019 16:39:27.352 INFO [main] org.apache.catalina.startup.VersionLoggerListener.log Command line argument: --add-opens=java.base/java.lang=ALL-UNNAMED
16-Apr-2019 16:39:27.352 INFO [main] org.apache.catalina.startup.VersionLoggerListener.log Command line argument: --add-opens=java.base/java.io=ALL-UNNAMED
16-Apr-2019 16:39:27.352 INFO [main] org.apache.catalina.startup.VersionLoggerListener.log Command line argument: --add-opens=java.rmi/sun.rmi.transport=ALL-UNNAMED
16-Apr-2019 16:39:27.352 INFO [main] org.apache.catalina.startup.VersionLoggerListener.log Command line argument: -Djava.util.logging.config.file=C:\Users\Nijamudeen\Desktop\im2073webproj\tomcat\conf\logging.properties
16-Apr-2019 16:39:27.352 INFO [main] org.apache.catalina.startup.VersionLoggerListener.log Command line argument: -Djava.util.logging.manager=org.apache.juli.ClassLoaderLogManager
16-Apr-2019 16:39:27.353 INFO [main] org.apache.catalina.startup.VersionLoggerListener.log Command line argument: -Djdk.tls.ephemeralDHKeySize=2048
16-Apr-2019 16:39:27.354 INFO [main] org.apache.catalina.startup.VersionLoggerListener.log Command line argument: -Djava.protocol.handler.pkgs=org.apache.catalina.webresources
16-Apr-2019 16:39:27.357 INFO [main] org.apache.catalina.startup.VersionLoggerListener.log Command line argument: -Dignore.endorsed.dirs=
16-Apr-2019 16:39:27.358 INFO [main] org.apache.catalina.startup.VersionLoggerListener.log Command line argument: -Dcatalina.base=C:\Users\Nijamudeen\Desktop\im2073webproj\tomcat
16-Apr-2019 16:39:27.358 INFO [main] org.apache.catalina.startup.VersionLoggerListener.log Command line argument: -Dcatalina.home=C:\Users\Nijamudeen\Desktop\im2073webproj\tomcat
16-Apr-2019 16:39:27.359 INFO [main] org.apache.catalina.startup.VersionLoggerListener.log Command line argument: -Djava.io.tmpdir=C:\Users\Nijamudeen\Desktop\im2073webproj\tomcat\temp
16-Apr-2019 16:39:27.360 INFO [main] org.apache.catalina.core.AprLifecycleListener.lifecycleEvent The APR based Apache Tomcat Native library which allows optimal performance in production environments was not found on the java.library.path: [C:\Program Files\Java\jdk-10.0.2\bin;C:\WINDOWS\Sun\Java\bin;C:\WINDOWS\system32;C:\WINDOWS;C:\Program Files\Java\jdk-10.0.2\bin;C:\Program Files (x86)\Common Files\Oracle\Java\javapath;C:\Program Files (x86)\Intel\iCLS Client\;C:\Program Files\Intel\iCLS Client\;C:\WINDOWS\system32;C:\WINDOWS;C:\WINDOWS\System32\Wbem;C:\WINDOWS\System32\WindowsPowerShell\v1.0\;C:\Program Files (x86)\Intel\Intel(R) Management Engine Components\DAL;C:\Program Files\Intel\Intel(R) Management Engine Components\DAL;C:\Program Files (x86)\Intel\Intel(R) Management Engine Components\IPT;C:\Program Files\Intel\Intel(R) Management Engine Components\IPT;C:\WINDOWS\System32\OpenSSH\;C:\Program Files\Git\cmd;C:\TDM-GCC-64\bin;C:\Program Files\nodejs\;C:\Program Files\dotnet\;C:\Users\Nijamudeen\AppData\Local\Microsoft\WindowsApps;C:\Users\Nijamudeen\AppData\Roaming\npm;C:\Users\Nijamudeen\.dotnet\tools;C:\Users\Nijamudeen\AppData\Local\Programs\Microsoft VS Code\bin;.]
16-Apr-2019 16:39:27.494 INFO [main] org.apache.coyote.AbstractProtocol.init Initializing ProtocolHandler ["http-nio-9999"]
16-Apr-2019 16:39:27.632 INFO [main] org.apache.coyote.AbstractProtocol.init Initializing ProtocolHandler ["ajp-nio-8009"]
16-Apr-2019 16:39:27.634 INFO [main] org.apache.catalina.startup.Catalina.load Server initialization in [761] milliseconds
16-Apr-2019 16:39:27.710 INFO [main] org.apache.catalina.core.StandardService.startInternal Starting service [Catalina]
16-Apr-2019 16:39:27.710 INFO [main] org.apache.catalina.core.StandardEngine.startInternal Starting Servlet engine: [Apache Tomcat/9.0.16]
16-Apr-2019 16:39:27.729 INFO [main] org.apache.catalina.startup.HostConfig.deployDirectory Deploying web application directory [C:\Users\Nijamudeen\Desktop\im2073webproj\tomcat\webapps\clicker]
16-Apr-2019 16:39:28.521 INFO [main] org.apache.jasper.servlet.TldScanner.scanJars At least one JAR was scanned for TLDs yet contained no TLDs. Enable debug logging for this logger for a complete list of JARs that were scanned but no TLDs were found in them. Skipping unneeded JARs during scanning can improve startup time and JSP compilation time.
16-Apr-2019 16:39:28.636 INFO [main] org.apache.catalina.startup.HostConfig.deployDirectory Deployment of web application directory [C:\Users\Nijamudeen\Desktop\im2073webproj\tomcat\webapps\clicker] has finished in [908] ms
16-Apr-2019 16:39:28.644 INFO [main] org.apache.catalina.startup.HostConfig.deployDirectory Deploying web application directory [C:\Users\Nijamudeen\Desktop\im2073webproj\tomcat\webapps\docs]
16-Apr-2019 16:39:28.923 INFO [main] org.apache.jasper.servlet.TldScanner.scanJars At least one JAR was scanned for TLDs yet contained no TLDs. Enable debug logging for this logger for a complete list of JARs that were scanned but no TLDs were found in them. Skipping unneeded JARs during scanning can improve startup time and JSP compilation time.
16-Apr-2019 16:39:28.926 INFO [main] org.apache.catalina.startup.HostConfig.deployDirectory Deployment of web application directory [C:\Users\Nijamudeen\Desktop\im2073webproj\tomcat\webapps\docs] has finished in [282] ms
16-Apr-2019 16:39:28.931 INFO [main] org.apache.catalina.startup.HostConfig.deployDirectory Deploying web application directory [C:\Users\Nijamudeen\Desktop\im2073webproj\tomcat\webapps\examples]
16-Apr-2019 16:39:29.480 INFO [main] org.apache.jasper.servlet.TldScanner.scanJars At least one JAR was scanned for TLDs yet contained no TLDs. Enable debug logging for this logger for a complete list of JARs that were scanned but no TLDs were found in them. Skipping unneeded JARs during scanning can improve startup time and JSP compilation time.
16-Apr-2019 16:39:29.537 INFO [main] org.apache.catalina.startup.HostConfig.deployDirectory Deployment of web application directory [C:\Users\Nijamudeen\Desktop\im2073webproj\tomcat\webapps\examples] has finished in [606] ms
16-Apr-2019 16:39:29.537 INFO [main] org.apache.catalina.startup.HostConfig.deployDirectory Deploying web application directory [C:\Users\Nijamudeen\Desktop\im2073webproj\tomcat\webapps\figshop]
16-Apr-2019 16:39:29.866 INFO [main] org.apache.jasper.servlet.TldScanner.scanJars At least one JAR was scanned for TLDs yet contained no TLDs. Enable debug logging for this logger for a complete list of JARs that were scanned but no TLDs were found in them. Skipping unneeded JARs during scanning can improve startup time and JSP compilation time.
16-Apr-2019 16:39:29.869 INFO [main] org.apache.catalina.startup.HostConfig.deployDirectory Deployment of web application directory [C:\Users\Nijamudeen\Desktop\im2073webproj\tomcat\webapps\figshop] has finished in [332] ms
16-Apr-2019 16:39:29.874 INFO [main] org.apache.catalina.startup.HostConfig.deployDirectory Deploying web application directory [C:\Users\Nijamudeen\Desktop\im2073webproj\tomcat\webapps\host-manager]
16-Apr-2019 16:39:30.143 INFO [main] org.apache.jasper.servlet.TldScanner.scanJars At least one JAR was scanned for TLDs yet contained no TLDs. Enable debug logging for this logger for a complete list of JARs that were scanned but no TLDs were found in them. Skipping unneeded JARs during scanning can improve startup time and JSP compilation time.
16-Apr-2019 16:39:30.150 INFO [main] org.apache.catalina.startup.HostConfig.deployDirectory Deployment of web application directory [C:\Users\Nijamudeen\Desktop\im2073webproj\tomcat\webapps\host-manager] has finished in [276] ms
16-Apr-2019 16:39:30.151 INFO [main] org.apache.catalina.startup.HostConfig.deployDirectory Deploying web application directory [C:\Users\Nijamudeen\Desktop\im2073webproj\tomcat\webapps\manager]
16-Apr-2019 16:39:30.690 INFO [main] org.apache.jasper.servlet.TldScanner.scanJars At least one JAR was scanned for TLDs yet contained no TLDs. Enable debug logging for this logger for a complete list of JARs that were scanned but no TLDs were found in them. Skipping unneeded JARs during scanning can improve startup time and JSP compilation time.
16-Apr-2019 16:39:30.690 INFO [main] org.apache.catalina.startup.HostConfig.deployDirectory Deployment of web application directory [C:\Users\Nijamudeen\Desktop\im2073webproj\tomcat\webapps\manager] has finished in [539] ms
16-Apr-2019 16:39:30.705 INFO [main] org.apache.catalina.startup.HostConfig.deployDirectory Deploying web application directory [C:\Users\Nijamudeen\Desktop\im2073webproj\tomcat\webapps\ROOT]
16-Apr-2019 16:39:31.318 INFO [main] org.apache.jasper.servlet.TldScanner.scanJars At least one JAR was scanned for TLDs yet contained no TLDs. Enable debug logging for this logger for a complete list of JARs that were scanned but no TLDs were found in them. Skipping unneeded JARs during scanning can improve startup time and JSP compilation time.
16-Apr-2019 16:39:31.367 INFO [main] org.apache.catalina.startup.HostConfig.deployDirectory Deployment of web application directory [C:\Users\Nijamudeen\Desktop\im2073webproj\tomcat\webapps\ROOT] has finished in [663] ms
16-Apr-2019 16:39:31.482 INFO [main] org.apache.coyote.AbstractProtocol.start Starting ProtocolHandler ["http-nio-9999"]
16-Apr-2019 16:39:32.341 INFO [main] org.apache.coyote.AbstractProtocol.start Starting ProtocolHandler ["ajp-nio-8009"]
16-Apr-2019 16:39:32.374 INFO [main] org.apache.catalina.startup.Catalina.start Server startup in [4,736] milliseconds
16-Apr-2019 16:47:35.187 INFO [Catalina-utility-2] org.apache.catalina.core.StandardContext.reload Reloading Context with name [/clicker] has started
16-Apr-2019 16:47:35.864 INFO [Catalina-utility-2] org.apache.jasper.servlet.TldScanner.scanJars At least one JAR was scanned for TLDs yet contained no TLDs. Enable debug logging for this logger for a complete list of JARs that were scanned but no TLDs were found in them. Skipping unneeded JARs during scanning can improve startup time and JSP compilation time.
16-Apr-2019 16:47:35.877 INFO [Catalina-utility-2] org.apache.catalina.core.StandardContext.reload Reloading Context with name [/clicker] is completed
16-Apr-2019 16:50:16.905 INFO [Catalina-utility-2] org.apache.catalina.startup.HostConfig.reload Reloading context [/clicker]
16-Apr-2019 16:50:16.905 INFO [Catalina-utility-2] org.apache.catalina.core.StandardContext.reload Reloading Context with name [/clicker] has started
16-Apr-2019 16:50:17.450 INFO [Catalina-utility-2] org.apache.jasper.servlet.TldScanner.scanJars At least one JAR was scanned for TLDs yet contained no TLDs. Enable debug logging for this logger for a complete list of JARs that were scanned but no TLDs were found in them. Skipping unneeded JARs during scanning can improve startup time and JSP compilation time.
16-Apr-2019 16:50:17.460 INFO [Catalina-utility-2] org.apache.catalina.core.StandardContext.reload Reloading Context with name [/clicker] is completed
16-Apr-2019 16:50:57.738 INFO [Catalina-utility-2] org.apache.catalina.core.StandardContext.reload Reloading Context with name [/clicker] has started
16-Apr-2019 16:50:58.236 INFO [Catalina-utility-2] org.apache.jasper.servlet.TldScanner.scanJars At least one JAR was scanned for TLDs yet contained no TLDs. Enable debug logging for this logger for a complete list of JARs that were scanned but no TLDs were found in them. Skipping unneeded JARs during scanning can improve startup time and JSP compilation time.
16-Apr-2019 16:50:58.244 INFO [Catalina-utility-2] org.apache.catalina.core.StandardContext.reload Reloading Context with name [/clicker] is completed
16-Apr-2019 16:51:28.400 INFO [Catalina-utility-2] org.apache.catalina.core.StandardContext.reload Reloading Context with name [/clicker] has started
16-Apr-2019 16:51:28.886 INFO [Catalina-utility-2] org.apache.jasper.servlet.TldScanner.scanJars At least one JAR was scanned for TLDs yet contained no TLDs. Enable debug logging for this logger for a complete list of JARs that were scanned but no TLDs were found in them. Skipping unneeded JARs during scanning can improve startup time and JSP compilation time.
16-Apr-2019 16:51:28.888 INFO [Catalina-utility-2] org.apache.catalina.core.StandardContext.reload Reloading Context with name [/clicker] is completed
16-Apr-2019 16:51:48.972 INFO [Catalina-utility-2] org.apache.catalina.core.StandardContext.reload Reloading Context with name [/clicker] has started
16-Apr-2019 16:51:49.362 INFO [Catalina-utility-2] org.apache.jasper.servlet.TldScanner.scanJars At least one JAR was scanned for TLDs yet contained no TLDs. Enable debug logging for this logger for a complete list of JARs that were scanned but no TLDs were found in them. Skipping unneeded JARs during scanning can improve startup time and JSP compilation time.
16-Apr-2019 16:51:49.369 INFO [Catalina-utility-2] org.apache.catalina.core.StandardContext.reload Reloading Context with name [/clicker] is completed
16-Apr-2019 16:52:49.643 INFO [Catalina-utility-1] org.apache.catalina.core.StandardContext.reload Reloading Context with name [/clicker] has started
16-Apr-2019 16:52:50.141 INFO [Catalina-utility-1] org.apache.jasper.servlet.TldScanner.scanJars At least one JAR was scanned for TLDs yet contained no TLDs. Enable debug logging for this logger for a complete list of JARs that were scanned but no TLDs were found in them. Skipping unneeded JARs during scanning can improve startup time and JSP compilation time.
16-Apr-2019 16:52:50.161 INFO [Catalina-utility-1] org.apache.catalina.core.StandardContext.reload Reloading Context with name [/clicker] is completed
16-Apr-2019 16:53:10.229 INFO [Catalina-utility-2] org.apache.catalina.core.StandardContext.reload Reloading Context with name [/clicker] has started
16-Apr-2019 16:53:10.733 INFO [Catalina-utility-2] org.apache.jasper.servlet.TldScanner.scanJars At least one JAR was scanned for TLDs yet contained no TLDs. Enable debug logging for this logger for a complete list of JARs that were scanned but no TLDs were found in them. Skipping unneeded JARs during scanning can improve startup time and JSP compilation time.
16-Apr-2019 16:53:10.736 INFO [Catalina-utility-2] org.apache.catalina.core.StandardContext.reload Reloading Context with name [/clicker] is completed
16-Apr-2019 16:55:19.499 INFO [main] org.apache.catalina.core.StandardServer.await A valid shutdown command was received via the shutdown port. Stopping the Server instance.
16-Apr-2019 16:55:19.500 INFO [main] org.apache.coyote.AbstractProtocol.pause Pausing ProtocolHandler ["http-nio-9999"]
16-Apr-2019 16:55:19.626 INFO [main] org.apache.coyote.AbstractProtocol.pause Pausing ProtocolHandler ["ajp-nio-8009"]
16-Apr-2019 16:55:19.752 INFO [main] org.apache.catalina.core.StandardService.stopInternal Stopping service [Catalina]
16-Apr-2019 16:55:19.804 INFO [main] org.apache.coyote.AbstractProtocol.stop Stopping ProtocolHandler ["http-nio-9999"]
16-Apr-2019 16:55:19.811 INFO [main] org.apache.coyote.AbstractProtocol.stop Stopping ProtocolHandler ["ajp-nio-8009"]
16-Apr-2019 16:55:19.814 INFO [main] org.apache.coyote.AbstractProtocol.destroy Destroying ProtocolHandler ["http-nio-9999"]
16-Apr-2019 16:55:19.815 INFO [main] org.apache.coyote.AbstractProtocol.destroy Destroying ProtocolHandler ["ajp-nio-8009"]
