15-Apr-2019 18:15:23.714 INFO [main] org.apache.catalina.startup.VersionLoggerListener.log Server version name:   Apache Tomcat/9.0.16
15-Apr-2019 18:15:23.714 INFO [main] org.apache.catalina.startup.VersionLoggerListener.log Server built:          Feb 4 2019 16:30:29 UTC
15-Apr-2019 18:15:23.714 INFO [main] org.apache.catalina.startup.VersionLoggerListener.log Server version number: 9.0.16.0
15-Apr-2019 18:15:23.714 INFO [main] org.apache.catalina.startup.VersionLoggerListener.log OS Name:               Windows 10
15-Apr-2019 18:15:23.714 INFO [main] org.apache.catalina.startup.VersionLoggerListener.log OS Version:            10.0
15-Apr-2019 18:15:23.714 INFO [main] org.apache.catalina.startup.VersionLoggerListener.log Architecture:          amd64
15-Apr-2019 18:15:23.714 INFO [main] org.apache.catalina.startup.VersionLoggerListener.log Java Home:             C:\Program Files\Java\jdk-10.0.2
15-Apr-2019 18:15:23.714 INFO [main] org.apache.catalina.startup.VersionLoggerListener.log JVM Version:           10.0.2+13
15-Apr-2019 18:15:23.714 INFO [main] org.apache.catalina.startup.VersionLoggerListener.log JVM Vendor:            "Oracle Corporation"
15-Apr-2019 18:15:23.714 INFO [main] org.apache.catalina.startup.VersionLoggerListener.log CATALINA_BASE:         C:\Users\Nijamudeen\Desktop\im2073webproj\tomcat
15-Apr-2019 18:15:23.714 INFO [main] org.apache.catalina.startup.VersionLoggerListener.log CATALINA_HOME:         C:\Users\Nijamudeen\Desktop\im2073webproj\tomcat
15-Apr-2019 18:15:23.714 INFO [main] org.apache.catalina.startup.VersionLoggerListener.log Command line argument: --add-opens=java.base/java.lang=ALL-UNNAMED
15-Apr-2019 18:15:23.714 INFO [main] org.apache.catalina.startup.VersionLoggerListener.log Command line argument: --add-opens=java.base/java.io=ALL-UNNAMED
15-Apr-2019 18:15:23.714 INFO [main] org.apache.catalina.startup.VersionLoggerListener.log Command line argument: --add-opens=java.rmi/sun.rmi.transport=ALL-UNNAMED
15-Apr-2019 18:15:23.714 INFO [main] org.apache.catalina.startup.VersionLoggerListener.log Command line argument: -Djava.util.logging.config.file=C:\Users\Nijamudeen\Desktop\im2073webproj\tomcat\conf\logging.properties
15-Apr-2019 18:15:23.714 INFO [main] org.apache.catalina.startup.VersionLoggerListener.log Command line argument: -Djava.util.logging.manager=org.apache.juli.ClassLoaderLogManager
15-Apr-2019 18:15:23.714 INFO [main] org.apache.catalina.startup.VersionLoggerListener.log Command line argument: -Djdk.tls.ephemeralDHKeySize=2048
15-Apr-2019 18:15:23.714 INFO [main] org.apache.catalina.startup.VersionLoggerListener.log Command line argument: -Djava.protocol.handler.pkgs=org.apache.catalina.webresources
15-Apr-2019 18:15:23.714 INFO [main] org.apache.catalina.startup.VersionLoggerListener.log Command line argument: -Dignore.endorsed.dirs=
15-Apr-2019 18:15:23.714 INFO [main] org.apache.catalina.startup.VersionLoggerListener.log Command line argument: -Dcatalina.base=C:\Users\Nijamudeen\Desktop\im2073webproj\tomcat
15-Apr-2019 18:15:23.714 INFO [main] org.apache.catalina.startup.VersionLoggerListener.log Command line argument: -Dcatalina.home=C:\Users\Nijamudeen\Desktop\im2073webproj\tomcat
15-Apr-2019 18:15:23.714 INFO [main] org.apache.catalina.startup.VersionLoggerListener.log Command line argument: -Djava.io.tmpdir=C:\Users\Nijamudeen\Desktop\im2073webproj\tomcat\temp
15-Apr-2019 18:15:23.714 INFO [main] org.apache.catalina.core.AprLifecycleListener.lifecycleEvent The APR based Apache Tomcat Native library which allows optimal performance in production environments was not found on the java.library.path: [C:\Program Files\Java\jdk-10.0.2\bin;C:\WINDOWS\Sun\Java\bin;C:\WINDOWS\system32;C:\WINDOWS;C:\Program Files\Java\jdk-10.0.2\bin;C:\Program Files (x86)\Common Files\Oracle\Java\javapath;C:\Program Files (x86)\Intel\iCLS Client\;C:\Program Files\Intel\iCLS Client\;C:\WINDOWS\system32;C:\WINDOWS;C:\WINDOWS\System32\Wbem;C:\WINDOWS\System32\WindowsPowerShell\v1.0\;C:\Program Files (x86)\Intel\Intel(R) Management Engine Components\DAL;C:\Program Files\Intel\Intel(R) Management Engine Components\DAL;C:\Program Files (x86)\Intel\Intel(R) Management Engine Components\IPT;C:\Program Files\Intel\Intel(R) Management Engine Components\IPT;C:\WINDOWS\System32\OpenSSH\;C:\Program Files\Git\cmd;C:\TDM-GCC-64\bin;C:\Program Files\nodejs\;C:\Program Files\dotnet\;C:\Users\Nijamudeen\AppData\Local\Microsoft\WindowsApps;C:\Users\Nijamudeen\AppData\Roaming\npm;C:\Users\Nijamudeen\.dotnet\tools;C:\Users\Nijamudeen\AppData\Local\Programs\Microsoft VS Code\bin;.]
15-Apr-2019 18:15:23.824 INFO [main] org.apache.coyote.AbstractProtocol.init Initializing ProtocolHandler ["http-nio-9999"]
15-Apr-2019 18:15:23.996 INFO [main] org.apache.coyote.AbstractProtocol.init Initializing ProtocolHandler ["ajp-nio-8009"]
15-Apr-2019 18:15:23.996 INFO [main] org.apache.catalina.startup.Catalina.load Server initialization in [917] milliseconds
15-Apr-2019 18:15:24.074 INFO [main] org.apache.catalina.core.StandardService.startInternal Starting service [Catalina]
15-Apr-2019 18:15:24.074 INFO [main] org.apache.catalina.core.StandardEngine.startInternal Starting Servlet engine: [Apache Tomcat/9.0.16]
15-Apr-2019 18:15:24.089 INFO [main] org.apache.catalina.startup.HostConfig.deployDirectory Deploying web application directory [C:\Users\Nijamudeen\Desktop\im2073webproj\tomcat\webapps\clicker]
15-Apr-2019 18:15:25.294 INFO [main] org.apache.jasper.servlet.TldScanner.scanJars At least one JAR was scanned for TLDs yet contained no TLDs. Enable debug logging for this logger for a complete list of JARs that were scanned but no TLDs were found in them. Skipping unneeded JARs during scanning can improve startup time and JSP compilation time.
15-Apr-2019 18:15:25.524 WARNING [main] org.apache.catalina.util.SessionIdGeneratorBase.createSecureRandom Creation of SecureRandom instance for session ID generation using [SHA1PRNG] took [199] milliseconds.
15-Apr-2019 18:15:25.712 INFO [main] org.apache.catalina.startup.HostConfig.deployDirectory Deployment of web application directory [C:\Users\Nijamudeen\Desktop\im2073webproj\tomcat\webapps\clicker] has finished in [1,623] ms
15-Apr-2019 18:15:25.836 INFO [main] org.apache.catalina.startup.HostConfig.deployDirectory Deploying web application directory [C:\Users\Nijamudeen\Desktop\im2073webproj\tomcat\webapps\docs]
15-Apr-2019 18:15:26.646 INFO [main] org.apache.jasper.servlet.TldScanner.scanJars At least one JAR was scanned for TLDs yet contained no TLDs. Enable debug logging for this logger for a complete list of JARs that were scanned but no TLDs were found in them. Skipping unneeded JARs during scanning can improve startup time and JSP compilation time.
15-Apr-2019 18:15:26.662 INFO [main] org.apache.catalina.startup.HostConfig.deployDirectory Deployment of web application directory [C:\Users\Nijamudeen\Desktop\im2073webproj\tomcat\webapps\docs] has finished in [826] ms
15-Apr-2019 18:15:26.662 INFO [main] org.apache.catalina.startup.HostConfig.deployDirectory Deploying web application directory [C:\Users\Nijamudeen\Desktop\im2073webproj\tomcat\webapps\examples]
15-Apr-2019 18:15:28.503 INFO [main] org.apache.jasper.servlet.TldScanner.scanJars At least one JAR was scanned for TLDs yet contained no TLDs. Enable debug logging for this logger for a complete list of JARs that were scanned but no TLDs were found in them. Skipping unneeded JARs during scanning can improve startup time and JSP compilation time.
15-Apr-2019 18:15:28.581 INFO [main] org.apache.catalina.startup.HostConfig.deployDirectory Deployment of web application directory [C:\Users\Nijamudeen\Desktop\im2073webproj\tomcat\webapps\examples] has finished in [1,919] ms
15-Apr-2019 18:15:28.581 INFO [main] org.apache.catalina.startup.HostConfig.deployDirectory Deploying web application directory [C:\Users\Nijamudeen\Desktop\im2073webproj\tomcat\webapps\figshop]
15-Apr-2019 18:15:28.917 INFO [main] org.apache.jasper.servlet.TldScanner.scanJars At least one JAR was scanned for TLDs yet contained no TLDs. Enable debug logging for this logger for a complete list of JARs that were scanned but no TLDs were found in them. Skipping unneeded JARs during scanning can improve startup time and JSP compilation time.
15-Apr-2019 18:15:28.917 INFO [main] org.apache.catalina.startup.HostConfig.deployDirectory Deployment of web application directory [C:\Users\Nijamudeen\Desktop\im2073webproj\tomcat\webapps\figshop] has finished in [336] ms
15-Apr-2019 18:15:28.917 INFO [main] org.apache.catalina.startup.HostConfig.deployDirectory Deploying web application directory [C:\Users\Nijamudeen\Desktop\im2073webproj\tomcat\webapps\host-manager]
15-Apr-2019 18:15:29.214 INFO [main] org.apache.jasper.servlet.TldScanner.scanJars At least one JAR was scanned for TLDs yet contained no TLDs. Enable debug logging for this logger for a complete list of JARs that were scanned but no TLDs were found in them. Skipping unneeded JARs during scanning can improve startup time and JSP compilation time.
15-Apr-2019 18:15:29.214 INFO [main] org.apache.catalina.startup.HostConfig.deployDirectory Deployment of web application directory [C:\Users\Nijamudeen\Desktop\im2073webproj\tomcat\webapps\host-manager] has finished in [297] ms
15-Apr-2019 18:15:29.214 INFO [main] org.apache.catalina.startup.HostConfig.deployDirectory Deploying web application directory [C:\Users\Nijamudeen\Desktop\im2073webproj\tomcat\webapps\manager]
15-Apr-2019 18:15:29.522 INFO [main] org.apache.jasper.servlet.TldScanner.scanJars At least one JAR was scanned for TLDs yet contained no TLDs. Enable debug logging for this logger for a complete list of JARs that were scanned but no TLDs were found in them. Skipping unneeded JARs during scanning can improve startup time and JSP compilation time.
15-Apr-2019 18:15:29.522 INFO [main] org.apache.catalina.startup.HostConfig.deployDirectory Deployment of web application directory [C:\Users\Nijamudeen\Desktop\im2073webproj\tomcat\webapps\manager] has finished in [308] ms
15-Apr-2019 18:15:29.522 INFO [main] org.apache.catalina.startup.HostConfig.deployDirectory Deploying web application directory [C:\Users\Nijamudeen\Desktop\im2073webproj\tomcat\webapps\ROOT]
15-Apr-2019 18:15:29.771 INFO [main] org.apache.jasper.servlet.TldScanner.scanJars At least one JAR was scanned for TLDs yet contained no TLDs. Enable debug logging for this logger for a complete list of JARs that were scanned but no TLDs were found in them. Skipping unneeded JARs during scanning can improve startup time and JSP compilation time.
15-Apr-2019 18:15:29.771 INFO [main] org.apache.catalina.startup.HostConfig.deployDirectory Deployment of web application directory [C:\Users\Nijamudeen\Desktop\im2073webproj\tomcat\webapps\ROOT] has finished in [249] ms
15-Apr-2019 18:15:29.771 INFO [main] org.apache.coyote.AbstractProtocol.start Starting ProtocolHandler ["http-nio-9999"]
15-Apr-2019 18:15:29.787 INFO [main] org.apache.coyote.AbstractProtocol.start Starting ProtocolHandler ["ajp-nio-8009"]
15-Apr-2019 18:15:29.787 INFO [main] org.apache.catalina.startup.Catalina.start Server startup in [5,790] milliseconds
15-Apr-2019 18:37:03.073 INFO [Catalina-utility-1] org.apache.catalina.core.StandardContext.reload Reloading Context with name [/clicker] has started
15-Apr-2019 18:37:03.436 INFO [Catalina-utility-1] org.apache.jasper.servlet.TldScanner.scanJars At least one JAR was scanned for TLDs yet contained no TLDs. Enable debug logging for this logger for a complete list of JARs that were scanned but no TLDs were found in them. Skipping unneeded JARs during scanning can improve startup time and JSP compilation time.
15-Apr-2019 18:37:03.436 INFO [Catalina-utility-1] org.apache.catalina.core.StandardContext.reload Reloading Context with name [/clicker] is completed
15-Apr-2019 18:39:53.912 INFO [Catalina-utility-2] org.apache.catalina.core.StandardContext.reload Reloading Context with name [/clicker] has started
15-Apr-2019 18:39:54.143 INFO [Catalina-utility-2] org.apache.jasper.servlet.TldScanner.scanJars At least one JAR was scanned for TLDs yet contained no TLDs. Enable debug logging for this logger for a complete list of JARs that were scanned but no TLDs were found in them. Skipping unneeded JARs during scanning can improve startup time and JSP compilation time.
15-Apr-2019 18:39:54.159 INFO [Catalina-utility-2] org.apache.catalina.core.StandardContext.reload Reloading Context with name [/clicker] is completed
15-Apr-2019 18:47:25.208 INFO [Catalina-utility-2] org.apache.catalina.core.StandardContext.reload Reloading Context with name [/clicker] has started
15-Apr-2019 18:47:25.520 INFO [Catalina-utility-2] org.apache.jasper.servlet.TldScanner.scanJars At least one JAR was scanned for TLDs yet contained no TLDs. Enable debug logging for this logger for a complete list of JARs that were scanned but no TLDs were found in them. Skipping unneeded JARs during scanning can improve startup time and JSP compilation time.
15-Apr-2019 18:47:25.524 INFO [Catalina-utility-2] org.apache.catalina.core.StandardContext.reload Reloading Context with name [/clicker] is completed
15-Apr-2019 18:49:15.775 INFO [Catalina-utility-2] org.apache.catalina.core.StandardContext.reload Reloading Context with name [/clicker] has started
15-Apr-2019 18:49:16.009 INFO [Catalina-utility-2] org.apache.jasper.servlet.TldScanner.scanJars At least one JAR was scanned for TLDs yet contained no TLDs. Enable debug logging for this logger for a complete list of JARs that were scanned but no TLDs were found in them. Skipping unneeded JARs during scanning can improve startup time and JSP compilation time.
15-Apr-2019 18:49:16.025 INFO [Catalina-utility-2] org.apache.catalina.core.StandardContext.reload Reloading Context with name [/clicker] is completed
15-Apr-2019 18:53:16.468 INFO [Catalina-utility-1] org.apache.catalina.core.StandardContext.reload Reloading Context with name [/clicker] has started
15-Apr-2019 18:53:16.795 INFO [Catalina-utility-1] org.apache.jasper.servlet.TldScanner.scanJars At least one JAR was scanned for TLDs yet contained no TLDs. Enable debug logging for this logger for a complete list of JARs that were scanned but no TLDs were found in them. Skipping unneeded JARs during scanning can improve startup time and JSP compilation time.
15-Apr-2019 18:53:16.801 INFO [Catalina-utility-1] org.apache.catalina.core.StandardContext.reload Reloading Context with name [/clicker] is completed
15-Apr-2019 18:53:56.870 INFO [Catalina-utility-1] org.apache.catalina.core.StandardContext.reload Reloading Context with name [/clicker] has started
15-Apr-2019 18:53:57.104 INFO [Catalina-utility-1] org.apache.jasper.servlet.TldScanner.scanJars At least one JAR was scanned for TLDs yet contained no TLDs. Enable debug logging for this logger for a complete list of JARs that were scanned but no TLDs were found in them. Skipping unneeded JARs during scanning can improve startup time and JSP compilation time.
15-Apr-2019 18:53:57.120 INFO [Catalina-utility-1] org.apache.catalina.core.StandardContext.reload Reloading Context with name [/clicker] is completed
15-Apr-2019 18:55:17.252 INFO [Catalina-utility-1] org.apache.catalina.core.StandardContext.reload Reloading Context with name [/clicker] has started
15-Apr-2019 18:55:17.526 INFO [Catalina-utility-1] org.apache.jasper.servlet.TldScanner.scanJars At least one JAR was scanned for TLDs yet contained no TLDs. Enable debug logging for this logger for a complete list of JARs that were scanned but no TLDs were found in them. Skipping unneeded JARs during scanning can improve startup time and JSP compilation time.
15-Apr-2019 18:55:17.529 INFO [Catalina-utility-1] org.apache.catalina.core.StandardContext.reload Reloading Context with name [/clicker] is completed
15-Apr-2019 18:58:37.969 INFO [Catalina-utility-1] org.apache.catalina.core.StandardContext.reload Reloading Context with name [/clicker] has started
15-Apr-2019 18:58:38.251 INFO [Catalina-utility-1] org.apache.jasper.servlet.TldScanner.scanJars At least one JAR was scanned for TLDs yet contained no TLDs. Enable debug logging for this logger for a complete list of JARs that were scanned but no TLDs were found in them. Skipping unneeded JARs during scanning can improve startup time and JSP compilation time.
15-Apr-2019 18:58:38.258 INFO [Catalina-utility-1] org.apache.catalina.core.StandardContext.reload Reloading Context with name [/clicker] is completed
15-Apr-2019 19:06:58.445 INFO [main] org.apache.catalina.core.StandardServer.await A valid shutdown command was received via the shutdown port. Stopping the Server instance.
15-Apr-2019 19:06:58.445 INFO [main] org.apache.coyote.AbstractProtocol.pause Pausing ProtocolHandler ["http-nio-9999"]
15-Apr-2019 19:06:58.516 INFO [main] org.apache.coyote.AbstractProtocol.pause Pausing ProtocolHandler ["ajp-nio-8009"]
15-Apr-2019 19:06:58.565 INFO [main] org.apache.catalina.core.StandardService.stopInternal Stopping service [Catalina]
15-Apr-2019 19:06:58.581 INFO [main] org.apache.coyote.AbstractProtocol.stop Stopping ProtocolHandler ["http-nio-9999"]
15-Apr-2019 19:06:58.581 INFO [main] org.apache.coyote.AbstractProtocol.stop Stopping ProtocolHandler ["ajp-nio-8009"]
15-Apr-2019 19:06:58.597 INFO [main] org.apache.coyote.AbstractProtocol.destroy Destroying ProtocolHandler ["http-nio-9999"]
15-Apr-2019 19:06:58.597 INFO [main] org.apache.coyote.AbstractProtocol.destroy Destroying ProtocolHandler ["ajp-nio-8009"]
15-Apr-2019 19:07:03.445 INFO [main] org.apache.catalina.startup.VersionLoggerListener.log Server version name:   Apache Tomcat/9.0.16
15-Apr-2019 19:07:03.460 INFO [main] org.apache.catalina.startup.VersionLoggerListener.log Server built:          Feb 4 2019 16:30:29 UTC
15-Apr-2019 19:07:03.460 INFO [main] org.apache.catalina.startup.VersionLoggerListener.log Server version number: 9.0.16.0
15-Apr-2019 19:07:03.460 INFO [main] org.apache.catalina.startup.VersionLoggerListener.log OS Name:               Windows 10
15-Apr-2019 19:07:03.460 INFO [main] org.apache.catalina.startup.VersionLoggerListener.log OS Version:            10.0
15-Apr-2019 19:07:03.460 INFO [main] org.apache.catalina.startup.VersionLoggerListener.log Architecture:          amd64
15-Apr-2019 19:07:03.460 INFO [main] org.apache.catalina.startup.VersionLoggerListener.log Java Home:             C:\Program Files\Java\jdk-10.0.2
15-Apr-2019 19:07:03.460 INFO [main] org.apache.catalina.startup.VersionLoggerListener.log JVM Version:           10.0.2+13
15-Apr-2019 19:07:03.460 INFO [main] org.apache.catalina.startup.VersionLoggerListener.log JVM Vendor:            "Oracle Corporation"
15-Apr-2019 19:07:03.460 INFO [main] org.apache.catalina.startup.VersionLoggerListener.log CATALINA_BASE:         C:\Users\Nijamudeen\Desktop\im2073webproj\tomcat
15-Apr-2019 19:07:03.460 INFO [main] org.apache.catalina.startup.VersionLoggerListener.log CATALINA_HOME:         C:\Users\Nijamudeen\Desktop\im2073webproj\tomcat
15-Apr-2019 19:07:03.460 INFO [main] org.apache.catalina.startup.VersionLoggerListener.log Command line argument: --add-opens=java.base/java.lang=ALL-UNNAMED
15-Apr-2019 19:07:03.460 INFO [main] org.apache.catalina.startup.VersionLoggerListener.log Command line argument: --add-opens=java.base/java.io=ALL-UNNAMED
15-Apr-2019 19:07:03.460 INFO [main] org.apache.catalina.startup.VersionLoggerListener.log Command line argument: --add-opens=java.rmi/sun.rmi.transport=ALL-UNNAMED
15-Apr-2019 19:07:03.460 INFO [main] org.apache.catalina.startup.VersionLoggerListener.log Command line argument: -Djava.util.logging.config.file=C:\Users\Nijamudeen\Desktop\im2073webproj\tomcat\conf\logging.properties
15-Apr-2019 19:07:03.460 INFO [main] org.apache.catalina.startup.VersionLoggerListener.log Command line argument: -Djava.util.logging.manager=org.apache.juli.ClassLoaderLogManager
15-Apr-2019 19:07:03.460 INFO [main] org.apache.catalina.startup.VersionLoggerListener.log Command line argument: -Djdk.tls.ephemeralDHKeySize=2048
15-Apr-2019 19:07:03.460 INFO [main] org.apache.catalina.startup.VersionLoggerListener.log Command line argument: -Djava.protocol.handler.pkgs=org.apache.catalina.webresources
15-Apr-2019 19:07:03.460 INFO [main] org.apache.catalina.startup.VersionLoggerListener.log Command line argument: -Dignore.endorsed.dirs=
15-Apr-2019 19:07:03.460 INFO [main] org.apache.catalina.startup.VersionLoggerListener.log Command line argument: -Dcatalina.base=C:\Users\Nijamudeen\Desktop\im2073webproj\tomcat
15-Apr-2019 19:07:03.460 INFO [main] org.apache.catalina.startup.VersionLoggerListener.log Command line argument: -Dcatalina.home=C:\Users\Nijamudeen\Desktop\im2073webproj\tomcat
15-Apr-2019 19:07:03.460 INFO [main] org.apache.catalina.startup.VersionLoggerListener.log Command line argument: -Djava.io.tmpdir=C:\Users\Nijamudeen\Desktop\im2073webproj\tomcat\temp
15-Apr-2019 19:07:03.460 INFO [main] org.apache.catalina.core.AprLifecycleListener.lifecycleEvent The APR based Apache Tomcat Native library which allows optimal performance in production environments was not found on the java.library.path: [C:\Program Files\Java\jdk-10.0.2\bin;C:\WINDOWS\Sun\Java\bin;C:\WINDOWS\system32;C:\WINDOWS;C:\Program Files\Java\jdk-10.0.2\bin;C:\Program Files (x86)\Common Files\Oracle\Java\javapath;C:\Program Files (x86)\Intel\iCLS Client\;C:\Program Files\Intel\iCLS Client\;C:\WINDOWS\system32;C:\WINDOWS;C:\WINDOWS\System32\Wbem;C:\WINDOWS\System32\WindowsPowerShell\v1.0\;C:\Program Files (x86)\Intel\Intel(R) Management Engine Components\DAL;C:\Program Files\Intel\Intel(R) Management Engine Components\DAL;C:\Program Files (x86)\Intel\Intel(R) Management Engine Components\IPT;C:\Program Files\Intel\Intel(R) Management Engine Components\IPT;C:\WINDOWS\System32\OpenSSH\;C:\Program Files\Git\cmd;C:\TDM-GCC-64\bin;C:\Program Files\nodejs\;C:\Program Files\dotnet\;C:\Users\Nijamudeen\AppData\Local\Microsoft\WindowsApps;C:\Users\Nijamudeen\AppData\Roaming\npm;C:\Users\Nijamudeen\.dotnet\tools;C:\Users\Nijamudeen\AppData\Local\Programs\Microsoft VS Code\bin;.]
15-Apr-2019 19:07:03.538 INFO [main] org.apache.coyote.AbstractProtocol.init Initializing ProtocolHandler ["http-nio-9999"]
15-Apr-2019 19:07:03.648 INFO [main] org.apache.coyote.AbstractProtocol.init Initializing ProtocolHandler ["ajp-nio-8009"]
15-Apr-2019 19:07:03.648 INFO [main] org.apache.catalina.startup.Catalina.load Server initialization in [662] milliseconds
15-Apr-2019 19:07:03.741 INFO [main] org.apache.catalina.core.StandardService.startInternal Starting service [Catalina]
15-Apr-2019 19:07:03.741 INFO [main] org.apache.catalina.core.StandardEngine.startInternal Starting Servlet engine: [Apache Tomcat/9.0.16]
15-Apr-2019 19:07:03.763 INFO [main] org.apache.catalina.startup.HostConfig.deployDirectory Deploying web application directory [C:\Users\Nijamudeen\Desktop\im2073webproj\tomcat\webapps\clicker]
15-Apr-2019 19:07:04.571 INFO [main] org.apache.jasper.servlet.TldScanner.scanJars At least one JAR was scanned for TLDs yet contained no TLDs. Enable debug logging for this logger for a complete list of JARs that were scanned but no TLDs were found in them. Skipping unneeded JARs during scanning can improve startup time and JSP compilation time.
15-Apr-2019 19:07:04.680 INFO [main] org.apache.catalina.startup.HostConfig.deployDirectory Deployment of web application directory [C:\Users\Nijamudeen\Desktop\im2073webproj\tomcat\webapps\clicker] has finished in [918] ms
15-Apr-2019 19:07:04.680 INFO [main] org.apache.catalina.startup.HostConfig.deployDirectory Deploying web application directory [C:\Users\Nijamudeen\Desktop\im2073webproj\tomcat\webapps\docs]
15-Apr-2019 19:07:05.012 INFO [main] org.apache.jasper.servlet.TldScanner.scanJars At least one JAR was scanned for TLDs yet contained no TLDs. Enable debug logging for this logger for a complete list of JARs that were scanned but no TLDs were found in them. Skipping unneeded JARs during scanning can improve startup time and JSP compilation time.
15-Apr-2019 19:07:05.027 INFO [main] org.apache.catalina.startup.HostConfig.deployDirectory Deployment of web application directory [C:\Users\Nijamudeen\Desktop\im2073webproj\tomcat\webapps\docs] has finished in [347] ms
15-Apr-2019 19:07:05.027 INFO [main] org.apache.catalina.startup.HostConfig.deployDirectory Deploying web application directory [C:\Users\Nijamudeen\Desktop\im2073webproj\tomcat\webapps\examples]
15-Apr-2019 19:07:05.585 INFO [main] org.apache.jasper.servlet.TldScanner.scanJars At least one JAR was scanned for TLDs yet contained no TLDs. Enable debug logging for this logger for a complete list of JARs that were scanned but no TLDs were found in them. Skipping unneeded JARs during scanning can improve startup time and JSP compilation time.
15-Apr-2019 19:07:05.647 INFO [main] org.apache.catalina.startup.HostConfig.deployDirectory Deployment of web application directory [C:\Users\Nijamudeen\Desktop\im2073webproj\tomcat\webapps\examples] has finished in [605] ms
15-Apr-2019 19:07:05.647 INFO [main] org.apache.catalina.startup.HostConfig.deployDirectory Deploying web application directory [C:\Users\Nijamudeen\Desktop\im2073webproj\tomcat\webapps\figshop]
15-Apr-2019 19:07:05.944 INFO [main] org.apache.jasper.servlet.TldScanner.scanJars At least one JAR was scanned for TLDs yet contained no TLDs. Enable debug logging for this logger for a complete list of JARs that were scanned but no TLDs were found in them. Skipping unneeded JARs during scanning can improve startup time and JSP compilation time.
15-Apr-2019 19:07:05.960 INFO [main] org.apache.catalina.startup.HostConfig.deployDirectory Deployment of web application directory [C:\Users\Nijamudeen\Desktop\im2073webproj\tomcat\webapps\figshop] has finished in [313] ms
15-Apr-2019 19:07:05.960 INFO [main] org.apache.catalina.startup.HostConfig.deployDirectory Deploying web application directory [C:\Users\Nijamudeen\Desktop\im2073webproj\tomcat\webapps\host-manager]
15-Apr-2019 19:07:06.257 INFO [main] org.apache.jasper.servlet.TldScanner.scanJars At least one JAR was scanned for TLDs yet contained no TLDs. Enable debug logging for this logger for a complete list of JARs that were scanned but no TLDs were found in them. Skipping unneeded JARs during scanning can improve startup time and JSP compilation time.
15-Apr-2019 19:07:06.257 INFO [main] org.apache.catalina.startup.HostConfig.deployDirectory Deployment of web application directory [C:\Users\Nijamudeen\Desktop\im2073webproj\tomcat\webapps\host-manager] has finished in [297] ms
15-Apr-2019 19:07:06.272 INFO [main] org.apache.catalina.startup.HostConfig.deployDirectory Deploying web application directory [C:\Users\Nijamudeen\Desktop\im2073webproj\tomcat\webapps\manager]
15-Apr-2019 19:07:06.572 INFO [main] org.apache.jasper.servlet.TldScanner.scanJars At least one JAR was scanned for TLDs yet contained no TLDs. Enable debug logging for this logger for a complete list of JARs that were scanned but no TLDs were found in them. Skipping unneeded JARs during scanning can improve startup time and JSP compilation time.
15-Apr-2019 19:07:06.572 INFO [main] org.apache.catalina.startup.HostConfig.deployDirectory Deployment of web application directory [C:\Users\Nijamudeen\Desktop\im2073webproj\tomcat\webapps\manager] has finished in [300] ms
15-Apr-2019 19:07:06.588 INFO [main] org.apache.catalina.startup.HostConfig.deployDirectory Deploying web application directory [C:\Users\Nijamudeen\Desktop\im2073webproj\tomcat\webapps\ROOT]
15-Apr-2019 19:07:06.853 INFO [main] org.apache.jasper.servlet.TldScanner.scanJars At least one JAR was scanned for TLDs yet contained no TLDs. Enable debug logging for this logger for a complete list of JARs that were scanned but no TLDs were found in them. Skipping unneeded JARs during scanning can improve startup time and JSP compilation time.
15-Apr-2019 19:07:06.853 INFO [main] org.apache.catalina.startup.HostConfig.deployDirectory Deployment of web application directory [C:\Users\Nijamudeen\Desktop\im2073webproj\tomcat\webapps\ROOT] has finished in [265] ms
15-Apr-2019 19:07:06.869 INFO [main] org.apache.coyote.AbstractProtocol.start Starting ProtocolHandler ["http-nio-9999"]
15-Apr-2019 19:07:06.869 INFO [main] org.apache.coyote.AbstractProtocol.start Starting ProtocolHandler ["ajp-nio-8009"]
15-Apr-2019 19:07:06.885 INFO [main] org.apache.catalina.startup.Catalina.start Server startup in [3,235] milliseconds
15-Apr-2019 19:47:33.702 INFO [Catalina-utility-1] org.apache.catalina.core.StandardContext.reload Reloading Context with name [/clicker] has started
15-Apr-2019 19:47:34.100 INFO [Catalina-utility-1] org.apache.jasper.servlet.TldScanner.scanJars At least one JAR was scanned for TLDs yet contained no TLDs. Enable debug logging for this logger for a complete list of JARs that were scanned but no TLDs were found in them. Skipping unneeded JARs during scanning can improve startup time and JSP compilation time.
15-Apr-2019 19:47:34.103 INFO [Catalina-utility-1] org.apache.catalina.core.StandardContext.reload Reloading Context with name [/clicker] is completed
15-Apr-2019 19:49:04.244 INFO [Catalina-utility-1] org.apache.catalina.core.StandardContext.reload Reloading Context with name [/clicker] has started
15-Apr-2019 19:49:04.512 INFO [Catalina-utility-1] org.apache.jasper.servlet.TldScanner.scanJars At least one JAR was scanned for TLDs yet contained no TLDs. Enable debug logging for this logger for a complete list of JARs that were scanned but no TLDs were found in them. Skipping unneeded JARs during scanning can improve startup time and JSP compilation time.
15-Apr-2019 19:49:04.515 INFO [Catalina-utility-1] org.apache.catalina.core.StandardContext.reload Reloading Context with name [/clicker] is completed
15-Apr-2019 19:50:44.689 INFO [Catalina-utility-1] org.apache.catalina.core.StandardContext.reload Reloading Context with name [/clicker] has started
15-Apr-2019 19:50:44.964 INFO [Catalina-utility-1] org.apache.jasper.servlet.TldScanner.scanJars At least one JAR was scanned for TLDs yet contained no TLDs. Enable debug logging for this logger for a complete list of JARs that were scanned but no TLDs were found in them. Skipping unneeded JARs during scanning can improve startup time and JSP compilation time.
15-Apr-2019 19:50:44.967 INFO [Catalina-utility-1] org.apache.catalina.core.StandardContext.reload Reloading Context with name [/clicker] is completed
15-Apr-2019 19:52:38.015 INFO [main] org.apache.catalina.core.StandardServer.await A valid shutdown command was received via the shutdown port. Stopping the Server instance.
15-Apr-2019 19:52:38.015 INFO [main] org.apache.coyote.AbstractProtocol.pause Pausing ProtocolHandler ["http-nio-9999"]
15-Apr-2019 19:52:38.088 INFO [main] org.apache.coyote.AbstractProtocol.pause Pausing ProtocolHandler ["ajp-nio-8009"]
15-Apr-2019 19:52:38.135 INFO [main] org.apache.catalina.core.StandardService.stopInternal Stopping service [Catalina]
15-Apr-2019 19:52:38.151 INFO [main] org.apache.coyote.AbstractProtocol.stop Stopping ProtocolHandler ["http-nio-9999"]
15-Apr-2019 19:52:38.166 INFO [main] org.apache.coyote.AbstractProtocol.stop Stopping ProtocolHandler ["ajp-nio-8009"]
15-Apr-2019 19:52:38.166 INFO [main] org.apache.coyote.AbstractProtocol.destroy Destroying ProtocolHandler ["http-nio-9999"]
15-Apr-2019 19:52:38.166 INFO [main] org.apache.coyote.AbstractProtocol.destroy Destroying ProtocolHandler ["ajp-nio-8009"]
15-Apr-2019 19:55:20.662 INFO [main] org.apache.catalina.startup.VersionLoggerListener.log Server version name:   Apache Tomcat/9.0.16
15-Apr-2019 19:55:20.682 INFO [main] org.apache.catalina.startup.VersionLoggerListener.log Server built:          Feb 4 2019 16:30:29 UTC
15-Apr-2019 19:55:20.682 INFO [main] org.apache.catalina.startup.VersionLoggerListener.log Server version number: 9.0.16.0
15-Apr-2019 19:55:20.682 INFO [main] org.apache.catalina.startup.VersionLoggerListener.log OS Name:               Windows 10
15-Apr-2019 19:55:20.682 INFO [main] org.apache.catalina.startup.VersionLoggerListener.log OS Version:            10.0
15-Apr-2019 19:55:20.682 INFO [main] org.apache.catalina.startup.VersionLoggerListener.log Architecture:          amd64
15-Apr-2019 19:55:20.682 INFO [main] org.apache.catalina.startup.VersionLoggerListener.log Java Home:             C:\Program Files\Java\jdk-10.0.2
15-Apr-2019 19:55:20.682 INFO [main] org.apache.catalina.startup.VersionLoggerListener.log JVM Version:           10.0.2+13
15-Apr-2019 19:55:20.682 INFO [main] org.apache.catalina.startup.VersionLoggerListener.log JVM Vendor:            "Oracle Corporation"
15-Apr-2019 19:55:20.682 INFO [main] org.apache.catalina.startup.VersionLoggerListener.log CATALINA_BASE:         C:\Users\Nijamudeen\Desktop\im2073webproj\tomcat
15-Apr-2019 19:55:20.682 INFO [main] org.apache.catalina.startup.VersionLoggerListener.log CATALINA_HOME:         C:\Users\Nijamudeen\Desktop\im2073webproj\tomcat
15-Apr-2019 19:55:20.690 INFO [main] org.apache.catalina.startup.VersionLoggerListener.log Command line argument: --add-opens=java.base/java.lang=ALL-UNNAMED
15-Apr-2019 19:55:20.690 INFO [main] org.apache.catalina.startup.VersionLoggerListener.log Command line argument: --add-opens=java.base/java.io=ALL-UNNAMED
15-Apr-2019 19:55:20.690 INFO [main] org.apache.catalina.startup.VersionLoggerListener.log Command line argument: --add-opens=java.rmi/sun.rmi.transport=ALL-UNNAMED
15-Apr-2019 19:55:20.690 INFO [main] org.apache.catalina.startup.VersionLoggerListener.log Command line argument: -Djava.util.logging.config.file=C:\Users\Nijamudeen\Desktop\im2073webproj\tomcat\conf\logging.properties
15-Apr-2019 19:55:20.692 INFO [main] org.apache.catalina.startup.VersionLoggerListener.log Command line argument: -Djava.util.logging.manager=org.apache.juli.ClassLoaderLogManager
15-Apr-2019 19:55:20.692 INFO [main] org.apache.catalina.startup.VersionLoggerListener.log Command line argument: -Djdk.tls.ephemeralDHKeySize=2048
15-Apr-2019 19:55:20.692 INFO [main] org.apache.catalina.startup.VersionLoggerListener.log Command line argument: -Djava.protocol.handler.pkgs=org.apache.catalina.webresources
15-Apr-2019 19:55:20.692 INFO [main] org.apache.catalina.startup.VersionLoggerListener.log Command line argument: -Dignore.endorsed.dirs=
15-Apr-2019 19:55:20.692 INFO [main] org.apache.catalina.startup.VersionLoggerListener.log Command line argument: -Dcatalina.base=C:\Users\Nijamudeen\Desktop\im2073webproj\tomcat
15-Apr-2019 19:55:20.692 INFO [main] org.apache.catalina.startup.VersionLoggerListener.log Command line argument: -Dcatalina.home=C:\Users\Nijamudeen\Desktop\im2073webproj\tomcat
15-Apr-2019 19:55:20.692 INFO [main] org.apache.catalina.startup.VersionLoggerListener.log Command line argument: -Djava.io.tmpdir=C:\Users\Nijamudeen\Desktop\im2073webproj\tomcat\temp
15-Apr-2019 19:55:20.692 INFO [main] org.apache.catalina.core.AprLifecycleListener.lifecycleEvent The APR based Apache Tomcat Native library which allows optimal performance in production environments was not found on the java.library.path: [C:\Program Files\Java\jdk-10.0.2\bin;C:\WINDOWS\Sun\Java\bin;C:\WINDOWS\system32;C:\WINDOWS;C:\Program Files\Java\jdk-10.0.2\bin;C:\Program Files (x86)\Common Files\Oracle\Java\javapath;C:\Program Files (x86)\Intel\iCLS Client\;C:\Program Files\Intel\iCLS Client\;C:\WINDOWS\system32;C:\WINDOWS;C:\WINDOWS\System32\Wbem;C:\WINDOWS\System32\WindowsPowerShell\v1.0\;C:\Program Files (x86)\Intel\Intel(R) Management Engine Components\DAL;C:\Program Files\Intel\Intel(R) Management Engine Components\DAL;C:\Program Files (x86)\Intel\Intel(R) Management Engine Components\IPT;C:\Program Files\Intel\Intel(R) Management Engine Components\IPT;C:\WINDOWS\System32\OpenSSH\;C:\Program Files\Git\cmd;C:\TDM-GCC-64\bin;C:\Program Files\nodejs\;C:\Program Files\dotnet\;C:\Users\Nijamudeen\AppData\Local\Microsoft\WindowsApps;C:\Users\Nijamudeen\AppData\Roaming\npm;C:\Users\Nijamudeen\.dotnet\tools;C:\Users\Nijamudeen\AppData\Local\Programs\Microsoft VS Code\bin;.]
15-Apr-2019 19:55:20.783 INFO [main] org.apache.coyote.AbstractProtocol.init Initializing ProtocolHandler ["http-nio-9999"]
15-Apr-2019 19:55:20.953 INFO [main] org.apache.coyote.AbstractProtocol.init Initializing ProtocolHandler ["ajp-nio-8009"]
15-Apr-2019 19:55:20.964 INFO [main] org.apache.catalina.startup.Catalina.load Server initialization in [940] milliseconds
15-Apr-2019 19:55:21.054 INFO [main] org.apache.catalina.core.StandardService.startInternal Starting service [Catalina]
15-Apr-2019 19:55:21.062 INFO [main] org.apache.catalina.core.StandardEngine.startInternal Starting Servlet engine: [Apache Tomcat/9.0.16]
15-Apr-2019 19:55:21.074 INFO [main] org.apache.catalina.startup.HostConfig.deployDirectory Deploying web application directory [C:\Users\Nijamudeen\Desktop\im2073webproj\tomcat\webapps\clicker]
15-Apr-2019 19:55:22.212 INFO [main] org.apache.jasper.servlet.TldScanner.scanJars At least one JAR was scanned for TLDs yet contained no TLDs. Enable debug logging for this logger for a complete list of JARs that were scanned but no TLDs were found in them. Skipping unneeded JARs during scanning can improve startup time and JSP compilation time.
15-Apr-2019 19:55:22.328 INFO [main] org.apache.catalina.startup.HostConfig.deployDirectory Deployment of web application directory [C:\Users\Nijamudeen\Desktop\im2073webproj\tomcat\webapps\clicker] has finished in [1,254] ms
15-Apr-2019 19:55:22.328 INFO [main] org.apache.catalina.startup.HostConfig.deployDirectory Deploying web application directory [C:\Users\Nijamudeen\Desktop\im2073webproj\tomcat\webapps\docs]
15-Apr-2019 19:55:22.697 INFO [main] org.apache.jasper.servlet.TldScanner.scanJars At least one JAR was scanned for TLDs yet contained no TLDs. Enable debug logging for this logger for a complete list of JARs that were scanned but no TLDs were found in them. Skipping unneeded JARs during scanning can improve startup time and JSP compilation time.
15-Apr-2019 19:55:22.713 INFO [main] org.apache.catalina.startup.HostConfig.deployDirectory Deployment of web application directory [C:\Users\Nijamudeen\Desktop\im2073webproj\tomcat\webapps\docs] has finished in [385] ms
15-Apr-2019 19:55:22.713 INFO [main] org.apache.catalina.startup.HostConfig.deployDirectory Deploying web application directory [C:\Users\Nijamudeen\Desktop\im2073webproj\tomcat\webapps\examples]
15-Apr-2019 19:55:24.315 INFO [main] org.apache.jasper.servlet.TldScanner.scanJars At least one JAR was scanned for TLDs yet contained no TLDs. Enable debug logging for this logger for a complete list of JARs that were scanned but no TLDs were found in them. Skipping unneeded JARs during scanning can improve startup time and JSP compilation time.
15-Apr-2019 19:55:24.396 INFO [main] org.apache.catalina.startup.HostConfig.deployDirectory Deployment of web application directory [C:\Users\Nijamudeen\Desktop\im2073webproj\tomcat\webapps\examples] has finished in [1,683] ms
15-Apr-2019 19:55:24.396 INFO [main] org.apache.catalina.startup.HostConfig.deployDirectory Deploying web application directory [C:\Users\Nijamudeen\Desktop\im2073webproj\tomcat\webapps\figshop]
15-Apr-2019 19:55:24.857 INFO [main] org.apache.jasper.servlet.TldScanner.scanJars At least one JAR was scanned for TLDs yet contained no TLDs. Enable debug logging for this logger for a complete list of JARs that were scanned but no TLDs were found in them. Skipping unneeded JARs during scanning can improve startup time and JSP compilation time.
15-Apr-2019 19:55:24.872 INFO [main] org.apache.catalina.startup.HostConfig.deployDirectory Deployment of web application directory [C:\Users\Nijamudeen\Desktop\im2073webproj\tomcat\webapps\figshop] has finished in [461] ms
15-Apr-2019 19:55:24.888 INFO [main] org.apache.catalina.startup.HostConfig.deployDirectory Deploying web application directory [C:\Users\Nijamudeen\Desktop\im2073webproj\tomcat\webapps\host-manager]
15-Apr-2019 19:55:25.263 INFO [main] org.apache.jasper.servlet.TldScanner.scanJars At least one JAR was scanned for TLDs yet contained no TLDs. Enable debug logging for this logger for a complete list of JARs that were scanned but no TLDs were found in them. Skipping unneeded JARs during scanning can improve startup time and JSP compilation time.
15-Apr-2019 19:55:25.263 INFO [main] org.apache.catalina.startup.HostConfig.deployDirectory Deployment of web application directory [C:\Users\Nijamudeen\Desktop\im2073webproj\tomcat\webapps\host-manager] has finished in [375] ms
15-Apr-2019 19:55:25.279 INFO [main] org.apache.catalina.startup.HostConfig.deployDirectory Deploying web application directory [C:\Users\Nijamudeen\Desktop\im2073webproj\tomcat\webapps\manager]
15-Apr-2019 19:55:25.660 INFO [main] org.apache.jasper.servlet.TldScanner.scanJars At least one JAR was scanned for TLDs yet contained no TLDs. Enable debug logging for this logger for a complete list of JARs that were scanned but no TLDs were found in them. Skipping unneeded JARs during scanning can improve startup time and JSP compilation time.
15-Apr-2019 19:55:25.666 INFO [main] org.apache.catalina.startup.HostConfig.deployDirectory Deployment of web application directory [C:\Users\Nijamudeen\Desktop\im2073webproj\tomcat\webapps\manager] has finished in [387] ms
15-Apr-2019 19:55:25.668 INFO [main] org.apache.catalina.startup.HostConfig.deployDirectory Deploying web application directory [C:\Users\Nijamudeen\Desktop\im2073webproj\tomcat\webapps\ROOT]
15-Apr-2019 19:55:26.041 INFO [main] org.apache.jasper.servlet.TldScanner.scanJars At least one JAR was scanned for TLDs yet contained no TLDs. Enable debug logging for this logger for a complete list of JARs that were scanned but no TLDs were found in them. Skipping unneeded JARs during scanning can improve startup time and JSP compilation time.
15-Apr-2019 19:55:26.057 INFO [main] org.apache.catalina.startup.HostConfig.deployDirectory Deployment of web application directory [C:\Users\Nijamudeen\Desktop\im2073webproj\tomcat\webapps\ROOT] has finished in [389] ms
15-Apr-2019 19:55:26.057 INFO [main] org.apache.coyote.AbstractProtocol.start Starting ProtocolHandler ["http-nio-9999"]
15-Apr-2019 19:55:26.073 INFO [main] org.apache.coyote.AbstractProtocol.start Starting ProtocolHandler ["ajp-nio-8009"]
15-Apr-2019 19:55:26.088 INFO [main] org.apache.catalina.startup.Catalina.start Server startup in [5,126] milliseconds
15-Apr-2019 20:00:21.269 INFO [Catalina-utility-2] org.apache.catalina.core.StandardContext.reload Reloading Context with name [/clicker] has started
15-Apr-2019 20:00:21.585 INFO [Catalina-utility-2] org.apache.jasper.servlet.TldScanner.scanJars At least one JAR was scanned for TLDs yet contained no TLDs. Enable debug logging for this logger for a complete list of JARs that were scanned but no TLDs were found in them. Skipping unneeded JARs during scanning can improve startup time and JSP compilation time.
15-Apr-2019 20:00:21.585 INFO [Catalina-utility-2] org.apache.catalina.core.StandardContext.reload Reloading Context with name [/clicker] is completed
15-Apr-2019 20:21:06.163 INFO [main] org.apache.catalina.core.StandardServer.await A valid shutdown command was received via the shutdown port. Stopping the Server instance.
15-Apr-2019 20:21:06.165 INFO [main] org.apache.coyote.AbstractProtocol.pause Pausing ProtocolHandler ["http-nio-9999"]
15-Apr-2019 20:21:06.229 INFO [main] org.apache.coyote.AbstractProtocol.pause Pausing ProtocolHandler ["ajp-nio-8009"]
15-Apr-2019 20:21:06.297 INFO [main] org.apache.catalina.core.StandardService.stopInternal Stopping service [Catalina]
15-Apr-2019 20:21:06.359 INFO [main] org.apache.coyote.AbstractProtocol.stop Stopping ProtocolHandler ["http-nio-9999"]
15-Apr-2019 20:21:06.361 INFO [main] org.apache.coyote.AbstractProtocol.stop Stopping ProtocolHandler ["ajp-nio-8009"]
15-Apr-2019 20:21:06.364 INFO [main] org.apache.coyote.AbstractProtocol.destroy Destroying ProtocolHandler ["http-nio-9999"]
15-Apr-2019 20:21:06.365 INFO [main] org.apache.coyote.AbstractProtocol.destroy Destroying ProtocolHandler ["ajp-nio-8009"]
15-Apr-2019 20:21:09.615 INFO [main] org.apache.catalina.startup.VersionLoggerListener.log Server version name:   Apache Tomcat/9.0.16
15-Apr-2019 20:21:09.620 INFO [main] org.apache.catalina.startup.VersionLoggerListener.log Server built:          Feb 4 2019 16:30:29 UTC
15-Apr-2019 20:21:09.621 INFO [main] org.apache.catalina.startup.VersionLoggerListener.log Server version number: 9.0.16.0
15-Apr-2019 20:21:09.621 INFO [main] org.apache.catalina.startup.VersionLoggerListener.log OS Name:               Windows 10
15-Apr-2019 20:21:09.622 INFO [main] org.apache.catalina.startup.VersionLoggerListener.log OS Version:            10.0
15-Apr-2019 20:21:09.622 INFO [main] org.apache.catalina.startup.VersionLoggerListener.log Architecture:          amd64
15-Apr-2019 20:21:09.622 INFO [main] org.apache.catalina.startup.VersionLoggerListener.log Java Home:             C:\Program Files\Java\jdk-10.0.2
15-Apr-2019 20:21:09.623 INFO [main] org.apache.catalina.startup.VersionLoggerListener.log JVM Version:           10.0.2+13
15-Apr-2019 20:21:09.623 INFO [main] org.apache.catalina.startup.VersionLoggerListener.log JVM Vendor:            "Oracle Corporation"
15-Apr-2019 20:21:09.623 INFO [main] org.apache.catalina.startup.VersionLoggerListener.log CATALINA_BASE:         C:\Users\Nijamudeen\Desktop\im2073webproj\tomcat
15-Apr-2019 20:21:09.624 INFO [main] org.apache.catalina.startup.VersionLoggerListener.log CATALINA_HOME:         C:\Users\Nijamudeen\Desktop\im2073webproj\tomcat
15-Apr-2019 20:21:09.624 INFO [main] org.apache.catalina.startup.VersionLoggerListener.log Command line argument: --add-opens=java.base/java.lang=ALL-UNNAMED
15-Apr-2019 20:21:09.624 INFO [main] org.apache.catalina.startup.VersionLoggerListener.log Command line argument: --add-opens=java.base/java.io=ALL-UNNAMED
15-Apr-2019 20:21:09.625 INFO [main] org.apache.catalina.startup.VersionLoggerListener.log Command line argument: --add-opens=java.rmi/sun.rmi.transport=ALL-UNNAMED
15-Apr-2019 20:21:09.625 INFO [main] org.apache.catalina.startup.VersionLoggerListener.log Command line argument: -Djava.util.logging.config.file=C:\Users\Nijamudeen\Desktop\im2073webproj\tomcat\conf\logging.properties
15-Apr-2019 20:21:09.626 INFO [main] org.apache.catalina.startup.VersionLoggerListener.log Command line argument: -Djava.util.logging.manager=org.apache.juli.ClassLoaderLogManager
15-Apr-2019 20:21:09.627 INFO [main] org.apache.catalina.startup.VersionLoggerListener.log Command line argument: -Djdk.tls.ephemeralDHKeySize=2048
15-Apr-2019 20:21:09.628 INFO [main] org.apache.catalina.startup.VersionLoggerListener.log Command line argument: -Djava.protocol.handler.pkgs=org.apache.catalina.webresources
15-Apr-2019 20:21:09.630 INFO [main] org.apache.catalina.startup.VersionLoggerListener.log Command line argument: -Dignore.endorsed.dirs=
15-Apr-2019 20:21:09.645 INFO [main] org.apache.catalina.startup.VersionLoggerListener.log Command line argument: -Dcatalina.base=C:\Users\Nijamudeen\Desktop\im2073webproj\tomcat
15-Apr-2019 20:21:09.650 INFO [main] org.apache.catalina.startup.VersionLoggerListener.log Command line argument: -Dcatalina.home=C:\Users\Nijamudeen\Desktop\im2073webproj\tomcat
15-Apr-2019 20:21:09.651 INFO [main] org.apache.catalina.startup.VersionLoggerListener.log Command line argument: -Djava.io.tmpdir=C:\Users\Nijamudeen\Desktop\im2073webproj\tomcat\temp
15-Apr-2019 20:21:09.653 INFO [main] org.apache.catalina.core.AprLifecycleListener.lifecycleEvent The APR based Apache Tomcat Native library which allows optimal performance in production environments was not found on the java.library.path: [C:\Program Files\Java\jdk-10.0.2\bin;C:\WINDOWS\Sun\Java\bin;C:\WINDOWS\system32;C:\WINDOWS;C:\Program Files\Java\jdk-10.0.2\bin;C:\Program Files (x86)\Common Files\Oracle\Java\javapath;C:\Program Files (x86)\Intel\iCLS Client\;C:\Program Files\Intel\iCLS Client\;C:\WINDOWS\system32;C:\WINDOWS;C:\WINDOWS\System32\Wbem;C:\WINDOWS\System32\WindowsPowerShell\v1.0\;C:\Program Files (x86)\Intel\Intel(R) Management Engine Components\DAL;C:\Program Files\Intel\Intel(R) Management Engine Components\DAL;C:\Program Files (x86)\Intel\Intel(R) Management Engine Components\IPT;C:\Program Files\Intel\Intel(R) Management Engine Components\IPT;C:\WINDOWS\System32\OpenSSH\;C:\Program Files\Git\cmd;C:\TDM-GCC-64\bin;C:\Program Files\nodejs\;C:\Program Files\dotnet\;C:\Users\Nijamudeen\AppData\Local\Microsoft\WindowsApps;C:\Users\Nijamudeen\AppData\Roaming\npm;C:\Users\Nijamudeen\.dotnet\tools;C:\Users\Nijamudeen\AppData\Local\Programs\Microsoft VS Code\bin;.]
15-Apr-2019 20:21:09.732 INFO [main] org.apache.coyote.AbstractProtocol.init Initializing ProtocolHandler ["http-nio-9999"]
15-Apr-2019 20:21:09.872 INFO [main] org.apache.coyote.AbstractProtocol.init Initializing ProtocolHandler ["ajp-nio-8009"]
15-Apr-2019 20:21:09.880 INFO [main] org.apache.catalina.startup.Catalina.load Server initialization in [788] milliseconds
15-Apr-2019 20:21:09.955 INFO [main] org.apache.catalina.core.StandardService.startInternal Starting service [Catalina]
15-Apr-2019 20:21:09.956 INFO [main] org.apache.catalina.core.StandardEngine.startInternal Starting Servlet engine: [Apache Tomcat/9.0.16]
15-Apr-2019 20:21:09.972 INFO [main] org.apache.catalina.startup.HostConfig.deployDirectory Deploying web application directory [C:\Users\Nijamudeen\Desktop\im2073webproj\tomcat\webapps\clicker]
15-Apr-2019 20:21:10.831 INFO [main] org.apache.jasper.servlet.TldScanner.scanJars At least one JAR was scanned for TLDs yet contained no TLDs. Enable debug logging for this logger for a complete list of JARs that were scanned but no TLDs were found in them. Skipping unneeded JARs during scanning can improve startup time and JSP compilation time.
15-Apr-2019 20:21:10.974 INFO [main] org.apache.catalina.startup.HostConfig.deployDirectory Deployment of web application directory [C:\Users\Nijamudeen\Desktop\im2073webproj\tomcat\webapps\clicker] has finished in [1,002] ms
15-Apr-2019 20:21:10.975 INFO [main] org.apache.catalina.startup.HostConfig.deployDirectory Deploying web application directory [C:\Users\Nijamudeen\Desktop\im2073webproj\tomcat\webapps\docs]
15-Apr-2019 20:21:11.269 INFO [main] org.apache.jasper.servlet.TldScanner.scanJars At least one JAR was scanned for TLDs yet contained no TLDs. Enable debug logging for this logger for a complete list of JARs that were scanned but no TLDs were found in them. Skipping unneeded JARs during scanning can improve startup time and JSP compilation time.
15-Apr-2019 20:21:11.276 INFO [main] org.apache.catalina.startup.HostConfig.deployDirectory Deployment of web application directory [C:\Users\Nijamudeen\Desktop\im2073webproj\tomcat\webapps\docs] has finished in [302] ms
15-Apr-2019 20:21:11.278 INFO [main] org.apache.catalina.startup.HostConfig.deployDirectory Deploying web application directory [C:\Users\Nijamudeen\Desktop\im2073webproj\tomcat\webapps\examples]
15-Apr-2019 20:21:12.097 INFO [main] org.apache.jasper.servlet.TldScanner.scanJars At least one JAR was scanned for TLDs yet contained no TLDs. Enable debug logging for this logger for a complete list of JARs that were scanned but no TLDs were found in them. Skipping unneeded JARs during scanning can improve startup time and JSP compilation time.
15-Apr-2019 20:21:12.164 INFO [main] org.apache.catalina.startup.HostConfig.deployDirectory Deployment of web application directory [C:\Users\Nijamudeen\Desktop\im2073webproj\tomcat\webapps\examples] has finished in [886] ms
15-Apr-2019 20:21:12.164 INFO [main] org.apache.catalina.startup.HostConfig.deployDirectory Deploying web application directory [C:\Users\Nijamudeen\Desktop\im2073webproj\tomcat\webapps\figshop]
15-Apr-2019 20:21:12.465 INFO [main] org.apache.jasper.servlet.TldScanner.scanJars At least one JAR was scanned for TLDs yet contained no TLDs. Enable debug logging for this logger for a complete list of JARs that were scanned but no TLDs were found in them. Skipping unneeded JARs during scanning can improve startup time and JSP compilation time.
15-Apr-2019 20:21:12.473 INFO [main] org.apache.catalina.startup.HostConfig.deployDirectory Deployment of web application directory [C:\Users\Nijamudeen\Desktop\im2073webproj\tomcat\webapps\figshop] has finished in [309] ms
15-Apr-2019 20:21:12.475 INFO [main] org.apache.catalina.startup.HostConfig.deployDirectory Deploying web application directory [C:\Users\Nijamudeen\Desktop\im2073webproj\tomcat\webapps\host-manager]
15-Apr-2019 20:21:12.777 INFO [main] org.apache.jasper.servlet.TldScanner.scanJars At least one JAR was scanned for TLDs yet contained no TLDs. Enable debug logging for this logger for a complete list of JARs that were scanned but no TLDs were found in them. Skipping unneeded JARs during scanning can improve startup time and JSP compilation time.
15-Apr-2019 20:21:12.785 INFO [main] org.apache.catalina.startup.HostConfig.deployDirectory Deployment of web application directory [C:\Users\Nijamudeen\Desktop\im2073webproj\tomcat\webapps\host-manager] has finished in [311] ms
15-Apr-2019 20:21:12.787 INFO [main] org.apache.catalina.startup.HostConfig.deployDirectory Deploying web application directory [C:\Users\Nijamudeen\Desktop\im2073webproj\tomcat\webapps\manager]
15-Apr-2019 20:21:13.051 INFO [main] org.apache.jasper.servlet.TldScanner.scanJars At least one JAR was scanned for TLDs yet contained no TLDs. Enable debug logging for this logger for a complete list of JARs that were scanned but no TLDs were found in them. Skipping unneeded JARs during scanning can improve startup time and JSP compilation time.
15-Apr-2019 20:21:13.058 INFO [main] org.apache.catalina.startup.HostConfig.deployDirectory Deployment of web application directory [C:\Users\Nijamudeen\Desktop\im2073webproj\tomcat\webapps\manager] has finished in [270] ms
15-Apr-2019 20:21:13.059 INFO [main] org.apache.catalina.startup.HostConfig.deployDirectory Deploying web application directory [C:\Users\Nijamudeen\Desktop\im2073webproj\tomcat\webapps\ROOT]
15-Apr-2019 20:21:13.344 INFO [main] org.apache.jasper.servlet.TldScanner.scanJars At least one JAR was scanned for TLDs yet contained no TLDs. Enable debug logging for this logger for a complete list of JARs that were scanned but no TLDs were found in them. Skipping unneeded JARs during scanning can improve startup time and JSP compilation time.
15-Apr-2019 20:21:13.349 INFO [main] org.apache.catalina.startup.HostConfig.deployDirectory Deployment of web application directory [C:\Users\Nijamudeen\Desktop\im2073webproj\tomcat\webapps\ROOT] has finished in [290] ms
15-Apr-2019 20:21:13.362 INFO [main] org.apache.coyote.AbstractProtocol.start Starting ProtocolHandler ["http-nio-9999"]
15-Apr-2019 20:21:13.377 INFO [main] org.apache.coyote.AbstractProtocol.start Starting ProtocolHandler ["ajp-nio-8009"]
15-Apr-2019 20:21:13.393 INFO [main] org.apache.catalina.startup.Catalina.start Server startup in [3,511] milliseconds
15-Apr-2019 20:49:18.344 INFO [Catalina-utility-1] org.apache.catalina.core.StandardContext.reload Reloading Context with name [/clicker] has started
15-Apr-2019 20:49:18.724 INFO [Catalina-utility-1] org.apache.jasper.servlet.TldScanner.scanJars At least one JAR was scanned for TLDs yet contained no TLDs. Enable debug logging for this logger for a complete list of JARs that were scanned but no TLDs were found in them. Skipping unneeded JARs during scanning can improve startup time and JSP compilation time.
15-Apr-2019 20:49:18.737 INFO [Catalina-utility-1] org.apache.catalina.core.StandardContext.reload Reloading Context with name [/clicker] is completed
15-Apr-2019 20:59:19.813 INFO [Catalina-utility-2] org.apache.catalina.core.StandardContext.reload Reloading Context with name [/clicker] has started
15-Apr-2019 20:59:20.120 INFO [Catalina-utility-2] org.apache.jasper.servlet.TldScanner.scanJars At least one JAR was scanned for TLDs yet contained no TLDs. Enable debug logging for this logger for a complete list of JARs that were scanned but no TLDs were found in them. Skipping unneeded JARs during scanning can improve startup time and JSP compilation time.
15-Apr-2019 20:59:20.124 INFO [Catalina-utility-2] org.apache.catalina.core.StandardContext.reload Reloading Context with name [/clicker] is completed
15-Apr-2019 21:01:00.286 INFO [Catalina-utility-1] org.apache.catalina.core.StandardContext.reload Reloading Context with name [/clicker] has started
15-Apr-2019 21:01:00.530 INFO [Catalina-utility-1] org.apache.jasper.servlet.TldScanner.scanJars At least one JAR was scanned for TLDs yet contained no TLDs. Enable debug logging for this logger for a complete list of JARs that were scanned but no TLDs were found in them. Skipping unneeded JARs during scanning can improve startup time and JSP compilation time.
15-Apr-2019 21:01:00.533 INFO [Catalina-utility-1] org.apache.catalina.core.StandardContext.reload Reloading Context with name [/clicker] is completed
15-Apr-2019 21:01:10.551 INFO [Catalina-utility-1] org.apache.catalina.core.StandardContext.reload Reloading Context with name [/clicker] has started
15-Apr-2019 21:01:10.779 INFO [Catalina-utility-1] org.apache.jasper.servlet.TldScanner.scanJars At least one JAR was scanned for TLDs yet contained no TLDs. Enable debug logging for this logger for a complete list of JARs that were scanned but no TLDs were found in them. Skipping unneeded JARs during scanning can improve startup time and JSP compilation time.
15-Apr-2019 21:01:10.782 INFO [Catalina-utility-1] org.apache.catalina.core.StandardContext.reload Reloading Context with name [/clicker] is completed
15-Apr-2019 21:04:31.163 INFO [Catalina-utility-2] org.apache.catalina.core.StandardContext.reload Reloading Context with name [/clicker] has started
15-Apr-2019 21:04:31.412 INFO [Catalina-utility-2] org.apache.jasper.servlet.TldScanner.scanJars At least one JAR was scanned for TLDs yet contained no TLDs. Enable debug logging for this logger for a complete list of JARs that were scanned but no TLDs were found in them. Skipping unneeded JARs during scanning can improve startup time and JSP compilation time.
15-Apr-2019 21:04:31.415 INFO [Catalina-utility-2] org.apache.catalina.core.StandardContext.reload Reloading Context with name [/clicker] is completed
15-Apr-2019 21:06:21.615 INFO [Catalina-utility-1] org.apache.catalina.core.StandardContext.reload Reloading Context with name [/clicker] has started
15-Apr-2019 21:06:22.307 INFO [Catalina-utility-1] org.apache.jasper.servlet.TldScanner.scanJars At least one JAR was scanned for TLDs yet contained no TLDs. Enable debug logging for this logger for a complete list of JARs that were scanned but no TLDs were found in them. Skipping unneeded JARs during scanning can improve startup time and JSP compilation time.
15-Apr-2019 21:06:22.314 INFO [Catalina-utility-1] org.apache.catalina.core.StandardContext.reload Reloading Context with name [/clicker] is completed
15-Apr-2019 21:16:03.424 INFO [Catalina-utility-1] org.apache.catalina.core.StandardContext.reload Reloading Context with name [/clicker] has started
15-Apr-2019 21:16:03.744 INFO [Catalina-utility-1] org.apache.jasper.servlet.TldScanner.scanJars At least one JAR was scanned for TLDs yet contained no TLDs. Enable debug logging for this logger for a complete list of JARs that were scanned but no TLDs were found in them. Skipping unneeded JARs during scanning can improve startup time and JSP compilation time.
15-Apr-2019 21:16:03.746 INFO [Catalina-utility-1] org.apache.catalina.core.StandardContext.reload Reloading Context with name [/clicker] is completed
15-Apr-2019 21:19:04.108 INFO [Catalina-utility-1] org.apache.catalina.core.StandardContext.reload Reloading Context with name [/clicker] has started
15-Apr-2019 21:19:04.346 INFO [Catalina-utility-1] org.apache.jasper.servlet.TldScanner.scanJars At least one JAR was scanned for TLDs yet contained no TLDs. Enable debug logging for this logger for a complete list of JARs that were scanned but no TLDs were found in them. Skipping unneeded JARs during scanning can improve startup time and JSP compilation time.
15-Apr-2019 21:19:04.349 INFO [Catalina-utility-1] org.apache.catalina.core.StandardContext.reload Reloading Context with name [/clicker] is completed
15-Apr-2019 21:20:34.584 INFO [Catalina-utility-2] org.apache.catalina.core.StandardContext.reload Reloading Context with name [/clicker] has started
15-Apr-2019 21:20:35.279 INFO [Catalina-utility-2] org.apache.jasper.servlet.TldScanner.scanJars At least one JAR was scanned for TLDs yet contained no TLDs. Enable debug logging for this logger for a complete list of JARs that were scanned but no TLDs were found in them. Skipping unneeded JARs during scanning can improve startup time and JSP compilation time.
15-Apr-2019 21:20:35.290 INFO [Catalina-utility-2] org.apache.catalina.core.StandardContext.reload Reloading Context with name [/clicker] is completed
15-Apr-2019 21:22:55.527 INFO [Catalina-utility-2] org.apache.catalina.core.StandardContext.reload Reloading Context with name [/clicker] has started
15-Apr-2019 21:22:55.766 INFO [Catalina-utility-2] org.apache.jasper.servlet.TldScanner.scanJars At least one JAR was scanned for TLDs yet contained no TLDs. Enable debug logging for this logger for a complete list of JARs that were scanned but no TLDs were found in them. Skipping unneeded JARs during scanning can improve startup time and JSP compilation time.
15-Apr-2019 21:22:55.770 INFO [Catalina-utility-2] org.apache.catalina.core.StandardContext.reload Reloading Context with name [/clicker] is completed
15-Apr-2019 21:24:25.935 INFO [Catalina-utility-1] org.apache.catalina.core.StandardContext.reload Reloading Context with name [/clicker] has started
15-Apr-2019 21:24:26.159 INFO [Catalina-utility-1] org.apache.jasper.servlet.TldScanner.scanJars At least one JAR was scanned for TLDs yet contained no TLDs. Enable debug logging for this logger for a complete list of JARs that were scanned but no TLDs were found in them. Skipping unneeded JARs during scanning can improve startup time and JSP compilation time.
15-Apr-2019 21:24:26.162 INFO [Catalina-utility-1] org.apache.catalina.core.StandardContext.reload Reloading Context with name [/clicker] is completed
15-Apr-2019 21:24:46.216 INFO [Catalina-utility-2] org.apache.catalina.core.StandardContext.reload Reloading Context with name [/clicker] has started
15-Apr-2019 21:24:46.598 INFO [Catalina-utility-2] org.apache.jasper.servlet.TldScanner.scanJars At least one JAR was scanned for TLDs yet contained no TLDs. Enable debug logging for this logger for a complete list of JARs that were scanned but no TLDs were found in them. Skipping unneeded JARs during scanning can improve startup time and JSP compilation time.
15-Apr-2019 21:24:46.601 INFO [Catalina-utility-2] org.apache.catalina.core.StandardContext.reload Reloading Context with name [/clicker] is completed
15-Apr-2019 21:25:16.700 INFO [Catalina-utility-2] org.apache.catalina.core.StandardContext.reload Reloading Context with name [/clicker] has started
15-Apr-2019 21:25:17.093 INFO [Catalina-utility-2] org.apache.jasper.servlet.TldScanner.scanJars At least one JAR was scanned for TLDs yet contained no TLDs. Enable debug logging for this logger for a complete list of JARs that were scanned but no TLDs were found in them. Skipping unneeded JARs during scanning can improve startup time and JSP compilation time.
15-Apr-2019 21:25:17.095 INFO [Catalina-utility-2] org.apache.catalina.core.StandardContext.reload Reloading Context with name [/clicker] is completed
15-Apr-2019 21:29:07.466 INFO [Catalina-utility-1] org.apache.catalina.core.StandardContext.reload Reloading Context with name [/clicker] has started
15-Apr-2019 21:29:07.980 INFO [Catalina-utility-1] org.apache.jasper.servlet.TldScanner.scanJars At least one JAR was scanned for TLDs yet contained no TLDs. Enable debug logging for this logger for a complete list of JARs that were scanned but no TLDs were found in them. Skipping unneeded JARs during scanning can improve startup time and JSP compilation time.
15-Apr-2019 21:29:07.987 INFO [Catalina-utility-1] org.apache.catalina.core.StandardContext.reload Reloading Context with name [/clicker] is completed
15-Apr-2019 21:29:48.126 INFO [Catalina-utility-2] org.apache.catalina.core.StandardContext.reload Reloading Context with name [/clicker] has started
15-Apr-2019 21:29:48.442 INFO [Catalina-utility-2] org.apache.jasper.servlet.TldScanner.scanJars At least one JAR was scanned for TLDs yet contained no TLDs. Enable debug logging for this logger for a complete list of JARs that were scanned but no TLDs were found in them. Skipping unneeded JARs during scanning can improve startup time and JSP compilation time.
15-Apr-2019 21:29:48.444 INFO [Catalina-utility-2] org.apache.catalina.core.StandardContext.reload Reloading Context with name [/clicker] is completed
15-Apr-2019 21:32:58.818 INFO [Catalina-utility-1] org.apache.catalina.core.StandardContext.reload Reloading Context with name [/clicker] has started
15-Apr-2019 21:32:59.137 INFO [Catalina-utility-1] org.apache.jasper.servlet.TldScanner.scanJars At least one JAR was scanned for TLDs yet contained no TLDs. Enable debug logging for this logger for a complete list of JARs that were scanned but no TLDs were found in them. Skipping unneeded JARs during scanning can improve startup time and JSP compilation time.
15-Apr-2019 21:32:59.140 INFO [Catalina-utility-1] org.apache.catalina.core.StandardContext.reload Reloading Context with name [/clicker] is completed
15-Apr-2019 21:40:17.349 INFO [main] org.apache.catalina.core.StandardServer.await A valid shutdown command was received via the shutdown port. Stopping the Server instance.
15-Apr-2019 21:40:17.364 INFO [main] org.apache.coyote.AbstractProtocol.pause Pausing ProtocolHandler ["http-nio-9999"]
15-Apr-2019 21:40:17.459 INFO [main] org.apache.coyote.AbstractProtocol.pause Pausing ProtocolHandler ["ajp-nio-8009"]
15-Apr-2019 21:40:17.533 INFO [main] org.apache.catalina.core.StandardService.stopInternal Stopping service [Catalina]
15-Apr-2019 21:40:17.565 INFO [main] org.apache.coyote.AbstractProtocol.stop Stopping ProtocolHandler ["http-nio-9999"]
15-Apr-2019 21:40:17.565 INFO [main] org.apache.coyote.AbstractProtocol.stop Stopping ProtocolHandler ["ajp-nio-8009"]
15-Apr-2019 21:40:17.580 INFO [main] org.apache.coyote.AbstractProtocol.destroy Destroying ProtocolHandler ["http-nio-9999"]
15-Apr-2019 21:40:17.580 INFO [main] org.apache.coyote.AbstractProtocol.destroy Destroying ProtocolHandler ["ajp-nio-8009"]
