17-Mar-2019 13:49:24.574 INFO [Thread-4] org.apache.coyote.AbstractProtocol.pause Pausing ProtocolHandler ["http-nio-9999"]
17-Mar-2019 13:49:24.681 INFO [Thread-4] org.apache.coyote.AbstractProtocol.pause Pausing ProtocolHandler ["ajp-nio-8009"]
17-Mar-2019 13:49:24.754 INFO [Thread-4] org.apache.catalina.core.StandardService.stopInternal Stopping service [Catalina]
17-Mar-2019 13:49:24.783 INFO [Thread-4] org.apache.coyote.AbstractProtocol.stop Stopping ProtocolHandler ["http-nio-9999"]
17-Mar-2019 13:49:24.786 INFO [Thread-4] org.apache.coyote.AbstractProtocol.stop Stopping ProtocolHandler ["ajp-nio-8009"]
17-Mar-2019 13:49:24.790 INFO [Thread-4] org.apache.coyote.AbstractProtocol.destroy Destroying ProtocolHandler ["http-nio-9999"]
17-Mar-2019 13:49:24.792 INFO [Thread-4] org.apache.coyote.AbstractProtocol.destroy Destroying ProtocolHandler ["ajp-nio-8009"]
17-Mar-2019 13:57:54.817 INFO [main] org.apache.catalina.startup.VersionLoggerListener.log Server version name:   Apache Tomcat/9.0.16
17-Mar-2019 13:57:54.826 INFO [main] org.apache.catalina.startup.VersionLoggerListener.log Server built:          Feb 4 2019 16:30:29 UTC
17-Mar-2019 13:57:54.826 INFO [main] org.apache.catalina.startup.VersionLoggerListener.log Server version number: 9.0.16.0
17-Mar-2019 13:57:54.826 INFO [main] org.apache.catalina.startup.VersionLoggerListener.log OS Name:               Windows 10
17-Mar-2019 13:57:54.829 INFO [main] org.apache.catalina.startup.VersionLoggerListener.log OS Version:            10.0
17-Mar-2019 13:57:54.829 INFO [main] org.apache.catalina.startup.VersionLoggerListener.log Architecture:          amd64
17-Mar-2019 13:57:54.829 INFO [main] org.apache.catalina.startup.VersionLoggerListener.log Java Home:             C:\Program Files\Java\jdk-10.0.2
17-Mar-2019 13:57:54.830 INFO [main] org.apache.catalina.startup.VersionLoggerListener.log JVM Version:           10.0.2+13
17-Mar-2019 13:57:54.830 INFO [main] org.apache.catalina.startup.VersionLoggerListener.log JVM Vendor:            "Oracle Corporation"
17-Mar-2019 13:57:54.830 INFO [main] org.apache.catalina.startup.VersionLoggerListener.log CATALINA_BASE:         C:\Users\Nijamudeen\Desktop\im2073webproj\tomcat
17-Mar-2019 13:57:54.831 INFO [main] org.apache.catalina.startup.VersionLoggerListener.log CATALINA_HOME:         C:\Users\Nijamudeen\Desktop\im2073webproj\tomcat
17-Mar-2019 13:57:54.832 INFO [main] org.apache.catalina.startup.VersionLoggerListener.log Command line argument: --add-opens=java.base/java.lang=ALL-UNNAMED
17-Mar-2019 13:57:54.832 INFO [main] org.apache.catalina.startup.VersionLoggerListener.log Command line argument: --add-opens=java.base/java.io=ALL-UNNAMED
17-Mar-2019 13:57:54.832 INFO [main] org.apache.catalina.startup.VersionLoggerListener.log Command line argument: --add-opens=java.rmi/sun.rmi.transport=ALL-UNNAMED
17-Mar-2019 13:57:54.833 INFO [main] org.apache.catalina.startup.VersionLoggerListener.log Command line argument: -Djava.util.logging.config.file=C:\Users\Nijamudeen\Desktop\im2073webproj\tomcat\conf\logging.properties
17-Mar-2019 13:57:54.833 INFO [main] org.apache.catalina.startup.VersionLoggerListener.log Command line argument: -Djava.util.logging.manager=org.apache.juli.ClassLoaderLogManager
17-Mar-2019 13:57:54.834 INFO [main] org.apache.catalina.startup.VersionLoggerListener.log Command line argument: -Djdk.tls.ephemeralDHKeySize=2048
17-Mar-2019 13:57:54.835 INFO [main] org.apache.catalina.startup.VersionLoggerListener.log Command line argument: -Djava.protocol.handler.pkgs=org.apache.catalina.webresources
17-Mar-2019 13:57:54.837 INFO [main] org.apache.catalina.startup.VersionLoggerListener.log Command line argument: -Dignore.endorsed.dirs=
17-Mar-2019 13:57:54.837 INFO [main] org.apache.catalina.startup.VersionLoggerListener.log Command line argument: -Dcatalina.base=C:\Users\Nijamudeen\Desktop\im2073webproj\tomcat
17-Mar-2019 13:57:54.839 INFO [main] org.apache.catalina.startup.VersionLoggerListener.log Command line argument: -Dcatalina.home=C:\Users\Nijamudeen\Desktop\im2073webproj\tomcat
17-Mar-2019 13:57:54.840 INFO [main] org.apache.catalina.startup.VersionLoggerListener.log Command line argument: -Djava.io.tmpdir=C:\Users\Nijamudeen\Desktop\im2073webproj\tomcat\temp
17-Mar-2019 13:57:54.854 INFO [main] org.apache.catalina.core.AprLifecycleListener.lifecycleEvent The APR based Apache Tomcat Native library which allows optimal performance in production environments was not found on the java.library.path: [C:\Program Files\Java\jdk-10.0.2\bin;C:\WINDOWS\Sun\Java\bin;C:\WINDOWS\system32;C:\WINDOWS;C:\Program Files\Java\jdk-10.0.2\bin;C:\Program Files (x86)\Common Files\Oracle\Java\javapath;C:\Program Files (x86)\Intel\iCLS Client\;C:\Program Files\Intel\iCLS Client\;C:\WINDOWS\system32;C:\WINDOWS;C:\WINDOWS\System32\Wbem;C:\WINDOWS\System32\WindowsPowerShell\v1.0\;C:\Program Files (x86)\Intel\Intel(R) Management Engine Components\DAL;C:\Program Files\Intel\Intel(R) Management Engine Components\DAL;C:\Program Files (x86)\Intel\Intel(R) Management Engine Components\IPT;C:\Program Files\Intel\Intel(R) Management Engine Components\IPT;C:\WINDOWS\System32\OpenSSH\;C:\Program Files\Git\cmd;C:\TDM-GCC-64\bin;C:\Program Files\nodejs\;C:\Program Files\dotnet\;C:\Users\Nijamudeen\AppData\Local\Microsoft\WindowsApps;C:\Users\Nijamudeen\AppData\Roaming\npm;C:\Users\Nijamudeen\.dotnet\tools;C:\Users\Nijamudeen\AppData\Local\Programs\Microsoft VS Code\bin;.]
17-Mar-2019 13:57:54.931 INFO [main] org.apache.coyote.AbstractProtocol.init Initializing ProtocolHandler ["http-nio-9999"]
17-Mar-2019 13:57:55.062 INFO [main] org.apache.coyote.AbstractProtocol.init Initializing ProtocolHandler ["ajp-nio-8009"]
17-Mar-2019 13:57:55.069 INFO [main] org.apache.catalina.startup.Catalina.load Server initialization in [773] milliseconds
17-Mar-2019 13:57:55.152 INFO [main] org.apache.catalina.core.StandardService.startInternal Starting service [Catalina]
17-Mar-2019 13:57:55.152 INFO [main] org.apache.catalina.core.StandardEngine.startInternal Starting Servlet engine: [Apache Tomcat/9.0.16]
17-Mar-2019 13:57:55.172 INFO [main] org.apache.catalina.startup.HostConfig.deployDirectory Deploying web application directory [C:\Users\Nijamudeen\Desktop\im2073webproj\tomcat\webapps\docs]
17-Mar-2019 13:57:55.984 INFO [main] org.apache.jasper.servlet.TldScanner.scanJars At least one JAR was scanned for TLDs yet contained no TLDs. Enable debug logging for this logger for a complete list of JARs that were scanned but no TLDs were found in them. Skipping unneeded JARs during scanning can improve startup time and JSP compilation time.
17-Mar-2019 13:57:56.096 INFO [main] org.apache.catalina.startup.HostConfig.deployDirectory Deployment of web application directory [C:\Users\Nijamudeen\Desktop\im2073webproj\tomcat\webapps\docs] has finished in [924] ms
17-Mar-2019 13:57:56.102 INFO [main] org.apache.catalina.startup.HostConfig.deployDirectory Deploying web application directory [C:\Users\Nijamudeen\Desktop\im2073webproj\tomcat\webapps\examples]
17-Mar-2019 13:57:57.894 INFO [main] org.apache.jasper.servlet.TldScanner.scanJars At least one JAR was scanned for TLDs yet contained no TLDs. Enable debug logging for this logger for a complete list of JARs that were scanned but no TLDs were found in them. Skipping unneeded JARs during scanning can improve startup time and JSP compilation time.
17-Mar-2019 13:57:57.958 INFO [main] org.apache.catalina.startup.HostConfig.deployDirectory Deployment of web application directory [C:\Users\Nijamudeen\Desktop\im2073webproj\tomcat\webapps\examples] has finished in [1,854] ms
17-Mar-2019 13:57:57.960 INFO [main] org.apache.catalina.startup.HostConfig.deployDirectory Deploying web application directory [C:\Users\Nijamudeen\Desktop\im2073webproj\tomcat\webapps\figshop]
17-Mar-2019 13:57:58.311 INFO [main] org.apache.jasper.servlet.TldScanner.scanJars At least one JAR was scanned for TLDs yet contained no TLDs. Enable debug logging for this logger for a complete list of JARs that were scanned but no TLDs were found in them. Skipping unneeded JARs during scanning can improve startup time and JSP compilation time.
17-Mar-2019 13:57:58.330 INFO [main] org.apache.catalina.startup.HostConfig.deployDirectory Deployment of web application directory [C:\Users\Nijamudeen\Desktop\im2073webproj\tomcat\webapps\figshop] has finished in [370] ms
17-Mar-2019 13:57:58.331 INFO [main] org.apache.catalina.startup.HostConfig.deployDirectory Deploying web application directory [C:\Users\Nijamudeen\Desktop\im2073webproj\tomcat\webapps\host-manager]
17-Mar-2019 13:57:58.661 INFO [main] org.apache.jasper.servlet.TldScanner.scanJars At least one JAR was scanned for TLDs yet contained no TLDs. Enable debug logging for this logger for a complete list of JARs that were scanned but no TLDs were found in them. Skipping unneeded JARs during scanning can improve startup time and JSP compilation time.
17-Mar-2019 13:57:58.667 INFO [main] org.apache.catalina.startup.HostConfig.deployDirectory Deployment of web application directory [C:\Users\Nijamudeen\Desktop\im2073webproj\tomcat\webapps\host-manager] has finished in [336] ms
17-Mar-2019 13:57:58.674 INFO [main] org.apache.catalina.startup.HostConfig.deployDirectory Deploying web application directory [C:\Users\Nijamudeen\Desktop\im2073webproj\tomcat\webapps\manager]
17-Mar-2019 13:57:58.963 INFO [main] org.apache.jasper.servlet.TldScanner.scanJars At least one JAR was scanned for TLDs yet contained no TLDs. Enable debug logging for this logger for a complete list of JARs that were scanned but no TLDs were found in them. Skipping unneeded JARs during scanning can improve startup time and JSP compilation time.
17-Mar-2019 13:57:58.970 INFO [main] org.apache.catalina.startup.HostConfig.deployDirectory Deployment of web application directory [C:\Users\Nijamudeen\Desktop\im2073webproj\tomcat\webapps\manager] has finished in [297] ms
17-Mar-2019 13:57:58.972 INFO [main] org.apache.catalina.startup.HostConfig.deployDirectory Deploying web application directory [C:\Users\Nijamudeen\Desktop\im2073webproj\tomcat\webapps\ROOT]
17-Mar-2019 13:57:59.247 INFO [main] org.apache.jasper.servlet.TldScanner.scanJars At least one JAR was scanned for TLDs yet contained no TLDs. Enable debug logging for this logger for a complete list of JARs that were scanned but no TLDs were found in them. Skipping unneeded JARs during scanning can improve startup time and JSP compilation time.
17-Mar-2019 13:57:59.252 INFO [main] org.apache.catalina.startup.HostConfig.deployDirectory Deployment of web application directory [C:\Users\Nijamudeen\Desktop\im2073webproj\tomcat\webapps\ROOT] has finished in [280] ms
17-Mar-2019 13:57:59.262 INFO [main] org.apache.coyote.AbstractProtocol.start Starting ProtocolHandler ["http-nio-9999"]
17-Mar-2019 13:57:59.273 INFO [main] org.apache.coyote.AbstractProtocol.start Starting ProtocolHandler ["ajp-nio-8009"]
17-Mar-2019 13:57:59.279 INFO [main] org.apache.catalina.startup.Catalina.start Server startup in [4,209] milliseconds
17-Mar-2019 14:19:35.992 INFO [Catalina-utility-1] org.apache.catalina.core.StandardContext.reload Reloading Context with name [/figshop] has started
17-Mar-2019 14:19:36.594 INFO [Catalina-utility-1] org.apache.jasper.servlet.TldScanner.scanJars At least one JAR was scanned for TLDs yet contained no TLDs. Enable debug logging for this logger for a complete list of JARs that were scanned but no TLDs were found in them. Skipping unneeded JARs during scanning can improve startup time and JSP compilation time.
17-Mar-2019 14:19:36.602 INFO [Catalina-utility-1] org.apache.catalina.core.StandardContext.reload Reloading Context with name [/figshop] is completed
17-Mar-2019 14:20:56.984 INFO [Catalina-utility-1] org.apache.catalina.core.StandardContext.reload Reloading Context with name [/figshop] has started
17-Mar-2019 14:20:57.550 INFO [Catalina-utility-1] org.apache.jasper.servlet.TldScanner.scanJars At least one JAR was scanned for TLDs yet contained no TLDs. Enable debug logging for this logger for a complete list of JARs that were scanned but no TLDs were found in them. Skipping unneeded JARs during scanning can improve startup time and JSP compilation time.
17-Mar-2019 14:20:57.559 INFO [Catalina-utility-1] org.apache.catalina.core.StandardContext.reload Reloading Context with name [/figshop] is completed
17-Mar-2019 14:23:38.289 INFO [Catalina-utility-1] org.apache.catalina.core.StandardContext.reload Reloading Context with name [/figshop] has started
17-Mar-2019 14:23:38.916 INFO [Catalina-utility-1] org.apache.jasper.servlet.TldScanner.scanJars At least one JAR was scanned for TLDs yet contained no TLDs. Enable debug logging for this logger for a complete list of JARs that were scanned but no TLDs were found in them. Skipping unneeded JARs during scanning can improve startup time and JSP compilation time.
17-Mar-2019 14:23:38.924 INFO [Catalina-utility-1] org.apache.catalina.core.StandardContext.reload Reloading Context with name [/figshop] is completed
17-Mar-2019 14:25:29.512 INFO [Catalina-utility-2] org.apache.catalina.core.StandardContext.reload Reloading Context with name [/figshop] has started
17-Mar-2019 14:25:30.032 INFO [Catalina-utility-2] org.apache.jasper.servlet.TldScanner.scanJars At least one JAR was scanned for TLDs yet contained no TLDs. Enable debug logging for this logger for a complete list of JARs that were scanned but no TLDs were found in them. Skipping unneeded JARs during scanning can improve startup time and JSP compilation time.
17-Mar-2019 14:25:30.035 INFO [Catalina-utility-2] org.apache.catalina.core.StandardContext.reload Reloading Context with name [/figshop] is completed
17-Mar-2019 14:46:16.472 INFO [Catalina-utility-1] org.apache.catalina.core.StandardContext.reload Reloading Context with name [/figshop] has started
17-Mar-2019 14:46:17.062 INFO [Catalina-utility-1] org.apache.jasper.servlet.TldScanner.scanJars At least one JAR was scanned for TLDs yet contained no TLDs. Enable debug logging for this logger for a complete list of JARs that were scanned but no TLDs were found in them. Skipping unneeded JARs during scanning can improve startup time and JSP compilation time.
17-Mar-2019 14:46:17.080 INFO [Catalina-utility-1] org.apache.catalina.core.StandardContext.reload Reloading Context with name [/figshop] is completed
17-Mar-2019 14:47:57.530 INFO [Catalina-utility-2] org.apache.catalina.core.StandardContext.reload Reloading Context with name [/figshop] has started
17-Mar-2019 14:47:58.181 INFO [Catalina-utility-2] org.apache.jasper.servlet.TldScanner.scanJars At least one JAR was scanned for TLDs yet contained no TLDs. Enable debug logging for this logger for a complete list of JARs that were scanned but no TLDs were found in them. Skipping unneeded JARs during scanning can improve startup time and JSP compilation time.
17-Mar-2019 14:47:58.192 INFO [Catalina-utility-2] org.apache.catalina.core.StandardContext.reload Reloading Context with name [/figshop] is completed
17-Mar-2019 14:52:09.429 INFO [Catalina-utility-2] org.apache.catalina.core.StandardContext.reload Reloading Context with name [/figshop] has started
17-Mar-2019 14:52:09.967 INFO [Catalina-utility-2] org.apache.jasper.servlet.TldScanner.scanJars At least one JAR was scanned for TLDs yet contained no TLDs. Enable debug logging for this logger for a complete list of JARs that were scanned but no TLDs were found in them. Skipping unneeded JARs during scanning can improve startup time and JSP compilation time.
17-Mar-2019 14:52:09.977 INFO [Catalina-utility-2] org.apache.catalina.core.StandardContext.reload Reloading Context with name [/figshop] is completed
17-Mar-2019 14:57:31.822 INFO [Catalina-utility-2] org.apache.catalina.core.StandardContext.reload Reloading Context with name [/figshop] has started
17-Mar-2019 14:57:32.388 INFO [Catalina-utility-2] org.apache.jasper.servlet.TldScanner.scanJars At least one JAR was scanned for TLDs yet contained no TLDs. Enable debug logging for this logger for a complete list of JARs that were scanned but no TLDs were found in them. Skipping unneeded JARs during scanning can improve startup time and JSP compilation time.
17-Mar-2019 14:57:32.396 INFO [Catalina-utility-2] org.apache.catalina.core.StandardContext.reload Reloading Context with name [/figshop] is completed
17-Mar-2019 14:59:22.955 INFO [Catalina-utility-1] org.apache.catalina.core.StandardContext.reload Reloading Context with name [/figshop] has started
17-Mar-2019 14:59:23.380 INFO [Catalina-utility-1] org.apache.jasper.servlet.TldScanner.scanJars At least one JAR was scanned for TLDs yet contained no TLDs. Enable debug logging for this logger for a complete list of JARs that were scanned but no TLDs were found in them. Skipping unneeded JARs during scanning can improve startup time and JSP compilation time.
17-Mar-2019 14:59:23.384 INFO [Catalina-utility-1] org.apache.catalina.core.StandardContext.reload Reloading Context with name [/figshop] is completed
17-Mar-2019 14:59:43.483 INFO [Catalina-utility-2] org.apache.catalina.core.StandardContext.reload Reloading Context with name [/figshop] has started
17-Mar-2019 14:59:44.032 INFO [Catalina-utility-2] org.apache.jasper.servlet.TldScanner.scanJars At least one JAR was scanned for TLDs yet contained no TLDs. Enable debug logging for this logger for a complete list of JARs that were scanned but no TLDs were found in them. Skipping unneeded JARs during scanning can improve startup time and JSP compilation time.
17-Mar-2019 14:59:44.039 INFO [Catalina-utility-2] org.apache.catalina.core.StandardContext.reload Reloading Context with name [/figshop] is completed
17-Mar-2019 15:01:04.717 INFO [Catalina-utility-2] org.apache.catalina.core.StandardContext.reload Reloading Context with name [/figshop] has started
17-Mar-2019 15:01:05.179 INFO [Catalina-utility-2] org.apache.jasper.servlet.TldScanner.scanJars At least one JAR was scanned for TLDs yet contained no TLDs. Enable debug logging for this logger for a complete list of JARs that were scanned but no TLDs were found in them. Skipping unneeded JARs during scanning can improve startup time and JSP compilation time.
17-Mar-2019 15:01:05.181 INFO [Catalina-utility-2] org.apache.catalina.core.StandardContext.reload Reloading Context with name [/figshop] is completed
17-Mar-2019 15:02:46.026 INFO [Catalina-utility-1] org.apache.catalina.core.StandardContext.reload Reloading Context with name [/figshop] has started
17-Mar-2019 15:02:46.545 INFO [Catalina-utility-1] org.apache.jasper.servlet.TldScanner.scanJars At least one JAR was scanned for TLDs yet contained no TLDs. Enable debug logging for this logger for a complete list of JARs that were scanned but no TLDs were found in them. Skipping unneeded JARs during scanning can improve startup time and JSP compilation time.
17-Mar-2019 15:02:46.552 INFO [Catalina-utility-1] org.apache.catalina.core.StandardContext.reload Reloading Context with name [/figshop] is completed
17-Mar-2019 15:06:47.789 INFO [Catalina-utility-1] org.apache.catalina.core.StandardContext.reload Reloading Context with name [/figshop] has started
17-Mar-2019 15:06:48.342 INFO [Catalina-utility-1] org.apache.jasper.servlet.TldScanner.scanJars At least one JAR was scanned for TLDs yet contained no TLDs. Enable debug logging for this logger for a complete list of JARs that were scanned but no TLDs were found in them. Skipping unneeded JARs during scanning can improve startup time and JSP compilation time.
17-Mar-2019 15:06:48.349 INFO [Catalina-utility-1] org.apache.catalina.core.StandardContext.reload Reloading Context with name [/figshop] is completed
17-Mar-2019 15:07:38.531 INFO [Catalina-utility-1] org.apache.catalina.core.StandardContext.reload Reloading Context with name [/figshop] has started
17-Mar-2019 15:07:39.036 INFO [Catalina-utility-1] org.apache.jasper.servlet.TldScanner.scanJars At least one JAR was scanned for TLDs yet contained no TLDs. Enable debug logging for this logger for a complete list of JARs that were scanned but no TLDs were found in them. Skipping unneeded JARs during scanning can improve startup time and JSP compilation time.
17-Mar-2019 15:07:39.041 INFO [Catalina-utility-1] org.apache.catalina.core.StandardContext.reload Reloading Context with name [/figshop] is completed
17-Mar-2019 15:11:00.058 INFO [Catalina-utility-2] org.apache.catalina.startup.HostConfig.reload Reloading context [/figshop]
17-Mar-2019 15:11:00.073 INFO [Catalina-utility-2] org.apache.catalina.core.StandardContext.reload Reloading Context with name [/figshop] has started
17-Mar-2019 15:11:00.584 INFO [Catalina-utility-2] org.apache.jasper.servlet.TldScanner.scanJars At least one JAR was scanned for TLDs yet contained no TLDs. Enable debug logging for this logger for a complete list of JARs that were scanned but no TLDs were found in them. Skipping unneeded JARs during scanning can improve startup time and JSP compilation time.
17-Mar-2019 15:11:00.584 INFO [Catalina-utility-2] org.apache.catalina.core.StandardContext.reload Reloading Context with name [/figshop] is completed
17-Mar-2019 15:11:10.644 INFO [Catalina-utility-1] org.apache.catalina.core.StandardContext.reload Reloading Context with name [/figshop] has started
17-Mar-2019 15:11:11.220 INFO [Catalina-utility-1] org.apache.jasper.servlet.TldScanner.scanJars At least one JAR was scanned for TLDs yet contained no TLDs. Enable debug logging for this logger for a complete list of JARs that were scanned but no TLDs were found in them. Skipping unneeded JARs during scanning can improve startup time and JSP compilation time.
17-Mar-2019 15:11:11.224 INFO [Catalina-utility-1] org.apache.catalina.core.StandardContext.reload Reloading Context with name [/figshop] is completed
