10-Apr-2019 09:19:28.987 INFO [main] org.apache.catalina.startup.VersionLoggerListener.log Server version name:   Apache Tomcat/9.0.16
10-Apr-2019 09:19:28.987 INFO [main] org.apache.catalina.startup.VersionLoggerListener.log Server built:          Feb 4 2019 16:30:29 UTC
10-Apr-2019 09:19:28.987 INFO [main] org.apache.catalina.startup.VersionLoggerListener.log Server version number: 9.0.16.0
10-Apr-2019 09:19:28.987 INFO [main] org.apache.catalina.startup.VersionLoggerListener.log OS Name:               Windows 10
10-Apr-2019 09:19:28.987 INFO [main] org.apache.catalina.startup.VersionLoggerListener.log OS Version:            10.0
10-Apr-2019 09:19:28.987 INFO [main] org.apache.catalina.startup.VersionLoggerListener.log Architecture:          amd64
10-Apr-2019 09:19:28.987 INFO [main] org.apache.catalina.startup.VersionLoggerListener.log Java Home:             C:\Program Files\Java\jdk-10.0.2
10-Apr-2019 09:19:28.987 INFO [main] org.apache.catalina.startup.VersionLoggerListener.log JVM Version:           10.0.2+13
10-Apr-2019 09:19:28.987 INFO [main] org.apache.catalina.startup.VersionLoggerListener.log JVM Vendor:            "Oracle Corporation"
10-Apr-2019 09:19:28.987 INFO [main] org.apache.catalina.startup.VersionLoggerListener.log CATALINA_BASE:         C:\Users\Nijamudeen\Desktop\im2073webproj\tomcat
10-Apr-2019 09:19:29.003 INFO [main] org.apache.catalina.startup.VersionLoggerListener.log CATALINA_HOME:         C:\Users\Nijamudeen\Desktop\im2073webproj\tomcat
10-Apr-2019 09:19:29.003 INFO [main] org.apache.catalina.startup.VersionLoggerListener.log Command line argument: --add-opens=java.base/java.lang=ALL-UNNAMED
10-Apr-2019 09:19:29.003 INFO [main] org.apache.catalina.startup.VersionLoggerListener.log Command line argument: --add-opens=java.base/java.io=ALL-UNNAMED
10-Apr-2019 09:19:29.003 INFO [main] org.apache.catalina.startup.VersionLoggerListener.log Command line argument: --add-opens=java.rmi/sun.rmi.transport=ALL-UNNAMED
10-Apr-2019 09:19:29.003 INFO [main] org.apache.catalina.startup.VersionLoggerListener.log Command line argument: -Djava.util.logging.config.file=C:\Users\Nijamudeen\Desktop\im2073webproj\tomcat\conf\logging.properties
10-Apr-2019 09:19:29.003 INFO [main] org.apache.catalina.startup.VersionLoggerListener.log Command line argument: -Djava.util.logging.manager=org.apache.juli.ClassLoaderLogManager
10-Apr-2019 09:19:29.003 INFO [main] org.apache.catalina.startup.VersionLoggerListener.log Command line argument: -Djdk.tls.ephemeralDHKeySize=2048
10-Apr-2019 09:19:29.003 INFO [main] org.apache.catalina.startup.VersionLoggerListener.log Command line argument: -Djava.protocol.handler.pkgs=org.apache.catalina.webresources
10-Apr-2019 09:19:29.003 INFO [main] org.apache.catalina.startup.VersionLoggerListener.log Command line argument: -Dignore.endorsed.dirs=
10-Apr-2019 09:19:29.003 INFO [main] org.apache.catalina.startup.VersionLoggerListener.log Command line argument: -Dcatalina.base=C:\Users\Nijamudeen\Desktop\im2073webproj\tomcat
10-Apr-2019 09:19:29.003 INFO [main] org.apache.catalina.startup.VersionLoggerListener.log Command line argument: -Dcatalina.home=C:\Users\Nijamudeen\Desktop\im2073webproj\tomcat
10-Apr-2019 09:19:29.003 INFO [main] org.apache.catalina.startup.VersionLoggerListener.log Command line argument: -Djava.io.tmpdir=C:\Users\Nijamudeen\Desktop\im2073webproj\tomcat\temp
10-Apr-2019 09:19:29.003 INFO [main] org.apache.catalina.core.AprLifecycleListener.lifecycleEvent The APR based Apache Tomcat Native library which allows optimal performance in production environments was not found on the java.library.path: [C:\Program Files\Java\jdk-10.0.2\bin;C:\WINDOWS\Sun\Java\bin;C:\WINDOWS\system32;C:\WINDOWS;C:\Program Files\Java\jdk-10.0.2\bin;C:\Program Files (x86)\Common Files\Oracle\Java\javapath;C:\Program Files (x86)\Intel\iCLS Client\;C:\Program Files\Intel\iCLS Client\;C:\WINDOWS\system32;C:\WINDOWS;C:\WINDOWS\System32\Wbem;C:\WINDOWS\System32\WindowsPowerShell\v1.0\;C:\Program Files (x86)\Intel\Intel(R) Management Engine Components\DAL;C:\Program Files\Intel\Intel(R) Management Engine Components\DAL;C:\Program Files (x86)\Intel\Intel(R) Management Engine Components\IPT;C:\Program Files\Intel\Intel(R) Management Engine Components\IPT;C:\WINDOWS\System32\OpenSSH\;C:\Program Files\Git\cmd;C:\TDM-GCC-64\bin;C:\Program Files\nodejs\;C:\Program Files\dotnet\;C:\Users\Nijamudeen\AppData\Local\Microsoft\WindowsApps;C:\Users\Nijamudeen\AppData\Roaming\npm;C:\Users\Nijamudeen\.dotnet\tools;C:\Users\Nijamudeen\AppData\Local\Programs\Microsoft VS Code\bin;.]
10-Apr-2019 09:19:29.081 INFO [main] org.apache.coyote.AbstractProtocol.init Initializing ProtocolHandler ["http-nio-9999"]
10-Apr-2019 09:19:29.239 INFO [main] org.apache.coyote.AbstractProtocol.init Initializing ProtocolHandler ["ajp-nio-8009"]
10-Apr-2019 09:19:29.239 INFO [main] org.apache.catalina.startup.Catalina.load Server initialization in [809] milliseconds
10-Apr-2019 09:19:29.332 INFO [main] org.apache.catalina.core.StandardService.startInternal Starting service [Catalina]
10-Apr-2019 09:19:29.332 INFO [main] org.apache.catalina.core.StandardEngine.startInternal Starting Servlet engine: [Apache Tomcat/9.0.16]
10-Apr-2019 09:19:29.348 INFO [main] org.apache.catalina.startup.HostConfig.deployDirectory Deploying web application directory [C:\Users\Nijamudeen\Desktop\im2073webproj\tomcat\webapps\clicker]
10-Apr-2019 09:19:30.197 INFO [main] org.apache.jasper.servlet.TldScanner.scanJars At least one JAR was scanned for TLDs yet contained no TLDs. Enable debug logging for this logger for a complete list of JARs that were scanned but no TLDs were found in them. Skipping unneeded JARs during scanning can improve startup time and JSP compilation time.
10-Apr-2019 09:19:30.307 INFO [main] org.apache.catalina.startup.HostConfig.deployDirectory Deployment of web application directory [C:\Users\Nijamudeen\Desktop\im2073webproj\tomcat\webapps\clicker] has finished in [959] ms
10-Apr-2019 09:19:30.307 INFO [main] org.apache.catalina.startup.HostConfig.deployDirectory Deploying web application directory [C:\Users\Nijamudeen\Desktop\im2073webproj\tomcat\webapps\docs]
10-Apr-2019 09:19:30.603 INFO [main] org.apache.jasper.servlet.TldScanner.scanJars At least one JAR was scanned for TLDs yet contained no TLDs. Enable debug logging for this logger for a complete list of JARs that were scanned but no TLDs were found in them. Skipping unneeded JARs during scanning can improve startup time and JSP compilation time.
10-Apr-2019 09:19:30.603 INFO [main] org.apache.catalina.startup.HostConfig.deployDirectory Deployment of web application directory [C:\Users\Nijamudeen\Desktop\im2073webproj\tomcat\webapps\docs] has finished in [296] ms
10-Apr-2019 09:19:30.603 INFO [main] org.apache.catalina.startup.HostConfig.deployDirectory Deploying web application directory [C:\Users\Nijamudeen\Desktop\im2073webproj\tomcat\webapps\examples]
10-Apr-2019 09:19:32.001 INFO [main] org.apache.jasper.servlet.TldScanner.scanJars At least one JAR was scanned for TLDs yet contained no TLDs. Enable debug logging for this logger for a complete list of JARs that were scanned but no TLDs were found in them. Skipping unneeded JARs during scanning can improve startup time and JSP compilation time.
10-Apr-2019 09:19:32.063 INFO [main] org.apache.catalina.startup.HostConfig.deployDirectory Deployment of web application directory [C:\Users\Nijamudeen\Desktop\im2073webproj\tomcat\webapps\examples] has finished in [1,460] ms
10-Apr-2019 09:19:32.079 INFO [main] org.apache.catalina.startup.HostConfig.deployDirectory Deploying web application directory [C:\Users\Nijamudeen\Desktop\im2073webproj\tomcat\webapps\figshop]
10-Apr-2019 09:19:32.409 INFO [main] org.apache.jasper.servlet.TldScanner.scanJars At least one JAR was scanned for TLDs yet contained no TLDs. Enable debug logging for this logger for a complete list of JARs that were scanned but no TLDs were found in them. Skipping unneeded JARs during scanning can improve startup time and JSP compilation time.
10-Apr-2019 09:19:32.409 INFO [main] org.apache.catalina.startup.HostConfig.deployDirectory Deployment of web application directory [C:\Users\Nijamudeen\Desktop\im2073webproj\tomcat\webapps\figshop] has finished in [330] ms
10-Apr-2019 09:19:32.440 INFO [main] org.apache.catalina.startup.HostConfig.deployDirectory Deploying web application directory [C:\Users\Nijamudeen\Desktop\im2073webproj\tomcat\webapps\host-manager]
10-Apr-2019 09:19:32.753 INFO [main] org.apache.jasper.servlet.TldScanner.scanJars At least one JAR was scanned for TLDs yet contained no TLDs. Enable debug logging for this logger for a complete list of JARs that were scanned but no TLDs were found in them. Skipping unneeded JARs during scanning can improve startup time and JSP compilation time.
10-Apr-2019 09:19:32.753 INFO [main] org.apache.catalina.startup.HostConfig.deployDirectory Deployment of web application directory [C:\Users\Nijamudeen\Desktop\im2073webproj\tomcat\webapps\host-manager] has finished in [313] ms
10-Apr-2019 09:19:32.753 INFO [main] org.apache.catalina.startup.HostConfig.deployDirectory Deploying web application directory [C:\Users\Nijamudeen\Desktop\im2073webproj\tomcat\webapps\manager]
10-Apr-2019 09:19:33.051 INFO [main] org.apache.jasper.servlet.TldScanner.scanJars At least one JAR was scanned for TLDs yet contained no TLDs. Enable debug logging for this logger for a complete list of JARs that were scanned but no TLDs were found in them. Skipping unneeded JARs during scanning can improve startup time and JSP compilation time.
10-Apr-2019 09:19:33.051 INFO [main] org.apache.catalina.startup.HostConfig.deployDirectory Deployment of web application directory [C:\Users\Nijamudeen\Desktop\im2073webproj\tomcat\webapps\manager] has finished in [298] ms
10-Apr-2019 09:19:33.051 INFO [main] org.apache.catalina.startup.HostConfig.deployDirectory Deploying web application directory [C:\Users\Nijamudeen\Desktop\im2073webproj\tomcat\webapps\ROOT]
10-Apr-2019 09:19:33.348 INFO [main] org.apache.jasper.servlet.TldScanner.scanJars At least one JAR was scanned for TLDs yet contained no TLDs. Enable debug logging for this logger for a complete list of JARs that were scanned but no TLDs were found in them. Skipping unneeded JARs during scanning can improve startup time and JSP compilation time.
10-Apr-2019 09:19:33.348 INFO [main] org.apache.catalina.startup.HostConfig.deployDirectory Deployment of web application directory [C:\Users\Nijamudeen\Desktop\im2073webproj\tomcat\webapps\ROOT] has finished in [297] ms
10-Apr-2019 09:19:33.348 INFO [main] org.apache.coyote.AbstractProtocol.start Starting ProtocolHandler ["http-nio-9999"]
10-Apr-2019 09:19:33.363 INFO [main] org.apache.coyote.AbstractProtocol.start Starting ProtocolHandler ["ajp-nio-8009"]
10-Apr-2019 09:19:33.394 INFO [main] org.apache.catalina.startup.Catalina.start Server startup in [4,157] milliseconds
10-Apr-2019 10:18:43.543 INFO [Catalina-utility-1] org.apache.catalina.core.StandardContext.reload Reloading Context with name [/clicker] has started
10-Apr-2019 10:18:44.026 INFO [Catalina-utility-1] org.apache.jasper.servlet.TldScanner.scanJars At least one JAR was scanned for TLDs yet contained no TLDs. Enable debug logging for this logger for a complete list of JARs that were scanned but no TLDs were found in them. Skipping unneeded JARs during scanning can improve startup time and JSP compilation time.
10-Apr-2019 10:18:44.026 INFO [Catalina-utility-1] org.apache.catalina.core.StandardContext.reload Reloading Context with name [/clicker] is completed
10-Apr-2019 10:20:24.364 INFO [Catalina-utility-2] org.apache.catalina.core.StandardContext.reload Reloading Context with name [/clicker] has started
10-Apr-2019 10:20:24.660 INFO [Catalina-utility-2] org.apache.jasper.servlet.TldScanner.scanJars At least one JAR was scanned for TLDs yet contained no TLDs. Enable debug logging for this logger for a complete list of JARs that were scanned but no TLDs were found in them. Skipping unneeded JARs during scanning can improve startup time and JSP compilation time.
10-Apr-2019 10:20:24.660 INFO [Catalina-utility-2] org.apache.catalina.core.StandardContext.reload Reloading Context with name [/clicker] is completed
10-Apr-2019 10:21:54.885 INFO [Catalina-utility-1] org.apache.catalina.core.StandardContext.reload Reloading Context with name [/clicker] has started
10-Apr-2019 10:21:55.253 INFO [Catalina-utility-1] org.apache.jasper.servlet.TldScanner.scanJars At least one JAR was scanned for TLDs yet contained no TLDs. Enable debug logging for this logger for a complete list of JARs that were scanned but no TLDs were found in them. Skipping unneeded JARs during scanning can improve startup time and JSP compilation time.
10-Apr-2019 10:21:55.256 INFO [Catalina-utility-1] org.apache.catalina.core.StandardContext.reload Reloading Context with name [/clicker] is completed
10-Apr-2019 10:23:15.444 INFO [Catalina-utility-1] org.apache.catalina.core.StandardContext.reload Reloading Context with name [/clicker] has started
10-Apr-2019 10:23:15.671 INFO [Catalina-utility-1] org.apache.jasper.servlet.TldScanner.scanJars At least one JAR was scanned for TLDs yet contained no TLDs. Enable debug logging for this logger for a complete list of JARs that were scanned but no TLDs were found in them. Skipping unneeded JARs during scanning can improve startup time and JSP compilation time.
10-Apr-2019 10:23:15.671 INFO [Catalina-utility-1] org.apache.catalina.core.StandardContext.reload Reloading Context with name [/clicker] is completed
10-Apr-2019 10:24:45.847 INFO [Catalina-utility-2] org.apache.catalina.core.StandardContext.reload Reloading Context with name [/clicker] has started
10-Apr-2019 10:24:46.071 INFO [Catalina-utility-2] org.apache.jasper.servlet.TldScanner.scanJars At least one JAR was scanned for TLDs yet contained no TLDs. Enable debug logging for this logger for a complete list of JARs that were scanned but no TLDs were found in them. Skipping unneeded JARs during scanning can improve startup time and JSP compilation time.
10-Apr-2019 10:24:46.071 INFO [Catalina-utility-2] org.apache.catalina.core.StandardContext.reload Reloading Context with name [/clicker] is completed
10-Apr-2019 10:27:56.599 INFO [Catalina-utility-1] org.apache.catalina.core.StandardContext.reload Reloading Context with name [/clicker] has started
10-Apr-2019 10:27:56.929 INFO [Catalina-utility-1] org.apache.jasper.servlet.TldScanner.scanJars At least one JAR was scanned for TLDs yet contained no TLDs. Enable debug logging for this logger for a complete list of JARs that were scanned but no TLDs were found in them. Skipping unneeded JARs during scanning can improve startup time and JSP compilation time.
10-Apr-2019 10:27:56.933 INFO [Catalina-utility-1] org.apache.catalina.core.StandardContext.reload Reloading Context with name [/clicker] is completed
10-Apr-2019 10:28:16.965 INFO [Catalina-utility-1] org.apache.catalina.core.StandardContext.reload Reloading Context with name [/clicker] has started
10-Apr-2019 10:28:17.186 INFO [Catalina-utility-1] org.apache.jasper.servlet.TldScanner.scanJars At least one JAR was scanned for TLDs yet contained no TLDs. Enable debug logging for this logger for a complete list of JARs that were scanned but no TLDs were found in them. Skipping unneeded JARs during scanning can improve startup time and JSP compilation time.
10-Apr-2019 10:28:17.190 INFO [Catalina-utility-1] org.apache.catalina.core.StandardContext.reload Reloading Context with name [/clicker] is completed
10-Apr-2019 14:16:03.314 INFO [main] org.apache.catalina.core.StandardServer.await A valid shutdown command was received via the shutdown port. Stopping the Server instance.
10-Apr-2019 14:16:03.324 INFO [main] org.apache.coyote.AbstractProtocol.pause Pausing ProtocolHandler ["http-nio-9999"]
10-Apr-2019 14:16:03.440 INFO [main] org.apache.coyote.AbstractProtocol.pause Pausing ProtocolHandler ["ajp-nio-8009"]
10-Apr-2019 14:16:03.596 INFO [main] org.apache.catalina.core.StandardService.stopInternal Stopping service [Catalina]
10-Apr-2019 14:16:03.729 INFO [main] org.apache.coyote.AbstractProtocol.stop Stopping ProtocolHandler ["http-nio-9999"]
10-Apr-2019 14:16:03.742 INFO [main] org.apache.coyote.AbstractProtocol.stop Stopping ProtocolHandler ["ajp-nio-8009"]
10-Apr-2019 14:16:03.749 INFO [main] org.apache.coyote.AbstractProtocol.destroy Destroying ProtocolHandler ["http-nio-9999"]
10-Apr-2019 14:16:03.753 INFO [main] org.apache.coyote.AbstractProtocol.destroy Destroying ProtocolHandler ["ajp-nio-8009"]
10-Apr-2019 17:01:26.465 INFO [main] org.apache.catalina.startup.VersionLoggerListener.log Server version name:   Apache Tomcat/9.0.16
10-Apr-2019 17:01:26.465 INFO [main] org.apache.catalina.startup.VersionLoggerListener.log Server built:          Feb 4 2019 16:30:29 UTC
10-Apr-2019 17:01:26.465 INFO [main] org.apache.catalina.startup.VersionLoggerListener.log Server version number: 9.0.16.0
10-Apr-2019 17:01:26.465 INFO [main] org.apache.catalina.startup.VersionLoggerListener.log OS Name:               Windows 10
10-Apr-2019 17:01:26.465 INFO [main] org.apache.catalina.startup.VersionLoggerListener.log OS Version:            10.0
10-Apr-2019 17:01:26.465 INFO [main] org.apache.catalina.startup.VersionLoggerListener.log Architecture:          amd64
10-Apr-2019 17:01:26.465 INFO [main] org.apache.catalina.startup.VersionLoggerListener.log Java Home:             C:\Program Files\Java\jdk-10.0.2
10-Apr-2019 17:01:26.465 INFO [main] org.apache.catalina.startup.VersionLoggerListener.log JVM Version:           10.0.2+13
10-Apr-2019 17:01:26.465 INFO [main] org.apache.catalina.startup.VersionLoggerListener.log JVM Vendor:            "Oracle Corporation"
10-Apr-2019 17:01:26.465 INFO [main] org.apache.catalina.startup.VersionLoggerListener.log CATALINA_BASE:         C:\Users\Nijamudeen\Desktop\im2073webproj\tomcat
10-Apr-2019 17:01:26.465 INFO [main] org.apache.catalina.startup.VersionLoggerListener.log CATALINA_HOME:         C:\Users\Nijamudeen\Desktop\im2073webproj\tomcat
10-Apr-2019 17:01:26.465 INFO [main] org.apache.catalina.startup.VersionLoggerListener.log Command line argument: --add-opens=java.base/java.lang=ALL-UNNAMED
10-Apr-2019 17:01:26.465 INFO [main] org.apache.catalina.startup.VersionLoggerListener.log Command line argument: --add-opens=java.base/java.io=ALL-UNNAMED
10-Apr-2019 17:01:26.465 INFO [main] org.apache.catalina.startup.VersionLoggerListener.log Command line argument: --add-opens=java.rmi/sun.rmi.transport=ALL-UNNAMED
10-Apr-2019 17:01:26.465 INFO [main] org.apache.catalina.startup.VersionLoggerListener.log Command line argument: -Djava.util.logging.config.file=C:\Users\Nijamudeen\Desktop\im2073webproj\tomcat\conf\logging.properties
10-Apr-2019 17:01:26.465 INFO [main] org.apache.catalina.startup.VersionLoggerListener.log Command line argument: -Djava.util.logging.manager=org.apache.juli.ClassLoaderLogManager
10-Apr-2019 17:01:26.465 INFO [main] org.apache.catalina.startup.VersionLoggerListener.log Command line argument: -Djdk.tls.ephemeralDHKeySize=2048
10-Apr-2019 17:01:26.465 INFO [main] org.apache.catalina.startup.VersionLoggerListener.log Command line argument: -Djava.protocol.handler.pkgs=org.apache.catalina.webresources
10-Apr-2019 17:01:26.465 INFO [main] org.apache.catalina.startup.VersionLoggerListener.log Command line argument: -Dignore.endorsed.dirs=
10-Apr-2019 17:01:26.481 INFO [main] org.apache.catalina.startup.VersionLoggerListener.log Command line argument: -Dcatalina.base=C:\Users\Nijamudeen\Desktop\im2073webproj\tomcat
10-Apr-2019 17:01:26.481 INFO [main] org.apache.catalina.startup.VersionLoggerListener.log Command line argument: -Dcatalina.home=C:\Users\Nijamudeen\Desktop\im2073webproj\tomcat
10-Apr-2019 17:01:26.481 INFO [main] org.apache.catalina.startup.VersionLoggerListener.log Command line argument: -Djava.io.tmpdir=C:\Users\Nijamudeen\Desktop\im2073webproj\tomcat\temp
10-Apr-2019 17:01:26.481 INFO [main] org.apache.catalina.core.AprLifecycleListener.lifecycleEvent The APR based Apache Tomcat Native library which allows optimal performance in production environments was not found on the java.library.path: [C:\Program Files\Java\jdk-10.0.2\bin;C:\WINDOWS\Sun\Java\bin;C:\WINDOWS\system32;C:\WINDOWS;C:\Program Files\Java\jdk-10.0.2\bin;C:\Program Files (x86)\Common Files\Oracle\Java\javapath;C:\Program Files (x86)\Intel\iCLS Client\;C:\Program Files\Intel\iCLS Client\;C:\WINDOWS\system32;C:\WINDOWS;C:\WINDOWS\System32\Wbem;C:\WINDOWS\System32\WindowsPowerShell\v1.0\;C:\Program Files (x86)\Intel\Intel(R) Management Engine Components\DAL;C:\Program Files\Intel\Intel(R) Management Engine Components\DAL;C:\Program Files (x86)\Intel\Intel(R) Management Engine Components\IPT;C:\Program Files\Intel\Intel(R) Management Engine Components\IPT;C:\WINDOWS\System32\OpenSSH\;C:\Program Files\Git\cmd;C:\TDM-GCC-64\bin;C:\Program Files\nodejs\;C:\Program Files\dotnet\;C:\Users\Nijamudeen\AppData\Local\Microsoft\WindowsApps;C:\Users\Nijamudeen\AppData\Roaming\npm;C:\Users\Nijamudeen\.dotnet\tools;C:\Users\Nijamudeen\AppData\Local\Programs\Microsoft VS Code\bin;.]
10-Apr-2019 17:01:26.559 INFO [main] org.apache.coyote.AbstractProtocol.init Initializing ProtocolHandler ["http-nio-9999"]
10-Apr-2019 17:01:26.701 INFO [main] org.apache.coyote.AbstractProtocol.init Initializing ProtocolHandler ["ajp-nio-8009"]
10-Apr-2019 17:01:26.701 INFO [main] org.apache.catalina.startup.Catalina.load Server initialization in [828] milliseconds
10-Apr-2019 17:01:26.780 INFO [main] org.apache.catalina.core.StandardService.startInternal Starting service [Catalina]
10-Apr-2019 17:01:26.780 INFO [main] org.apache.catalina.core.StandardEngine.startInternal Starting Servlet engine: [Apache Tomcat/9.0.16]
10-Apr-2019 17:01:26.811 INFO [main] org.apache.catalina.startup.HostConfig.deployDirectory Deploying web application directory [C:\Users\Nijamudeen\Desktop\im2073webproj\tomcat\webapps\clicker]
10-Apr-2019 17:01:27.622 INFO [main] org.apache.jasper.servlet.TldScanner.scanJars At least one JAR was scanned for TLDs yet contained no TLDs. Enable debug logging for this logger for a complete list of JARs that were scanned but no TLDs were found in them. Skipping unneeded JARs during scanning can improve startup time and JSP compilation time.
10-Apr-2019 17:01:27.747 INFO [main] org.apache.catalina.startup.HostConfig.deployDirectory Deployment of web application directory [C:\Users\Nijamudeen\Desktop\im2073webproj\tomcat\webapps\clicker] has finished in [936] ms
10-Apr-2019 17:01:27.747 INFO [main] org.apache.catalina.startup.HostConfig.deployDirectory Deploying web application directory [C:\Users\Nijamudeen\Desktop\im2073webproj\tomcat\webapps\docs]
10-Apr-2019 17:01:28.044 INFO [main] org.apache.jasper.servlet.TldScanner.scanJars At least one JAR was scanned for TLDs yet contained no TLDs. Enable debug logging for this logger for a complete list of JARs that were scanned but no TLDs were found in them. Skipping unneeded JARs during scanning can improve startup time and JSP compilation time.
10-Apr-2019 17:01:28.060 INFO [main] org.apache.catalina.startup.HostConfig.deployDirectory Deployment of web application directory [C:\Users\Nijamudeen\Desktop\im2073webproj\tomcat\webapps\docs] has finished in [313] ms
10-Apr-2019 17:01:28.060 INFO [main] org.apache.catalina.startup.HostConfig.deployDirectory Deploying web application directory [C:\Users\Nijamudeen\Desktop\im2073webproj\tomcat\webapps\examples]
10-Apr-2019 17:01:29.450 INFO [main] org.apache.jasper.servlet.TldScanner.scanJars At least one JAR was scanned for TLDs yet contained no TLDs. Enable debug logging for this logger for a complete list of JARs that were scanned but no TLDs were found in them. Skipping unneeded JARs during scanning can improve startup time and JSP compilation time.
10-Apr-2019 17:01:29.497 INFO [main] org.apache.catalina.startup.HostConfig.deployDirectory Deployment of web application directory [C:\Users\Nijamudeen\Desktop\im2073webproj\tomcat\webapps\examples] has finished in [1,437] ms
10-Apr-2019 17:01:29.497 INFO [main] org.apache.catalina.startup.HostConfig.deployDirectory Deploying web application directory [C:\Users\Nijamudeen\Desktop\im2073webproj\tomcat\webapps\figshop]
10-Apr-2019 17:01:29.825 INFO [main] org.apache.jasper.servlet.TldScanner.scanJars At least one JAR was scanned for TLDs yet contained no TLDs. Enable debug logging for this logger for a complete list of JARs that were scanned but no TLDs were found in them. Skipping unneeded JARs during scanning can improve startup time and JSP compilation time.
10-Apr-2019 17:01:29.825 INFO [main] org.apache.catalina.startup.HostConfig.deployDirectory Deployment of web application directory [C:\Users\Nijamudeen\Desktop\im2073webproj\tomcat\webapps\figshop] has finished in [328] ms
10-Apr-2019 17:01:29.841 INFO [main] org.apache.catalina.startup.HostConfig.deployDirectory Deploying web application directory [C:\Users\Nijamudeen\Desktop\im2073webproj\tomcat\webapps\host-manager]
10-Apr-2019 17:01:30.169 INFO [main] org.apache.jasper.servlet.TldScanner.scanJars At least one JAR was scanned for TLDs yet contained no TLDs. Enable debug logging for this logger for a complete list of JARs that were scanned but no TLDs were found in them. Skipping unneeded JARs during scanning can improve startup time and JSP compilation time.
10-Apr-2019 17:01:30.169 INFO [main] org.apache.catalina.startup.HostConfig.deployDirectory Deployment of web application directory [C:\Users\Nijamudeen\Desktop\im2073webproj\tomcat\webapps\host-manager] has finished in [328] ms
10-Apr-2019 17:01:30.169 INFO [main] org.apache.catalina.startup.HostConfig.deployDirectory Deploying web application directory [C:\Users\Nijamudeen\Desktop\im2073webproj\tomcat\webapps\manager]
10-Apr-2019 17:01:30.466 INFO [main] org.apache.jasper.servlet.TldScanner.scanJars At least one JAR was scanned for TLDs yet contained no TLDs. Enable debug logging for this logger for a complete list of JARs that were scanned but no TLDs were found in them. Skipping unneeded JARs during scanning can improve startup time and JSP compilation time.
10-Apr-2019 17:01:30.481 INFO [main] org.apache.catalina.startup.HostConfig.deployDirectory Deployment of web application directory [C:\Users\Nijamudeen\Desktop\im2073webproj\tomcat\webapps\manager] has finished in [312] ms
10-Apr-2019 17:01:30.481 INFO [main] org.apache.catalina.startup.HostConfig.deployDirectory Deploying web application directory [C:\Users\Nijamudeen\Desktop\im2073webproj\tomcat\webapps\ROOT]
10-Apr-2019 17:01:30.764 INFO [main] org.apache.jasper.servlet.TldScanner.scanJars At least one JAR was scanned for TLDs yet contained no TLDs. Enable debug logging for this logger for a complete list of JARs that were scanned but no TLDs were found in them. Skipping unneeded JARs during scanning can improve startup time and JSP compilation time.
10-Apr-2019 17:01:30.764 INFO [main] org.apache.catalina.startup.HostConfig.deployDirectory Deployment of web application directory [C:\Users\Nijamudeen\Desktop\im2073webproj\tomcat\webapps\ROOT] has finished in [283] ms
10-Apr-2019 17:01:30.779 INFO [main] org.apache.coyote.AbstractProtocol.start Starting ProtocolHandler ["http-nio-9999"]
10-Apr-2019 17:01:30.795 INFO [main] org.apache.coyote.AbstractProtocol.start Starting ProtocolHandler ["ajp-nio-8009"]
10-Apr-2019 17:01:30.795 INFO [main] org.apache.catalina.startup.Catalina.start Server startup in [4,095] milliseconds
10-Apr-2019 17:02:41.946 INFO [main] org.apache.catalina.core.StandardServer.await A valid shutdown command was received via the shutdown port. Stopping the Server instance.
10-Apr-2019 17:02:41.946 INFO [main] org.apache.coyote.AbstractProtocol.pause Pausing ProtocolHandler ["http-nio-9999"]
10-Apr-2019 17:02:42.031 INFO [main] org.apache.coyote.AbstractProtocol.pause Pausing ProtocolHandler ["ajp-nio-8009"]
10-Apr-2019 17:02:42.095 INFO [main] org.apache.catalina.core.StandardService.stopInternal Stopping service [Catalina]
10-Apr-2019 17:02:42.142 INFO [main] org.apache.coyote.AbstractProtocol.stop Stopping ProtocolHandler ["http-nio-9999"]
10-Apr-2019 17:02:42.142 INFO [main] org.apache.coyote.AbstractProtocol.stop Stopping ProtocolHandler ["ajp-nio-8009"]
10-Apr-2019 17:02:42.158 INFO [main] org.apache.coyote.AbstractProtocol.destroy Destroying ProtocolHandler ["http-nio-9999"]
10-Apr-2019 17:02:42.158 INFO [main] org.apache.coyote.AbstractProtocol.destroy Destroying ProtocolHandler ["ajp-nio-8009"]
10-Apr-2019 17:02:46.830 INFO [main] org.apache.catalina.startup.VersionLoggerListener.log Server version name:   Apache Tomcat/9.0.16
10-Apr-2019 17:02:46.846 INFO [main] org.apache.catalina.startup.VersionLoggerListener.log Server built:          Feb 4 2019 16:30:29 UTC
10-Apr-2019 17:02:46.846 INFO [main] org.apache.catalina.startup.VersionLoggerListener.log Server version number: 9.0.16.0
10-Apr-2019 17:02:46.846 INFO [main] org.apache.catalina.startup.VersionLoggerListener.log OS Name:               Windows 10
10-Apr-2019 17:02:46.846 INFO [main] org.apache.catalina.startup.VersionLoggerListener.log OS Version:            10.0
10-Apr-2019 17:02:46.846 INFO [main] org.apache.catalina.startup.VersionLoggerListener.log Architecture:          amd64
10-Apr-2019 17:02:46.846 INFO [main] org.apache.catalina.startup.VersionLoggerListener.log Java Home:             C:\Program Files\Java\jdk-10.0.2
10-Apr-2019 17:02:46.846 INFO [main] org.apache.catalina.startup.VersionLoggerListener.log JVM Version:           10.0.2+13
10-Apr-2019 17:02:46.846 INFO [main] org.apache.catalina.startup.VersionLoggerListener.log JVM Vendor:            "Oracle Corporation"
10-Apr-2019 17:02:46.846 INFO [main] org.apache.catalina.startup.VersionLoggerListener.log CATALINA_BASE:         C:\Users\Nijamudeen\Desktop\im2073webproj\tomcat
10-Apr-2019 17:02:46.846 INFO [main] org.apache.catalina.startup.VersionLoggerListener.log CATALINA_HOME:         C:\Users\Nijamudeen\Desktop\im2073webproj\tomcat
10-Apr-2019 17:02:46.846 INFO [main] org.apache.catalina.startup.VersionLoggerListener.log Command line argument: --add-opens=java.base/java.lang=ALL-UNNAMED
10-Apr-2019 17:02:46.846 INFO [main] org.apache.catalina.startup.VersionLoggerListener.log Command line argument: --add-opens=java.base/java.io=ALL-UNNAMED
10-Apr-2019 17:02:46.846 INFO [main] org.apache.catalina.startup.VersionLoggerListener.log Command line argument: --add-opens=java.rmi/sun.rmi.transport=ALL-UNNAMED
10-Apr-2019 17:02:46.846 INFO [main] org.apache.catalina.startup.VersionLoggerListener.log Command line argument: -Djava.util.logging.config.file=C:\Users\Nijamudeen\Desktop\im2073webproj\tomcat\conf\logging.properties
10-Apr-2019 17:02:46.846 INFO [main] org.apache.catalina.startup.VersionLoggerListener.log Command line argument: -Djava.util.logging.manager=org.apache.juli.ClassLoaderLogManager
10-Apr-2019 17:02:46.846 INFO [main] org.apache.catalina.startup.VersionLoggerListener.log Command line argument: -Djdk.tls.ephemeralDHKeySize=2048
10-Apr-2019 17:02:46.862 INFO [main] org.apache.catalina.startup.VersionLoggerListener.log Command line argument: -Djava.protocol.handler.pkgs=org.apache.catalina.webresources
10-Apr-2019 17:02:46.877 INFO [main] org.apache.catalina.startup.VersionLoggerListener.log Command line argument: -Dignore.endorsed.dirs=
10-Apr-2019 17:02:46.877 INFO [main] org.apache.catalina.startup.VersionLoggerListener.log Command line argument: -Dcatalina.base=C:\Users\Nijamudeen\Desktop\im2073webproj\tomcat
10-Apr-2019 17:02:46.877 INFO [main] org.apache.catalina.startup.VersionLoggerListener.log Command line argument: -Dcatalina.home=C:\Users\Nijamudeen\Desktop\im2073webproj\tomcat
10-Apr-2019 17:02:46.877 INFO [main] org.apache.catalina.startup.VersionLoggerListener.log Command line argument: -Djava.io.tmpdir=C:\Users\Nijamudeen\Desktop\im2073webproj\tomcat\temp
10-Apr-2019 17:02:46.877 INFO [main] org.apache.catalina.core.AprLifecycleListener.lifecycleEvent The APR based Apache Tomcat Native library which allows optimal performance in production environments was not found on the java.library.path: [C:\Program Files\Java\jdk-10.0.2\bin;C:\WINDOWS\Sun\Java\bin;C:\WINDOWS\system32;C:\WINDOWS;C:\Program Files\Java\jdk-10.0.2\bin;C:\Program Files (x86)\Common Files\Oracle\Java\javapath;C:\Program Files (x86)\Intel\iCLS Client\;C:\Program Files\Intel\iCLS Client\;C:\WINDOWS\system32;C:\WINDOWS;C:\WINDOWS\System32\Wbem;C:\WINDOWS\System32\WindowsPowerShell\v1.0\;C:\Program Files (x86)\Intel\Intel(R) Management Engine Components\DAL;C:\Program Files\Intel\Intel(R) Management Engine Components\DAL;C:\Program Files (x86)\Intel\Intel(R) Management Engine Components\IPT;C:\Program Files\Intel\Intel(R) Management Engine Components\IPT;C:\WINDOWS\System32\OpenSSH\;C:\Program Files\Git\cmd;C:\TDM-GCC-64\bin;C:\Program Files\nodejs\;C:\Program Files\dotnet\;C:\Users\Nijamudeen\AppData\Local\Microsoft\WindowsApps;C:\Users\Nijamudeen\AppData\Roaming\npm;C:\Users\Nijamudeen\.dotnet\tools;C:\Users\Nijamudeen\AppData\Local\Programs\Microsoft VS Code\bin;.]
10-Apr-2019 17:02:46.940 INFO [main] org.apache.coyote.AbstractProtocol.init Initializing ProtocolHandler ["http-nio-9999"]
10-Apr-2019 17:02:47.065 INFO [main] org.apache.coyote.AbstractProtocol.init Initializing ProtocolHandler ["ajp-nio-8009"]
10-Apr-2019 17:02:47.065 INFO [main] org.apache.catalina.startup.Catalina.load Server initialization in [698] milliseconds
10-Apr-2019 17:02:47.143 INFO [main] org.apache.catalina.core.StandardService.startInternal Starting service [Catalina]
10-Apr-2019 17:02:47.143 INFO [main] org.apache.catalina.core.StandardEngine.startInternal Starting Servlet engine: [Apache Tomcat/9.0.16]
10-Apr-2019 17:02:47.158 INFO [main] org.apache.catalina.startup.HostConfig.deployDirectory Deploying web application directory [C:\Users\Nijamudeen\Desktop\im2073webproj\tomcat\webapps\clicker]
10-Apr-2019 17:02:47.953 INFO [main] org.apache.jasper.servlet.TldScanner.scanJars At least one JAR was scanned for TLDs yet contained no TLDs. Enable debug logging for this logger for a complete list of JARs that were scanned but no TLDs were found in them. Skipping unneeded JARs during scanning can improve startup time and JSP compilation time.
10-Apr-2019 17:02:48.094 INFO [main] org.apache.catalina.startup.HostConfig.deployDirectory Deployment of web application directory [C:\Users\Nijamudeen\Desktop\im2073webproj\tomcat\webapps\clicker] has finished in [936] ms
10-Apr-2019 17:02:48.094 INFO [main] org.apache.catalina.startup.HostConfig.deployDirectory Deploying web application directory [C:\Users\Nijamudeen\Desktop\im2073webproj\tomcat\webapps\docs]
10-Apr-2019 17:02:48.363 INFO [main] org.apache.jasper.servlet.TldScanner.scanJars At least one JAR was scanned for TLDs yet contained no TLDs. Enable debug logging for this logger for a complete list of JARs that were scanned but no TLDs were found in them. Skipping unneeded JARs during scanning can improve startup time and JSP compilation time.
10-Apr-2019 17:02:48.378 INFO [main] org.apache.catalina.startup.HostConfig.deployDirectory Deployment of web application directory [C:\Users\Nijamudeen\Desktop\im2073webproj\tomcat\webapps\docs] has finished in [284] ms
10-Apr-2019 17:02:48.378 INFO [main] org.apache.catalina.startup.HostConfig.deployDirectory Deploying web application directory [C:\Users\Nijamudeen\Desktop\im2073webproj\tomcat\webapps\examples]
10-Apr-2019 17:02:48.950 INFO [main] org.apache.jasper.servlet.TldScanner.scanJars At least one JAR was scanned for TLDs yet contained no TLDs. Enable debug logging for this logger for a complete list of JARs that were scanned but no TLDs were found in them. Skipping unneeded JARs during scanning can improve startup time and JSP compilation time.
10-Apr-2019 17:02:48.996 INFO [main] org.apache.catalina.startup.HostConfig.deployDirectory Deployment of web application directory [C:\Users\Nijamudeen\Desktop\im2073webproj\tomcat\webapps\examples] has finished in [618] ms
10-Apr-2019 17:02:48.996 INFO [main] org.apache.catalina.startup.HostConfig.deployDirectory Deploying web application directory [C:\Users\Nijamudeen\Desktop\im2073webproj\tomcat\webapps\figshop]
10-Apr-2019 17:02:49.293 INFO [main] org.apache.jasper.servlet.TldScanner.scanJars At least one JAR was scanned for TLDs yet contained no TLDs. Enable debug logging for this logger for a complete list of JARs that were scanned but no TLDs were found in them. Skipping unneeded JARs during scanning can improve startup time and JSP compilation time.
10-Apr-2019 17:02:49.309 INFO [main] org.apache.catalina.startup.HostConfig.deployDirectory Deployment of web application directory [C:\Users\Nijamudeen\Desktop\im2073webproj\tomcat\webapps\figshop] has finished in [313] ms
10-Apr-2019 17:02:49.309 INFO [main] org.apache.catalina.startup.HostConfig.deployDirectory Deploying web application directory [C:\Users\Nijamudeen\Desktop\im2073webproj\tomcat\webapps\host-manager]
10-Apr-2019 17:02:49.584 INFO [main] org.apache.jasper.servlet.TldScanner.scanJars At least one JAR was scanned for TLDs yet contained no TLDs. Enable debug logging for this logger for a complete list of JARs that were scanned but no TLDs were found in them. Skipping unneeded JARs during scanning can improve startup time and JSP compilation time.
10-Apr-2019 17:02:49.591 INFO [main] org.apache.catalina.startup.HostConfig.deployDirectory Deployment of web application directory [C:\Users\Nijamudeen\Desktop\im2073webproj\tomcat\webapps\host-manager] has finished in [282] ms
10-Apr-2019 17:02:49.591 INFO [main] org.apache.catalina.startup.HostConfig.deployDirectory Deploying web application directory [C:\Users\Nijamudeen\Desktop\im2073webproj\tomcat\webapps\manager]
10-Apr-2019 17:02:49.875 INFO [main] org.apache.jasper.servlet.TldScanner.scanJars At least one JAR was scanned for TLDs yet contained no TLDs. Enable debug logging for this logger for a complete list of JARs that were scanned but no TLDs were found in them. Skipping unneeded JARs during scanning can improve startup time and JSP compilation time.
10-Apr-2019 17:02:49.875 INFO [main] org.apache.catalina.startup.HostConfig.deployDirectory Deployment of web application directory [C:\Users\Nijamudeen\Desktop\im2073webproj\tomcat\webapps\manager] has finished in [284] ms
10-Apr-2019 17:02:49.890 INFO [main] org.apache.catalina.startup.HostConfig.deployDirectory Deploying web application directory [C:\Users\Nijamudeen\Desktop\im2073webproj\tomcat\webapps\ROOT]
10-Apr-2019 17:02:50.171 INFO [main] org.apache.jasper.servlet.TldScanner.scanJars At least one JAR was scanned for TLDs yet contained no TLDs. Enable debug logging for this logger for a complete list of JARs that were scanned but no TLDs were found in them. Skipping unneeded JARs during scanning can improve startup time and JSP compilation time.
10-Apr-2019 17:02:50.171 INFO [main] org.apache.catalina.startup.HostConfig.deployDirectory Deployment of web application directory [C:\Users\Nijamudeen\Desktop\im2073webproj\tomcat\webapps\ROOT] has finished in [281] ms
10-Apr-2019 17:02:50.171 INFO [main] org.apache.coyote.AbstractProtocol.start Starting ProtocolHandler ["http-nio-9999"]
10-Apr-2019 17:02:50.187 INFO [main] org.apache.coyote.AbstractProtocol.start Starting ProtocolHandler ["ajp-nio-8009"]
10-Apr-2019 17:02:50.218 INFO [main] org.apache.catalina.startup.Catalina.start Server startup in [3,142] milliseconds
10-Apr-2019 17:05:21.622 INFO [Catalina-utility-2] org.apache.catalina.core.StandardContext.reload Reloading Context with name [/clicker] has started
10-Apr-2019 17:05:21.918 INFO [Catalina-utility-2] org.apache.jasper.servlet.TldScanner.scanJars At least one JAR was scanned for TLDs yet contained no TLDs. Enable debug logging for this logger for a complete list of JARs that were scanned but no TLDs were found in them. Skipping unneeded JARs during scanning can improve startup time and JSP compilation time.
10-Apr-2019 17:05:21.918 INFO [Catalina-utility-2] org.apache.catalina.core.StandardContext.reload Reloading Context with name [/clicker] is completed
10-Apr-2019 17:13:55.732 INFO [Thread-4] org.apache.coyote.AbstractProtocol.pause Pausing ProtocolHandler ["http-nio-9999"]
10-Apr-2019 17:13:55.807 INFO [Thread-4] org.apache.coyote.AbstractProtocol.pause Pausing ProtocolHandler ["ajp-nio-8009"]
10-Apr-2019 17:13:55.870 INFO [Thread-4] org.apache.catalina.core.StandardService.stopInternal Stopping service [Catalina]
10-Apr-2019 17:13:55.932 INFO [Thread-4] org.apache.coyote.AbstractProtocol.stop Stopping ProtocolHandler ["http-nio-9999"]
10-Apr-2019 17:13:55.932 INFO [Thread-4] org.apache.coyote.AbstractProtocol.stop Stopping ProtocolHandler ["ajp-nio-8009"]
10-Apr-2019 17:13:55.948 INFO [Thread-4] org.apache.coyote.AbstractProtocol.destroy Destroying ProtocolHandler ["http-nio-9999"]
10-Apr-2019 17:13:55.948 INFO [Thread-4] org.apache.coyote.AbstractProtocol.destroy Destroying ProtocolHandler ["ajp-nio-8009"]
10-Apr-2019 18:03:02.883 INFO [main] org.apache.catalina.startup.VersionLoggerListener.log Server version name:   Apache Tomcat/9.0.16
10-Apr-2019 18:03:02.883 INFO [main] org.apache.catalina.startup.VersionLoggerListener.log Server built:          Feb 4 2019 16:30:29 UTC
10-Apr-2019 18:03:02.883 INFO [main] org.apache.catalina.startup.VersionLoggerListener.log Server version number: 9.0.16.0
10-Apr-2019 18:03:02.883 INFO [main] org.apache.catalina.startup.VersionLoggerListener.log OS Name:               Windows 10
10-Apr-2019 18:03:02.883 INFO [main] org.apache.catalina.startup.VersionLoggerListener.log OS Version:            10.0
10-Apr-2019 18:03:02.883 INFO [main] org.apache.catalina.startup.VersionLoggerListener.log Architecture:          amd64
10-Apr-2019 18:03:02.883 INFO [main] org.apache.catalina.startup.VersionLoggerListener.log Java Home:             C:\Program Files\Java\jdk-10.0.2
10-Apr-2019 18:03:02.883 INFO [main] org.apache.catalina.startup.VersionLoggerListener.log JVM Version:           10.0.2+13
10-Apr-2019 18:03:02.883 INFO [main] org.apache.catalina.startup.VersionLoggerListener.log JVM Vendor:            "Oracle Corporation"
10-Apr-2019 18:03:02.883 INFO [main] org.apache.catalina.startup.VersionLoggerListener.log CATALINA_BASE:         C:\Users\Nijamudeen\Desktop\im2073webproj\tomcat
10-Apr-2019 18:03:02.883 INFO [main] org.apache.catalina.startup.VersionLoggerListener.log CATALINA_HOME:         C:\Users\Nijamudeen\Desktop\im2073webproj\tomcat
10-Apr-2019 18:03:02.883 INFO [main] org.apache.catalina.startup.VersionLoggerListener.log Command line argument: --add-opens=java.base/java.lang=ALL-UNNAMED
10-Apr-2019 18:03:02.883 INFO [main] org.apache.catalina.startup.VersionLoggerListener.log Command line argument: --add-opens=java.base/java.io=ALL-UNNAMED
10-Apr-2019 18:03:02.883 INFO [main] org.apache.catalina.startup.VersionLoggerListener.log Command line argument: --add-opens=java.rmi/sun.rmi.transport=ALL-UNNAMED
10-Apr-2019 18:03:02.883 INFO [main] org.apache.catalina.startup.VersionLoggerListener.log Command line argument: -Djava.util.logging.config.file=C:\Users\Nijamudeen\Desktop\im2073webproj\tomcat\conf\logging.properties
10-Apr-2019 18:03:02.883 INFO [main] org.apache.catalina.startup.VersionLoggerListener.log Command line argument: -Djava.util.logging.manager=org.apache.juli.ClassLoaderLogManager
10-Apr-2019 18:03:02.883 INFO [main] org.apache.catalina.startup.VersionLoggerListener.log Command line argument: -Djdk.tls.ephemeralDHKeySize=2048
10-Apr-2019 18:03:02.883 INFO [main] org.apache.catalina.startup.VersionLoggerListener.log Command line argument: -Djava.protocol.handler.pkgs=org.apache.catalina.webresources
10-Apr-2019 18:03:02.883 INFO [main] org.apache.catalina.startup.VersionLoggerListener.log Command line argument: -Dignore.endorsed.dirs=
10-Apr-2019 18:03:02.883 INFO [main] org.apache.catalina.startup.VersionLoggerListener.log Command line argument: -Dcatalina.base=C:\Users\Nijamudeen\Desktop\im2073webproj\tomcat
10-Apr-2019 18:03:02.883 INFO [main] org.apache.catalina.startup.VersionLoggerListener.log Command line argument: -Dcatalina.home=C:\Users\Nijamudeen\Desktop\im2073webproj\tomcat
10-Apr-2019 18:03:02.883 INFO [main] org.apache.catalina.startup.VersionLoggerListener.log Command line argument: -Djava.io.tmpdir=C:\Users\Nijamudeen\Desktop\im2073webproj\tomcat\temp
10-Apr-2019 18:03:02.898 INFO [main] org.apache.catalina.core.AprLifecycleListener.lifecycleEvent The APR based Apache Tomcat Native library which allows optimal performance in production environments was not found on the java.library.path: [C:\Program Files\Java\jdk-10.0.2\bin;C:\WINDOWS\Sun\Java\bin;C:\WINDOWS\system32;C:\WINDOWS;C:\Program Files\Java\jdk-10.0.2\bin;C:\Program Files (x86)\Common Files\Oracle\Java\javapath;C:\Program Files (x86)\Intel\iCLS Client\;C:\Program Files\Intel\iCLS Client\;C:\WINDOWS\system32;C:\WINDOWS;C:\WINDOWS\System32\Wbem;C:\WINDOWS\System32\WindowsPowerShell\v1.0\;C:\Program Files (x86)\Intel\Intel(R) Management Engine Components\DAL;C:\Program Files\Intel\Intel(R) Management Engine Components\DAL;C:\Program Files (x86)\Intel\Intel(R) Management Engine Components\IPT;C:\Program Files\Intel\Intel(R) Management Engine Components\IPT;C:\WINDOWS\System32\OpenSSH\;C:\Program Files\Git\cmd;C:\TDM-GCC-64\bin;C:\Program Files\nodejs\;C:\Program Files\dotnet\;C:\Users\Nijamudeen\AppData\Local\Microsoft\WindowsApps;C:\Users\Nijamudeen\AppData\Roaming\npm;C:\Users\Nijamudeen\.dotnet\tools;C:\Users\Nijamudeen\AppData\Local\Programs\Microsoft VS Code\bin;.]
10-Apr-2019 18:03:02.977 INFO [main] org.apache.coyote.AbstractProtocol.init Initializing ProtocolHandler ["http-nio-9999"]
10-Apr-2019 18:03:07.491 INFO [main] org.apache.coyote.AbstractProtocol.init Initializing ProtocolHandler ["ajp-nio-8009"]
10-Apr-2019 18:03:07.506 INFO [main] org.apache.catalina.startup.Catalina.load Server initialization in [5,138] milliseconds
10-Apr-2019 18:03:07.584 INFO [main] org.apache.catalina.core.StandardService.startInternal Starting service [Catalina]
10-Apr-2019 18:03:07.584 INFO [main] org.apache.catalina.core.StandardEngine.startInternal Starting Servlet engine: [Apache Tomcat/9.0.16]
10-Apr-2019 18:03:07.616 INFO [main] org.apache.catalina.startup.HostConfig.deployDirectory Deploying web application directory [C:\Users\Nijamudeen\Desktop\im2073webproj\tomcat\webapps\clicker]
10-Apr-2019 18:03:08.506 INFO [main] org.apache.jasper.servlet.TldScanner.scanJars At least one JAR was scanned for TLDs yet contained no TLDs. Enable debug logging for this logger for a complete list of JARs that were scanned but no TLDs were found in them. Skipping unneeded JARs during scanning can improve startup time and JSP compilation time.
10-Apr-2019 18:03:08.647 INFO [main] org.apache.catalina.startup.HostConfig.deployDirectory Deployment of web application directory [C:\Users\Nijamudeen\Desktop\im2073webproj\tomcat\webapps\clicker] has finished in [1,031] ms
10-Apr-2019 18:03:08.647 INFO [main] org.apache.catalina.startup.HostConfig.deployDirectory Deploying web application directory [C:\Users\Nijamudeen\Desktop\im2073webproj\tomcat\webapps\docs]
10-Apr-2019 18:03:09.011 INFO [main] org.apache.jasper.servlet.TldScanner.scanJars At least one JAR was scanned for TLDs yet contained no TLDs. Enable debug logging for this logger for a complete list of JARs that were scanned but no TLDs were found in them. Skipping unneeded JARs during scanning can improve startup time and JSP compilation time.
10-Apr-2019 18:03:09.011 INFO [main] org.apache.catalina.startup.HostConfig.deployDirectory Deployment of web application directory [C:\Users\Nijamudeen\Desktop\im2073webproj\tomcat\webapps\docs] has finished in [364] ms
10-Apr-2019 18:03:09.011 INFO [main] org.apache.catalina.startup.HostConfig.deployDirectory Deploying web application directory [C:\Users\Nijamudeen\Desktop\im2073webproj\tomcat\webapps\examples]
10-Apr-2019 18:03:10.231 INFO [main] org.apache.jasper.servlet.TldScanner.scanJars At least one JAR was scanned for TLDs yet contained no TLDs. Enable debug logging for this logger for a complete list of JARs that were scanned but no TLDs were found in them. Skipping unneeded JARs during scanning can improve startup time and JSP compilation time.
10-Apr-2019 18:03:10.294 INFO [main] org.apache.catalina.startup.HostConfig.deployDirectory Deployment of web application directory [C:\Users\Nijamudeen\Desktop\im2073webproj\tomcat\webapps\examples] has finished in [1,283] ms
10-Apr-2019 18:03:10.294 INFO [main] org.apache.catalina.startup.HostConfig.deployDirectory Deploying web application directory [C:\Users\Nijamudeen\Desktop\im2073webproj\tomcat\webapps\figshop]
10-Apr-2019 18:03:10.622 INFO [main] org.apache.jasper.servlet.TldScanner.scanJars At least one JAR was scanned for TLDs yet contained no TLDs. Enable debug logging for this logger for a complete list of JARs that were scanned but no TLDs were found in them. Skipping unneeded JARs during scanning can improve startup time and JSP compilation time.
10-Apr-2019 18:03:10.622 INFO [main] org.apache.catalina.startup.HostConfig.deployDirectory Deployment of web application directory [C:\Users\Nijamudeen\Desktop\im2073webproj\tomcat\webapps\figshop] has finished in [328] ms
10-Apr-2019 18:03:10.622 INFO [main] org.apache.catalina.startup.HostConfig.deployDirectory Deploying web application directory [C:\Users\Nijamudeen\Desktop\im2073webproj\tomcat\webapps\host-manager]
10-Apr-2019 18:03:10.928 INFO [main] org.apache.jasper.servlet.TldScanner.scanJars At least one JAR was scanned for TLDs yet contained no TLDs. Enable debug logging for this logger for a complete list of JARs that were scanned but no TLDs were found in them. Skipping unneeded JARs during scanning can improve startup time and JSP compilation time.
10-Apr-2019 18:03:10.928 INFO [main] org.apache.catalina.startup.HostConfig.deployDirectory Deployment of web application directory [C:\Users\Nijamudeen\Desktop\im2073webproj\tomcat\webapps\host-manager] has finished in [306] ms
10-Apr-2019 18:03:10.928 INFO [main] org.apache.catalina.startup.HostConfig.deployDirectory Deploying web application directory [C:\Users\Nijamudeen\Desktop\im2073webproj\tomcat\webapps\manager]
10-Apr-2019 18:03:11.225 INFO [main] org.apache.jasper.servlet.TldScanner.scanJars At least one JAR was scanned for TLDs yet contained no TLDs. Enable debug logging for this logger for a complete list of JARs that were scanned but no TLDs were found in them. Skipping unneeded JARs during scanning can improve startup time and JSP compilation time.
10-Apr-2019 18:03:11.241 INFO [main] org.apache.catalina.startup.HostConfig.deployDirectory Deployment of web application directory [C:\Users\Nijamudeen\Desktop\im2073webproj\tomcat\webapps\manager] has finished in [313] ms
10-Apr-2019 18:03:11.241 INFO [main] org.apache.catalina.startup.HostConfig.deployDirectory Deploying web application directory [C:\Users\Nijamudeen\Desktop\im2073webproj\tomcat\webapps\ROOT]
10-Apr-2019 18:03:11.522 INFO [main] org.apache.jasper.servlet.TldScanner.scanJars At least one JAR was scanned for TLDs yet contained no TLDs. Enable debug logging for this logger for a complete list of JARs that were scanned but no TLDs were found in them. Skipping unneeded JARs during scanning can improve startup time and JSP compilation time.
10-Apr-2019 18:03:11.538 INFO [main] org.apache.catalina.startup.HostConfig.deployDirectory Deployment of web application directory [C:\Users\Nijamudeen\Desktop\im2073webproj\tomcat\webapps\ROOT] has finished in [297] ms
10-Apr-2019 18:03:11.538 INFO [main] org.apache.coyote.AbstractProtocol.start Starting ProtocolHandler ["http-nio-9999"]
10-Apr-2019 18:03:11.554 INFO [main] org.apache.coyote.AbstractProtocol.start Starting ProtocolHandler ["ajp-nio-8009"]
10-Apr-2019 18:03:11.569 INFO [main] org.apache.catalina.startup.Catalina.start Server startup in [4,061] milliseconds
10-Apr-2019 18:13:34.061 INFO [Catalina-utility-1] org.apache.catalina.core.StandardContext.reload Reloading Context with name [/clicker] has started
10-Apr-2019 18:13:34.402 INFO [Catalina-utility-1] org.apache.jasper.servlet.TldScanner.scanJars At least one JAR was scanned for TLDs yet contained no TLDs. Enable debug logging for this logger for a complete list of JARs that were scanned but no TLDs were found in them. Skipping unneeded JARs during scanning can improve startup time and JSP compilation time.
10-Apr-2019 18:13:34.406 INFO [Catalina-utility-1] org.apache.catalina.core.StandardContext.reload Reloading Context with name [/clicker] is completed
10-Apr-2019 18:17:25.013 INFO [Catalina-utility-1] org.apache.catalina.core.StandardContext.reload Reloading Context with name [/clicker] has started
10-Apr-2019 18:17:25.229 INFO [Catalina-utility-1] org.apache.jasper.servlet.TldScanner.scanJars At least one JAR was scanned for TLDs yet contained no TLDs. Enable debug logging for this logger for a complete list of JARs that were scanned but no TLDs were found in them. Skipping unneeded JARs during scanning can improve startup time and JSP compilation time.
10-Apr-2019 18:17:25.247 INFO [Catalina-utility-1] org.apache.catalina.core.StandardContext.reload Reloading Context with name [/clicker] is completed
10-Apr-2019 18:25:16.650 INFO [Catalina-utility-1] org.apache.catalina.core.StandardContext.reload Reloading Context with name [/clicker] has started
10-Apr-2019 18:25:17.067 INFO [Catalina-utility-1] org.apache.jasper.servlet.TldScanner.scanJars At least one JAR was scanned for TLDs yet contained no TLDs. Enable debug logging for this logger for a complete list of JARs that were scanned but no TLDs were found in them. Skipping unneeded JARs during scanning can improve startup time and JSP compilation time.
10-Apr-2019 18:25:17.078 INFO [Catalina-utility-1] org.apache.catalina.core.StandardContext.reload Reloading Context with name [/clicker] is completed
10-Apr-2019 18:29:27.790 INFO [Catalina-utility-1] org.apache.catalina.core.StandardContext.reload Reloading Context with name [/clicker] has started
10-Apr-2019 18:29:28.002 INFO [Catalina-utility-1] org.apache.jasper.servlet.TldScanner.scanJars At least one JAR was scanned for TLDs yet contained no TLDs. Enable debug logging for this logger for a complete list of JARs that were scanned but no TLDs were found in them. Skipping unneeded JARs during scanning can improve startup time and JSP compilation time.
10-Apr-2019 18:29:28.002 INFO [Catalina-utility-1] org.apache.catalina.core.StandardContext.reload Reloading Context with name [/clicker] is completed
10-Apr-2019 18:29:48.051 INFO [Catalina-utility-2] org.apache.catalina.core.StandardContext.reload Reloading Context with name [/clicker] has started
10-Apr-2019 18:29:48.374 INFO [Catalina-utility-2] org.apache.jasper.servlet.TldScanner.scanJars At least one JAR was scanned for TLDs yet contained no TLDs. Enable debug logging for this logger for a complete list of JARs that were scanned but no TLDs were found in them. Skipping unneeded JARs during scanning can improve startup time and JSP compilation time.
10-Apr-2019 18:29:48.376 INFO [Catalina-utility-2] org.apache.catalina.core.StandardContext.reload Reloading Context with name [/clicker] is completed
10-Apr-2019 18:32:18.794 INFO [Catalina-utility-1] org.apache.catalina.core.StandardContext.reload Reloading Context with name [/clicker] has started
10-Apr-2019 18:32:19.018 INFO [Catalina-utility-1] org.apache.jasper.servlet.TldScanner.scanJars At least one JAR was scanned for TLDs yet contained no TLDs. Enable debug logging for this logger for a complete list of JARs that were scanned but no TLDs were found in them. Skipping unneeded JARs during scanning can improve startup time and JSP compilation time.
10-Apr-2019 18:32:19.018 INFO [Catalina-utility-1] org.apache.catalina.core.StandardContext.reload Reloading Context with name [/clicker] is completed
10-Apr-2019 18:32:49.072 INFO [Catalina-utility-1] org.apache.catalina.core.StandardContext.reload Reloading Context with name [/clicker] has started
10-Apr-2019 18:32:49.310 INFO [Catalina-utility-1] org.apache.jasper.servlet.TldScanner.scanJars At least one JAR was scanned for TLDs yet contained no TLDs. Enable debug logging for this logger for a complete list of JARs that were scanned but no TLDs were found in them. Skipping unneeded JARs during scanning can improve startup time and JSP compilation time.
10-Apr-2019 18:32:49.310 INFO [Catalina-utility-1] org.apache.catalina.core.StandardContext.reload Reloading Context with name [/clicker] is completed
10-Apr-2019 18:36:09.818 INFO [Catalina-utility-1] org.apache.catalina.core.StandardContext.reload Reloading Context with name [/clicker] has started
10-Apr-2019 18:36:10.057 INFO [Catalina-utility-1] org.apache.jasper.servlet.TldScanner.scanJars At least one JAR was scanned for TLDs yet contained no TLDs. Enable debug logging for this logger for a complete list of JARs that were scanned but no TLDs were found in them. Skipping unneeded JARs during scanning can improve startup time and JSP compilation time.
10-Apr-2019 18:36:10.060 INFO [Catalina-utility-1] org.apache.catalina.core.StandardContext.reload Reloading Context with name [/clicker] is completed
10-Apr-2019 18:37:50.271 INFO [Catalina-utility-2] org.apache.catalina.core.StandardContext.reload Reloading Context with name [/clicker] has started
10-Apr-2019 18:37:50.712 INFO [Catalina-utility-2] org.apache.jasper.servlet.TldScanner.scanJars At least one JAR was scanned for TLDs yet contained no TLDs. Enable debug logging for this logger for a complete list of JARs that were scanned but no TLDs were found in them. Skipping unneeded JARs during scanning can improve startup time and JSP compilation time.
10-Apr-2019 18:37:50.715 INFO [Catalina-utility-2] org.apache.catalina.core.StandardContext.reload Reloading Context with name [/clicker] is completed
10-Apr-2019 18:38:30.823 INFO [Catalina-utility-1] org.apache.catalina.core.StandardContext.reload Reloading Context with name [/clicker] has started
10-Apr-2019 18:38:31.192 INFO [Catalina-utility-1] org.apache.jasper.servlet.TldScanner.scanJars At least one JAR was scanned for TLDs yet contained no TLDs. Enable debug logging for this logger for a complete list of JARs that were scanned but no TLDs were found in them. Skipping unneeded JARs during scanning can improve startup time and JSP compilation time.
10-Apr-2019 18:38:31.194 INFO [Catalina-utility-1] org.apache.catalina.core.StandardContext.reload Reloading Context with name [/clicker] is completed
10-Apr-2019 18:45:32.334 INFO [Catalina-utility-1] org.apache.catalina.core.StandardContext.reload Reloading Context with name [/clicker] has started
10-Apr-2019 18:45:32.559 INFO [Catalina-utility-1] org.apache.jasper.servlet.TldScanner.scanJars At least one JAR was scanned for TLDs yet contained no TLDs. Enable debug logging for this logger for a complete list of JARs that were scanned but no TLDs were found in them. Skipping unneeded JARs during scanning can improve startup time and JSP compilation time.
10-Apr-2019 18:45:32.559 INFO [Catalina-utility-1] org.apache.catalina.core.StandardContext.reload Reloading Context with name [/clicker] is completed
10-Apr-2019 18:46:42.742 INFO [Catalina-utility-1] org.apache.catalina.core.StandardContext.reload Reloading Context with name [/clicker] has started
10-Apr-2019 18:46:42.962 INFO [Catalina-utility-1] org.apache.jasper.servlet.TldScanner.scanJars At least one JAR was scanned for TLDs yet contained no TLDs. Enable debug logging for this logger for a complete list of JARs that were scanned but no TLDs were found in them. Skipping unneeded JARs during scanning can improve startup time and JSP compilation time.
10-Apr-2019 18:46:42.962 INFO [Catalina-utility-1] org.apache.catalina.core.StandardContext.reload Reloading Context with name [/clicker] is completed
10-Apr-2019 19:24:00.335 INFO [Catalina-utility-2] org.apache.catalina.core.StandardContext.reload Reloading Context with name [/clicker] has started
10-Apr-2019 19:24:00.592 INFO [Catalina-utility-2] org.apache.jasper.servlet.TldScanner.scanJars At least one JAR was scanned for TLDs yet contained no TLDs. Enable debug logging for this logger for a complete list of JARs that were scanned but no TLDs were found in them. Skipping unneeded JARs during scanning can improve startup time and JSP compilation time.
10-Apr-2019 19:24:00.592 INFO [Catalina-utility-2] org.apache.catalina.core.StandardContext.reload Reloading Context with name [/clicker] is completed
10-Apr-2019 19:40:22.954 INFO [Catalina-utility-1] org.apache.catalina.core.StandardContext.reload Reloading Context with name [/clicker] has started
10-Apr-2019 19:40:23.216 INFO [Catalina-utility-1] org.apache.jasper.servlet.TldScanner.scanJars At least one JAR was scanned for TLDs yet contained no TLDs. Enable debug logging for this logger for a complete list of JARs that were scanned but no TLDs were found in them. Skipping unneeded JARs during scanning can improve startup time and JSP compilation time.
10-Apr-2019 19:40:23.218 INFO [Catalina-utility-1] org.apache.catalina.core.StandardContext.reload Reloading Context with name [/clicker] is completed
10-Apr-2019 19:41:13.340 INFO [Catalina-utility-1] org.apache.catalina.core.StandardContext.reload Reloading Context with name [/clicker] has started
10-Apr-2019 19:41:13.574 INFO [Catalina-utility-1] org.apache.jasper.servlet.TldScanner.scanJars At least one JAR was scanned for TLDs yet contained no TLDs. Enable debug logging for this logger for a complete list of JARs that were scanned but no TLDs were found in them. Skipping unneeded JARs during scanning can improve startup time and JSP compilation time.
10-Apr-2019 19:41:13.574 INFO [Catalina-utility-1] org.apache.catalina.core.StandardContext.reload Reloading Context with name [/clicker] is completed
10-Apr-2019 19:41:43.638 INFO [Catalina-utility-1] org.apache.catalina.core.StandardContext.reload Reloading Context with name [/clicker] has started
10-Apr-2019 19:41:44.015 INFO [Catalina-utility-1] org.apache.jasper.servlet.TldScanner.scanJars At least one JAR was scanned for TLDs yet contained no TLDs. Enable debug logging for this logger for a complete list of JARs that were scanned but no TLDs were found in them. Skipping unneeded JARs during scanning can improve startup time and JSP compilation time.
10-Apr-2019 19:41:44.018 INFO [Catalina-utility-1] org.apache.catalina.core.StandardContext.reload Reloading Context with name [/clicker] is completed
10-Apr-2019 19:42:04.067 INFO [Catalina-utility-1] org.apache.catalina.core.StandardContext.reload Reloading Context with name [/clicker] has started
10-Apr-2019 19:42:04.292 INFO [Catalina-utility-1] org.apache.jasper.servlet.TldScanner.scanJars At least one JAR was scanned for TLDs yet contained no TLDs. Enable debug logging for this logger for a complete list of JARs that were scanned but no TLDs were found in them. Skipping unneeded JARs during scanning can improve startup time and JSP compilation time.
10-Apr-2019 19:42:04.295 INFO [Catalina-utility-1] org.apache.catalina.core.StandardContext.reload Reloading Context with name [/clicker] is completed
10-Apr-2019 19:44:24.483 INFO [Catalina-utility-1] org.apache.catalina.core.StandardContext.reload Reloading Context with name [/clicker] has started
10-Apr-2019 19:44:24.764 INFO [Catalina-utility-1] org.apache.jasper.servlet.TldScanner.scanJars At least one JAR was scanned for TLDs yet contained no TLDs. Enable debug logging for this logger for a complete list of JARs that were scanned but no TLDs were found in them. Skipping unneeded JARs during scanning can improve startup time and JSP compilation time.
10-Apr-2019 19:44:24.767 INFO [Catalina-utility-1] org.apache.catalina.core.StandardContext.reload Reloading Context with name [/clicker] is completed
10-Apr-2019 19:50:11.370 INFO [main] org.apache.catalina.core.StandardServer.await A valid shutdown command was received via the shutdown port. Stopping the Server instance.
10-Apr-2019 19:50:11.370 INFO [main] org.apache.coyote.AbstractProtocol.pause Pausing ProtocolHandler ["http-nio-9999"]
10-Apr-2019 19:50:11.455 INFO [main] org.apache.coyote.AbstractProtocol.pause Pausing ProtocolHandler ["ajp-nio-8009"]
10-Apr-2019 19:50:11.534 INFO [main] org.apache.catalina.core.StandardService.stopInternal Stopping service [Catalina]
10-Apr-2019 19:50:11.550 INFO [main] org.apache.coyote.AbstractProtocol.stop Stopping ProtocolHandler ["http-nio-9999"]
10-Apr-2019 19:50:11.550 INFO [main] org.apache.coyote.AbstractProtocol.stop Stopping ProtocolHandler ["ajp-nio-8009"]
10-Apr-2019 19:50:11.566 INFO [main] org.apache.coyote.AbstractProtocol.destroy Destroying ProtocolHandler ["http-nio-9999"]
10-Apr-2019 19:50:11.566 INFO [main] org.apache.coyote.AbstractProtocol.destroy Destroying ProtocolHandler ["ajp-nio-8009"]
