19-Mar-2019 10:19:45.716 INFO [main] org.apache.catalina.startup.VersionLoggerListener.log Server version name:   Apache Tomcat/9.0.16
19-Mar-2019 10:19:45.737 INFO [main] org.apache.catalina.startup.VersionLoggerListener.log Server built:          Feb 4 2019 16:30:29 UTC
19-Mar-2019 10:19:45.738 INFO [main] org.apache.catalina.startup.VersionLoggerListener.log Server version number: 9.0.16.0
19-Mar-2019 10:19:45.738 INFO [main] org.apache.catalina.startup.VersionLoggerListener.log OS Name:               Windows 10
19-Mar-2019 10:19:45.738 INFO [main] org.apache.catalina.startup.VersionLoggerListener.log OS Version:            10.0
19-Mar-2019 10:19:45.738 INFO [main] org.apache.catalina.startup.VersionLoggerListener.log Architecture:          amd64
19-Mar-2019 10:19:45.738 INFO [main] org.apache.catalina.startup.VersionLoggerListener.log Java Home:             C:\Program Files\Java\jdk-10.0.2
19-Mar-2019 10:19:45.738 INFO [main] org.apache.catalina.startup.VersionLoggerListener.log JVM Version:           10.0.2+13
19-Mar-2019 10:19:45.738 INFO [main] org.apache.catalina.startup.VersionLoggerListener.log JVM Vendor:            "Oracle Corporation"
19-Mar-2019 10:19:45.738 INFO [main] org.apache.catalina.startup.VersionLoggerListener.log CATALINA_BASE:         C:\Users\Nijamudeen\Desktop\im2073webproj\tomcat
19-Mar-2019 10:19:45.738 INFO [main] org.apache.catalina.startup.VersionLoggerListener.log CATALINA_HOME:         C:\Users\Nijamudeen\Desktop\im2073webproj\tomcat
19-Mar-2019 10:19:45.738 INFO [main] org.apache.catalina.startup.VersionLoggerListener.log Command line argument: --add-opens=java.base/java.lang=ALL-UNNAMED
19-Mar-2019 10:19:45.738 INFO [main] org.apache.catalina.startup.VersionLoggerListener.log Command line argument: --add-opens=java.base/java.io=ALL-UNNAMED
19-Mar-2019 10:19:45.738 INFO [main] org.apache.catalina.startup.VersionLoggerListener.log Command line argument: --add-opens=java.rmi/sun.rmi.transport=ALL-UNNAMED
19-Mar-2019 10:19:45.738 INFO [main] org.apache.catalina.startup.VersionLoggerListener.log Command line argument: -Djava.util.logging.config.file=C:\Users\Nijamudeen\Desktop\im2073webproj\tomcat\conf\logging.properties
19-Mar-2019 10:19:45.748 INFO [main] org.apache.catalina.startup.VersionLoggerListener.log Command line argument: -Djava.util.logging.manager=org.apache.juli.ClassLoaderLogManager
19-Mar-2019 10:19:45.748 INFO [main] org.apache.catalina.startup.VersionLoggerListener.log Command line argument: -Djdk.tls.ephemeralDHKeySize=2048
19-Mar-2019 10:19:45.749 INFO [main] org.apache.catalina.startup.VersionLoggerListener.log Command line argument: -Djava.protocol.handler.pkgs=org.apache.catalina.webresources
19-Mar-2019 10:19:45.749 INFO [main] org.apache.catalina.startup.VersionLoggerListener.log Command line argument: -Dignore.endorsed.dirs=
19-Mar-2019 10:19:45.750 INFO [main] org.apache.catalina.startup.VersionLoggerListener.log Command line argument: -Dcatalina.base=C:\Users\Nijamudeen\Desktop\im2073webproj\tomcat
19-Mar-2019 10:19:45.751 INFO [main] org.apache.catalina.startup.VersionLoggerListener.log Command line argument: -Dcatalina.home=C:\Users\Nijamudeen\Desktop\im2073webproj\tomcat
19-Mar-2019 10:19:45.751 INFO [main] org.apache.catalina.startup.VersionLoggerListener.log Command line argument: -Djava.io.tmpdir=C:\Users\Nijamudeen\Desktop\im2073webproj\tomcat\temp
19-Mar-2019 10:19:45.752 INFO [main] org.apache.catalina.core.AprLifecycleListener.lifecycleEvent The APR based Apache Tomcat Native library which allows optimal performance in production environments was not found on the java.library.path: [C:\Program Files\Java\jdk-10.0.2\bin;C:\WINDOWS\Sun\Java\bin;C:\WINDOWS\system32;C:\WINDOWS;C:\Program Files\Java\jdk-10.0.2\bin;C:\Program Files (x86)\Common Files\Oracle\Java\javapath;C:\Program Files (x86)\Intel\iCLS Client\;C:\Program Files\Intel\iCLS Client\;C:\WINDOWS\system32;C:\WINDOWS;C:\WINDOWS\System32\Wbem;C:\WINDOWS\System32\WindowsPowerShell\v1.0\;C:\Program Files (x86)\Intel\Intel(R) Management Engine Components\DAL;C:\Program Files\Intel\Intel(R) Management Engine Components\DAL;C:\Program Files (x86)\Intel\Intel(R) Management Engine Components\IPT;C:\Program Files\Intel\Intel(R) Management Engine Components\IPT;C:\WINDOWS\System32\OpenSSH\;C:\Program Files\Git\cmd;C:\TDM-GCC-64\bin;C:\Program Files\nodejs\;C:\Program Files\dotnet\;C:\Users\Nijamudeen\AppData\Local\Microsoft\WindowsApps;C:\Users\Nijamudeen\AppData\Roaming\npm;C:\Users\Nijamudeen\.dotnet\tools;C:\Users\Nijamudeen\AppData\Local\Programs\Microsoft VS Code\bin;.]
19-Mar-2019 10:19:45.869 INFO [main] org.apache.coyote.AbstractProtocol.init Initializing ProtocolHandler ["http-nio-9999"]
19-Mar-2019 10:19:46.197 INFO [main] org.apache.coyote.AbstractProtocol.init Initializing ProtocolHandler ["ajp-nio-8009"]
19-Mar-2019 10:19:46.199 INFO [main] org.apache.catalina.startup.Catalina.load Server initialization in [1,622] milliseconds
19-Mar-2019 10:19:46.326 INFO [main] org.apache.catalina.core.StandardService.startInternal Starting service [Catalina]
19-Mar-2019 10:19:46.340 INFO [main] org.apache.catalina.core.StandardEngine.startInternal Starting Servlet engine: [Apache Tomcat/9.0.16]
19-Mar-2019 10:19:46.364 INFO [main] org.apache.catalina.startup.HostConfig.deployDirectory Deploying web application directory [C:\Users\Nijamudeen\Desktop\im2073webproj\tomcat\webapps\docs]
19-Mar-2019 10:19:47.817 INFO [main] org.apache.jasper.servlet.TldScanner.scanJars At least one JAR was scanned for TLDs yet contained no TLDs. Enable debug logging for this logger for a complete list of JARs that were scanned but no TLDs were found in them. Skipping unneeded JARs during scanning can improve startup time and JSP compilation time.
19-Mar-2019 10:19:48.028 WARNING [main] org.apache.catalina.util.SessionIdGeneratorBase.createSecureRandom Creation of SecureRandom instance for session ID generation using [SHA1PRNG] took [163] milliseconds.
19-Mar-2019 10:19:48.059 INFO [main] org.apache.catalina.startup.HostConfig.deployDirectory Deployment of web application directory [C:\Users\Nijamudeen\Desktop\im2073webproj\tomcat\webapps\docs] has finished in [1,695] ms
19-Mar-2019 10:19:48.062 INFO [main] org.apache.catalina.startup.HostConfig.deployDirectory Deploying web application directory [C:\Users\Nijamudeen\Desktop\im2073webproj\tomcat\webapps\examples]
19-Mar-2019 10:19:50.862 INFO [main] org.apache.jasper.servlet.TldScanner.scanJars At least one JAR was scanned for TLDs yet contained no TLDs. Enable debug logging for this logger for a complete list of JARs that were scanned but no TLDs were found in them. Skipping unneeded JARs during scanning can improve startup time and JSP compilation time.
19-Mar-2019 10:19:50.985 INFO [main] org.apache.catalina.startup.HostConfig.deployDirectory Deployment of web application directory [C:\Users\Nijamudeen\Desktop\im2073webproj\tomcat\webapps\examples] has finished in [2,923] ms
19-Mar-2019 10:19:50.990 INFO [main] org.apache.catalina.startup.HostConfig.deployDirectory Deploying web application directory [C:\Users\Nijamudeen\Desktop\im2073webproj\tomcat\webapps\figshop]
19-Mar-2019 10:19:51.494 INFO [main] org.apache.jasper.servlet.TldScanner.scanJars At least one JAR was scanned for TLDs yet contained no TLDs. Enable debug logging for this logger for a complete list of JARs that were scanned but no TLDs were found in them. Skipping unneeded JARs during scanning can improve startup time and JSP compilation time.
19-Mar-2019 10:19:51.518 INFO [main] org.apache.catalina.startup.HostConfig.deployDirectory Deployment of web application directory [C:\Users\Nijamudeen\Desktop\im2073webproj\tomcat\webapps\figshop] has finished in [528] ms
19-Mar-2019 10:19:51.519 INFO [main] org.apache.catalina.startup.HostConfig.deployDirectory Deploying web application directory [C:\Users\Nijamudeen\Desktop\im2073webproj\tomcat\webapps\host-manager]
19-Mar-2019 10:19:52.175 INFO [main] org.apache.jasper.servlet.TldScanner.scanJars At least one JAR was scanned for TLDs yet contained no TLDs. Enable debug logging for this logger for a complete list of JARs that were scanned but no TLDs were found in them. Skipping unneeded JARs during scanning can improve startup time and JSP compilation time.
19-Mar-2019 10:19:52.186 INFO [main] org.apache.catalina.startup.HostConfig.deployDirectory Deployment of web application directory [C:\Users\Nijamudeen\Desktop\im2073webproj\tomcat\webapps\host-manager] has finished in [667] ms
19-Mar-2019 10:19:52.195 INFO [main] org.apache.catalina.startup.HostConfig.deployDirectory Deploying web application directory [C:\Users\Nijamudeen\Desktop\im2073webproj\tomcat\webapps\manager]
19-Mar-2019 10:19:52.813 INFO [main] org.apache.jasper.servlet.TldScanner.scanJars At least one JAR was scanned for TLDs yet contained no TLDs. Enable debug logging for this logger for a complete list of JARs that were scanned but no TLDs were found in them. Skipping unneeded JARs during scanning can improve startup time and JSP compilation time.
19-Mar-2019 10:19:52.827 INFO [main] org.apache.catalina.startup.HostConfig.deployDirectory Deployment of web application directory [C:\Users\Nijamudeen\Desktop\im2073webproj\tomcat\webapps\manager] has finished in [632] ms
19-Mar-2019 10:19:52.829 INFO [main] org.apache.catalina.startup.HostConfig.deployDirectory Deploying web application directory [C:\Users\Nijamudeen\Desktop\im2073webproj\tomcat\webapps\ROOT]
19-Mar-2019 10:19:53.389 INFO [main] org.apache.jasper.servlet.TldScanner.scanJars At least one JAR was scanned for TLDs yet contained no TLDs. Enable debug logging for this logger for a complete list of JARs that were scanned but no TLDs were found in them. Skipping unneeded JARs during scanning can improve startup time and JSP compilation time.
19-Mar-2019 10:19:53.399 INFO [main] org.apache.catalina.startup.HostConfig.deployDirectory Deployment of web application directory [C:\Users\Nijamudeen\Desktop\im2073webproj\tomcat\webapps\ROOT] has finished in [570] ms
19-Mar-2019 10:19:53.402 INFO [main] org.apache.coyote.AbstractProtocol.start Starting ProtocolHandler ["http-nio-9999"]
19-Mar-2019 10:19:53.421 INFO [main] org.apache.coyote.AbstractProtocol.start Starting ProtocolHandler ["ajp-nio-8009"]
19-Mar-2019 10:19:53.431 INFO [main] org.apache.catalina.startup.Catalina.start Server startup in [7,225] milliseconds
19-Mar-2019 10:23:15.189 INFO [Catalina-utility-1] org.apache.catalina.core.StandardContext.reload Reloading Context with name [/figshop] has started
19-Mar-2019 10:23:15.862 INFO [Catalina-utility-1] org.apache.jasper.servlet.TldScanner.scanJars At least one JAR was scanned for TLDs yet contained no TLDs. Enable debug logging for this logger for a complete list of JARs that were scanned but no TLDs were found in them. Skipping unneeded JARs during scanning can improve startup time and JSP compilation time.
19-Mar-2019 10:23:15.868 INFO [Catalina-utility-1] org.apache.catalina.core.StandardContext.reload Reloading Context with name [/figshop] is completed
19-Mar-2019 10:23:56.115 INFO [Catalina-utility-2] org.apache.catalina.core.StandardContext.reload Reloading Context with name [/figshop] has started
19-Mar-2019 10:23:56.663 INFO [Catalina-utility-2] org.apache.jasper.servlet.TldScanner.scanJars At least one JAR was scanned for TLDs yet contained no TLDs. Enable debug logging for this logger for a complete list of JARs that were scanned but no TLDs were found in them. Skipping unneeded JARs during scanning can improve startup time and JSP compilation time.
19-Mar-2019 10:23:56.670 INFO [Catalina-utility-2] org.apache.catalina.core.StandardContext.reload Reloading Context with name [/figshop] is completed
19-Mar-2019 10:25:37.300 INFO [Catalina-utility-2] org.apache.catalina.core.StandardContext.reload Reloading Context with name [/figshop] has started
19-Mar-2019 10:25:37.911 INFO [Catalina-utility-2] org.apache.jasper.servlet.TldScanner.scanJars At least one JAR was scanned for TLDs yet contained no TLDs. Enable debug logging for this logger for a complete list of JARs that were scanned but no TLDs were found in them. Skipping unneeded JARs during scanning can improve startup time and JSP compilation time.
19-Mar-2019 10:25:37.921 INFO [Catalina-utility-2] org.apache.catalina.core.StandardContext.reload Reloading Context with name [/figshop] is completed
19-Mar-2019 10:26:58.343 INFO [Catalina-utility-2] org.apache.catalina.core.StandardContext.reload Reloading Context with name [/figshop] has started
19-Mar-2019 10:26:58.960 INFO [Catalina-utility-2] org.apache.jasper.servlet.TldScanner.scanJars At least one JAR was scanned for TLDs yet contained no TLDs. Enable debug logging for this logger for a complete list of JARs that were scanned but no TLDs were found in them. Skipping unneeded JARs during scanning can improve startup time and JSP compilation time.
19-Mar-2019 10:26:58.964 INFO [Catalina-utility-2] org.apache.catalina.core.StandardContext.reload Reloading Context with name [/figshop] is completed
19-Mar-2019 10:27:39.125 INFO [Catalina-utility-2] org.apache.catalina.core.StandardContext.reload Reloading Context with name [/figshop] has started
19-Mar-2019 10:27:39.652 INFO [Catalina-utility-2] org.apache.jasper.servlet.TldScanner.scanJars At least one JAR was scanned for TLDs yet contained no TLDs. Enable debug logging for this logger for a complete list of JARs that were scanned but no TLDs were found in them. Skipping unneeded JARs during scanning can improve startup time and JSP compilation time.
19-Mar-2019 10:27:39.655 INFO [Catalina-utility-2] org.apache.catalina.core.StandardContext.reload Reloading Context with name [/figshop] is completed
19-Mar-2019 10:27:59.818 INFO [Catalina-utility-1] org.apache.catalina.core.StandardContext.reload Reloading Context with name [/figshop] has started
19-Mar-2019 10:28:00.300 INFO [Catalina-utility-1] org.apache.jasper.servlet.TldScanner.scanJars At least one JAR was scanned for TLDs yet contained no TLDs. Enable debug logging for this logger for a complete list of JARs that were scanned but no TLDs were found in them. Skipping unneeded JARs during scanning can improve startup time and JSP compilation time.
19-Mar-2019 10:28:00.302 INFO [Catalina-utility-1] org.apache.catalina.core.StandardContext.reload Reloading Context with name [/figshop] is completed
19-Mar-2019 10:28:20.486 INFO [Catalina-utility-2] org.apache.catalina.core.StandardContext.reload Reloading Context with name [/figshop] has started
19-Mar-2019 10:28:21.132 INFO [Catalina-utility-2] org.apache.jasper.servlet.TldScanner.scanJars At least one JAR was scanned for TLDs yet contained no TLDs. Enable debug logging for this logger for a complete list of JARs that were scanned but no TLDs were found in them. Skipping unneeded JARs during scanning can improve startup time and JSP compilation time.
19-Mar-2019 10:28:21.135 INFO [Catalina-utility-2] org.apache.catalina.core.StandardContext.reload Reloading Context with name [/figshop] is completed
19-Mar-2019 10:30:32.813 INFO [Catalina-utility-2] org.apache.catalina.core.StandardContext.reload Reloading Context with name [/figshop] has started
19-Mar-2019 10:30:33.302 INFO [Catalina-utility-2] org.apache.jasper.servlet.TldScanner.scanJars At least one JAR was scanned for TLDs yet contained no TLDs. Enable debug logging for this logger for a complete list of JARs that were scanned but no TLDs were found in them. Skipping unneeded JARs during scanning can improve startup time and JSP compilation time.
19-Mar-2019 10:30:33.306 INFO [Catalina-utility-2] org.apache.catalina.core.StandardContext.reload Reloading Context with name [/figshop] is completed
19-Mar-2019 10:53:10.198 INFO [Catalina-utility-1] org.apache.catalina.core.StandardContext.reload Reloading Context with name [/figshop] has started
19-Mar-2019 10:53:10.717 INFO [Catalina-utility-1] org.apache.jasper.servlet.TldScanner.scanJars At least one JAR was scanned for TLDs yet contained no TLDs. Enable debug logging for this logger for a complete list of JARs that were scanned but no TLDs were found in them. Skipping unneeded JARs during scanning can improve startup time and JSP compilation time.
19-Mar-2019 10:53:10.734 INFO [Catalina-utility-1] org.apache.catalina.core.StandardContext.reload Reloading Context with name [/figshop] is completed
19-Mar-2019 10:53:40.846 INFO [Catalina-utility-2] org.apache.catalina.core.StandardContext.reload Reloading Context with name [/figshop] has started
19-Mar-2019 10:53:41.335 INFO [Catalina-utility-2] org.apache.jasper.servlet.TldScanner.scanJars At least one JAR was scanned for TLDs yet contained no TLDs. Enable debug logging for this logger for a complete list of JARs that were scanned but no TLDs were found in them. Skipping unneeded JARs during scanning can improve startup time and JSP compilation time.
19-Mar-2019 10:53:41.349 INFO [Catalina-utility-2] org.apache.catalina.core.StandardContext.reload Reloading Context with name [/figshop] is completed
19-Mar-2019 10:54:11.471 INFO [Catalina-utility-1] org.apache.catalina.core.StandardContext.reload Reloading Context with name [/figshop] has started
19-Mar-2019 10:54:11.997 INFO [Catalina-utility-1] org.apache.jasper.servlet.TldScanner.scanJars At least one JAR was scanned for TLDs yet contained no TLDs. Enable debug logging for this logger for a complete list of JARs that were scanned but no TLDs were found in them. Skipping unneeded JARs during scanning can improve startup time and JSP compilation time.
19-Mar-2019 10:54:11.999 INFO [Catalina-utility-1] org.apache.catalina.core.StandardContext.reload Reloading Context with name [/figshop] is completed
19-Mar-2019 11:14:47.917 INFO [Catalina-utility-1] org.apache.catalina.core.StandardContext.reload Reloading Context with name [/figshop] has started
19-Mar-2019 11:14:48.404 INFO [Catalina-utility-1] org.apache.jasper.servlet.TldScanner.scanJars At least one JAR was scanned for TLDs yet contained no TLDs. Enable debug logging for this logger for a complete list of JARs that were scanned but no TLDs were found in them. Skipping unneeded JARs during scanning can improve startup time and JSP compilation time.
19-Mar-2019 11:14:48.416 INFO [Catalina-utility-1] org.apache.catalina.core.StandardContext.reload Reloading Context with name [/figshop] is completed
19-Mar-2019 11:18:59.588 INFO [Catalina-utility-2] org.apache.catalina.startup.HostConfig.reload Reloading context [/figshop]
19-Mar-2019 11:18:59.589 INFO [Catalina-utility-2] org.apache.catalina.core.StandardContext.reload Reloading Context with name [/figshop] has started
19-Mar-2019 11:19:00.242 INFO [Catalina-utility-2] org.apache.jasper.servlet.TldScanner.scanJars At least one JAR was scanned for TLDs yet contained no TLDs. Enable debug logging for this logger for a complete list of JARs that were scanned but no TLDs were found in them. Skipping unneeded JARs during scanning can improve startup time and JSP compilation time.
19-Mar-2019 11:19:00.248 INFO [Catalina-utility-2] org.apache.catalina.core.StandardContext.reload Reloading Context with name [/figshop] is completed
19-Mar-2019 11:21:50.998 INFO [Catalina-utility-2] org.apache.catalina.core.StandardContext.reload Reloading Context with name [/figshop] has started
19-Mar-2019 11:21:51.422 INFO [Catalina-utility-2] org.apache.jasper.servlet.TldScanner.scanJars At least one JAR was scanned for TLDs yet contained no TLDs. Enable debug logging for this logger for a complete list of JARs that were scanned but no TLDs were found in them. Skipping unneeded JARs during scanning can improve startup time and JSP compilation time.
19-Mar-2019 11:21:51.428 INFO [Catalina-utility-2] org.apache.catalina.core.StandardContext.reload Reloading Context with name [/figshop] is completed
19-Mar-2019 11:22:41.706 INFO [Catalina-utility-2] org.apache.catalina.core.StandardContext.reload Reloading Context with name [/figshop] has started
19-Mar-2019 11:22:42.233 INFO [Catalina-utility-2] org.apache.jasper.servlet.TldScanner.scanJars At least one JAR was scanned for TLDs yet contained no TLDs. Enable debug logging for this logger for a complete list of JARs that were scanned but no TLDs were found in them. Skipping unneeded JARs during scanning can improve startup time and JSP compilation time.
19-Mar-2019 11:22:42.236 INFO [Catalina-utility-2] org.apache.catalina.core.StandardContext.reload Reloading Context with name [/figshop] is completed
19-Mar-2019 11:24:12.719 INFO [Catalina-utility-1] org.apache.catalina.core.StandardContext.reload Reloading Context with name [/figshop] has started
19-Mar-2019 11:24:13.239 INFO [Catalina-utility-1] org.apache.jasper.servlet.TldScanner.scanJars At least one JAR was scanned for TLDs yet contained no TLDs. Enable debug logging for this logger for a complete list of JARs that were scanned but no TLDs were found in them. Skipping unneeded JARs during scanning can improve startup time and JSP compilation time.
19-Mar-2019 11:24:13.241 INFO [Catalina-utility-1] org.apache.catalina.core.StandardContext.reload Reloading Context with name [/figshop] is completed
19-Mar-2019 11:25:23.573 INFO [Catalina-utility-1] org.apache.catalina.core.StandardContext.reload Reloading Context with name [/figshop] has started
19-Mar-2019 11:25:24.040 INFO [Catalina-utility-1] org.apache.jasper.servlet.TldScanner.scanJars At least one JAR was scanned for TLDs yet contained no TLDs. Enable debug logging for this logger for a complete list of JARs that were scanned but no TLDs were found in them. Skipping unneeded JARs during scanning can improve startup time and JSP compilation time.
19-Mar-2019 11:25:24.049 INFO [Catalina-utility-1] org.apache.catalina.core.StandardContext.reload Reloading Context with name [/figshop] is completed
19-Mar-2019 14:39:28.855 INFO [Catalina-utility-2] org.apache.catalina.core.StandardContext.reload Reloading Context with name [/figshop] has started
19-Mar-2019 14:39:29.086 INFO [Catalina-utility-2] org.apache.jasper.servlet.TldScanner.scanJars At least one JAR was scanned for TLDs yet contained no TLDs. Enable debug logging for this logger for a complete list of JARs that were scanned but no TLDs were found in them. Skipping unneeded JARs during scanning can improve startup time and JSP compilation time.
19-Mar-2019 14:39:29.086 INFO [Catalina-utility-2] org.apache.catalina.core.StandardContext.reload Reloading Context with name [/figshop] is completed
19-Mar-2019 14:40:49.281 INFO [Catalina-utility-2] org.apache.catalina.core.StandardContext.reload Reloading Context with name [/figshop] has started
19-Mar-2019 14:40:49.566 INFO [Catalina-utility-2] org.apache.jasper.servlet.TldScanner.scanJars At least one JAR was scanned for TLDs yet contained no TLDs. Enable debug logging for this logger for a complete list of JARs that were scanned but no TLDs were found in them. Skipping unneeded JARs during scanning can improve startup time and JSP compilation time.
19-Mar-2019 14:40:49.571 INFO [Catalina-utility-2] org.apache.catalina.core.StandardContext.reload Reloading Context with name [/figshop] is completed
19-Mar-2019 14:41:29.706 INFO [Catalina-utility-1] org.apache.catalina.core.StandardContext.reload Reloading Context with name [/figshop] has started
19-Mar-2019 14:41:29.960 INFO [Catalina-utility-1] org.apache.jasper.servlet.TldScanner.scanJars At least one JAR was scanned for TLDs yet contained no TLDs. Enable debug logging for this logger for a complete list of JARs that were scanned but no TLDs were found in them. Skipping unneeded JARs during scanning can improve startup time and JSP compilation time.
19-Mar-2019 14:41:29.976 INFO [Catalina-utility-1] org.apache.catalina.core.StandardContext.reload Reloading Context with name [/figshop] is completed
