05-Apr-2019 18:03:25.149 INFO [main] org.apache.catalina.core.ApplicationContext.log ContextListener: contextInitialized()
05-Apr-2019 18:03:25.149 INFO [main] org.apache.catalina.core.ApplicationContext.log SessionListener: contextInitialized()
05-Apr-2019 18:03:25.153 INFO [main] org.apache.catalina.core.ApplicationContext.log ContextListener: attributeAdded('StockTicker', 'async.Stockticker@3c770db4')
05-Apr-2019 18:19:08.543 INFO [Catalina-utility-2] org.apache.catalina.core.ApplicationContext.log SessionListener: contextDestroyed()
05-Apr-2019 18:19:08.543 INFO [Catalina-utility-2] org.apache.catalina.core.ApplicationContext.log ContextListener: contextDestroyed()
05-Apr-2019 18:19:09.798 INFO [Catalina-utility-2] org.apache.catalina.core.ApplicationContext.log ContextListener: contextInitialized()
05-Apr-2019 18:19:09.798 INFO [Catalina-utility-2] org.apache.catalina.core.ApplicationContext.log SessionListener: contextInitialized()
05-Apr-2019 18:19:09.800 INFO [Catalina-utility-2] org.apache.catalina.core.ApplicationContext.log ContextListener: attributeAdded('StockTicker', 'async.Stockticker@2a99f1b9')
05-Apr-2019 18:19:40.546 INFO [main] org.apache.catalina.core.ApplicationContext.log ContextListener: contextInitialized()
05-Apr-2019 18:19:40.546 INFO [main] org.apache.catalina.core.ApplicationContext.log SessionListener: contextInitialized()
05-Apr-2019 18:19:40.548 INFO [main] org.apache.catalina.core.ApplicationContext.log ContextListener: attributeAdded('StockTicker', 'async.Stockticker@7126e26')
05-Apr-2019 18:19:41.867 INFO [main] org.apache.catalina.core.ApplicationContext.log SessionListener: contextDestroyed()
05-Apr-2019 18:19:41.868 INFO [main] org.apache.catalina.core.ApplicationContext.log ContextListener: contextDestroyed()
05-Apr-2019 18:21:02.220 INFO [main] org.apache.catalina.core.ApplicationContext.log ContextListener: contextInitialized()
05-Apr-2019 18:21:02.220 INFO [main] org.apache.catalina.core.ApplicationContext.log SessionListener: contextInitialized()
05-Apr-2019 18:21:02.222 INFO [main] org.apache.catalina.core.ApplicationContext.log ContextListener: attributeAdded('StockTicker', 'async.Stockticker@11d2dd2d')
05-Apr-2019 18:21:03.600 INFO [main] org.apache.catalina.core.ApplicationContext.log SessionListener: contextDestroyed()
05-Apr-2019 18:21:03.601 INFO [main] org.apache.catalina.core.ApplicationContext.log ContextListener: contextDestroyed()
05-Apr-2019 19:31:39.032 INFO [Thread-4] org.apache.catalina.core.ApplicationContext.log SessionListener: contextDestroyed()
05-Apr-2019 19:31:39.032 INFO [Thread-4] org.apache.catalina.core.ApplicationContext.log ContextListener: contextDestroyed()
05-Apr-2019 20:36:04.093 INFO [main] org.apache.catalina.core.ApplicationContext.log ContextListener: contextInitialized()
05-Apr-2019 20:36:04.093 INFO [main] org.apache.catalina.core.ApplicationContext.log SessionListener: contextInitialized()
05-Apr-2019 20:36:04.095 INFO [main] org.apache.catalina.core.ApplicationContext.log ContextListener: attributeAdded('StockTicker', 'async.Stockticker@3e046e39')
05-Apr-2019 20:36:12.925 INFO [main] org.apache.catalina.core.ApplicationContext.log SessionListener: contextDestroyed()
05-Apr-2019 20:36:12.925 INFO [main] org.apache.catalina.core.ApplicationContext.log ContextListener: contextDestroyed()
05-Apr-2019 20:36:21.568 INFO [main] org.apache.catalina.core.ApplicationContext.log ContextListener: contextInitialized()
05-Apr-2019 20:36:21.568 INFO [main] org.apache.catalina.core.ApplicationContext.log SessionListener: contextInitialized()
05-Apr-2019 20:36:21.570 INFO [main] org.apache.catalina.core.ApplicationContext.log ContextListener: attributeAdded('StockTicker', 'async.Stockticker@3e046e39')
05-Apr-2019 21:05:09.789 INFO [main] org.apache.catalina.core.ApplicationContext.log SessionListener: contextDestroyed()
05-Apr-2019 21:05:09.789 INFO [main] org.apache.catalina.core.ApplicationContext.log ContextListener: contextDestroyed()
05-Apr-2019 21:05:20.375 INFO [main] org.apache.catalina.core.ApplicationContext.log ContextListener: contextInitialized()
05-Apr-2019 21:05:20.375 INFO [main] org.apache.catalina.core.ApplicationContext.log SessionListener: contextInitialized()
05-Apr-2019 21:05:20.377 INFO [main] org.apache.catalina.core.ApplicationContext.log ContextListener: attributeAdded('StockTicker', 'async.Stockticker@1f736d00')
05-Apr-2019 21:06:29.495 INFO [main] org.apache.catalina.core.ApplicationContext.log SessionListener: contextDestroyed()
05-Apr-2019 21:06:29.495 INFO [main] org.apache.catalina.core.ApplicationContext.log ContextListener: contextDestroyed()
05-Apr-2019 21:06:34.152 INFO [main] org.apache.catalina.core.ApplicationContext.log ContextListener: contextInitialized()
05-Apr-2019 21:06:34.152 INFO [main] org.apache.catalina.core.ApplicationContext.log SessionListener: contextInitialized()
05-Apr-2019 21:06:34.154 INFO [main] org.apache.catalina.core.ApplicationContext.log ContextListener: attributeAdded('StockTicker', 'async.Stockticker@3e046e39')
05-Apr-2019 22:03:34.628 INFO [main] org.apache.catalina.core.ApplicationContext.log SessionListener: contextDestroyed()
05-Apr-2019 22:03:34.628 INFO [main] org.apache.catalina.core.ApplicationContext.log ContextListener: contextDestroyed()
