15-Apr-2019 18:15:28.565 INFO [main] org.apache.catalina.core.ApplicationContext.log ContextListener: contextInitialized()
15-Apr-2019 18:15:28.565 INFO [main] org.apache.catalina.core.ApplicationContext.log SessionListener: contextInitialized()
15-Apr-2019 18:15:28.565 INFO [main] org.apache.catalina.core.ApplicationContext.log ContextListener: attributeAdded('StockTicker', 'async.Stockticker@61cda923')
15-Apr-2019 19:06:58.565 INFO [main] org.apache.catalina.core.ApplicationContext.log SessionListener: contextDestroyed()
15-Apr-2019 19:06:58.565 INFO [main] org.apache.catalina.core.ApplicationContext.log ContextListener: contextDestroyed()
15-Apr-2019 19:07:05.632 INFO [main] org.apache.catalina.core.ApplicationContext.log ContextListener: contextInitialized()
15-Apr-2019 19:07:05.632 INFO [main] org.apache.catalina.core.ApplicationContext.log SessionListener: contextInitialized()
15-Apr-2019 19:07:05.632 INFO [main] org.apache.catalina.core.ApplicationContext.log ContextListener: attributeAdded('StockTicker', 'async.Stockticker@7f0b93b4')
15-Apr-2019 19:52:38.135 INFO [main] org.apache.catalina.core.ApplicationContext.log SessionListener: contextDestroyed()
15-Apr-2019 19:52:38.135 INFO [main] org.apache.catalina.core.ApplicationContext.log ContextListener: contextDestroyed()
15-Apr-2019 19:55:24.388 INFO [main] org.apache.catalina.core.ApplicationContext.log ContextListener: contextInitialized()
15-Apr-2019 19:55:24.388 INFO [main] org.apache.catalina.core.ApplicationContext.log SessionListener: contextInitialized()
15-Apr-2019 19:55:24.388 INFO [main] org.apache.catalina.core.ApplicationContext.log ContextListener: attributeAdded('StockTicker', 'async.Stockticker@61cda923')
15-Apr-2019 20:21:06.333 INFO [main] org.apache.catalina.core.ApplicationContext.log SessionListener: contextDestroyed()
15-Apr-2019 20:21:06.333 INFO [main] org.apache.catalina.core.ApplicationContext.log ContextListener: contextDestroyed()
15-Apr-2019 20:21:12.154 INFO [main] org.apache.catalina.core.ApplicationContext.log ContextListener: contextInitialized()
15-Apr-2019 20:21:12.154 INFO [main] org.apache.catalina.core.ApplicationContext.log SessionListener: contextInitialized()
15-Apr-2019 20:21:12.156 INFO [main] org.apache.catalina.core.ApplicationContext.log ContextListener: attributeAdded('StockTicker', 'async.Stockticker@718fd7c1')
15-Apr-2019 21:40:17.549 INFO [main] org.apache.catalina.core.ApplicationContext.log SessionListener: contextDestroyed()
15-Apr-2019 21:40:17.549 INFO [main] org.apache.catalina.core.ApplicationContext.log ContextListener: contextDestroyed()
