15-Mar-2019 17:56:09.269 INFO [main] org.apache.catalina.core.ApplicationContext.log ContextListener: contextInitialized()
15-Mar-2019 17:56:09.269 INFO [main] org.apache.catalina.core.ApplicationContext.log SessionListener: contextInitialized()
15-Mar-2019 17:56:09.269 INFO [main] org.apache.catalina.core.ApplicationContext.log ContextListener: attributeAdded('StockTicker', 'async.Stockticker@57f847af')
15-Mar-2019 18:04:12.610 INFO [Catalina-utility-1] org.apache.catalina.core.ApplicationContext.log SessionListener: contextDestroyed()
15-Mar-2019 18:04:12.610 INFO [Catalina-utility-1] org.apache.catalina.core.ApplicationContext.log ContextListener: contextDestroyed()
15-Mar-2019 18:04:14.560 INFO [Catalina-utility-1] org.apache.catalina.core.ApplicationContext.log ContextListener: contextInitialized()
15-Mar-2019 18:04:14.560 INFO [Catalina-utility-1] org.apache.catalina.core.ApplicationContext.log SessionListener: contextInitialized()
15-Mar-2019 18:04:14.561 INFO [Catalina-utility-1] org.apache.catalina.core.ApplicationContext.log ContextListener: attributeAdded('StockTicker', 'async.Stockticker@306b5551')
15-Mar-2019 19:28:13.462 INFO [Thread-4] org.apache.catalina.core.ApplicationContext.log SessionListener: contextDestroyed()
15-Mar-2019 19:28:13.462 INFO [Thread-4] org.apache.catalina.core.ApplicationContext.log ContextListener: contextDestroyed()
15-Mar-2019 19:43:16.582 INFO [main] org.apache.catalina.core.ApplicationContext.log ContextListener: contextInitialized()
15-Mar-2019 19:43:16.582 INFO [main] org.apache.catalina.core.ApplicationContext.log SessionListener: contextInitialized()
15-Mar-2019 19:43:16.582 INFO [main] org.apache.catalina.core.ApplicationContext.log ContextListener: attributeAdded('StockTicker', 'async.Stockticker@6b6b3572')
15-Mar-2019 20:04:02.115 INFO [main] org.apache.catalina.core.ApplicationContext.log SessionListener: contextDestroyed()
15-Mar-2019 20:04:02.115 INFO [main] org.apache.catalina.core.ApplicationContext.log ContextListener: contextDestroyed()
15-Mar-2019 20:04:10.132 INFO [main] org.apache.catalina.core.ApplicationContext.log ContextListener: contextInitialized()
15-Mar-2019 20:04:10.132 INFO [main] org.apache.catalina.core.ApplicationContext.log SessionListener: contextInitialized()
15-Mar-2019 20:04:10.132 INFO [main] org.apache.catalina.core.ApplicationContext.log ContextListener: attributeAdded('StockTicker', 'async.Stockticker@303f1234')
15-Mar-2019 20:38:40.874 INFO [main] org.apache.catalina.core.ApplicationContext.log SessionListener: contextDestroyed()
15-Mar-2019 20:38:40.874 INFO [main] org.apache.catalina.core.ApplicationContext.log ContextListener: contextDestroyed()
15-Mar-2019 20:38:45.750 INFO [main] org.apache.catalina.core.ApplicationContext.log ContextListener: contextInitialized()
15-Mar-2019 20:38:45.750 INFO [main] org.apache.catalina.core.ApplicationContext.log SessionListener: contextInitialized()
15-Mar-2019 20:38:45.766 INFO [main] org.apache.catalina.core.ApplicationContext.log ContextListener: attributeAdded('StockTicker', 'async.Stockticker@7ad1caa2')
15-Mar-2019 21:41:37.573 INFO [Thread-4] org.apache.catalina.core.ApplicationContext.log SessionListener: contextDestroyed()
15-Mar-2019 21:41:37.574 INFO [Thread-4] org.apache.catalina.core.ApplicationContext.log ContextListener: contextDestroyed()
